#
# There is insufficient memory for the Java Runtime Environment to continue.
# Native memory allocation (malloc) failed to allocate 1075216 bytes for Chunk::new
# Possible reasons:
#   The system is out of physical RAM or swap space
#   The process is running with CompressedOops enabled, and the Java Heap may be blocking the growth of the native heap
# Possible solutions:
#   Reduce memory load on the system
#   Increase physical memory or swap space
#   Check if swap backing store is full
#   Decrease Java heap size (-Xmx/-Xms)
#   Decrease number of Java threads
#   Decrease Java thread stack sizes (-Xss)
#   Set larger code cache with -XX:ReservedCodeCacheSize=
#   JVM is running with Unscaled Compressed Oops mode in which the Java heap is
#     placed in the first 4GB address space. The Java Heap base address is the
#     maximum limit for the native heap growth. Please use -XX:HeapBaseMinAddress
#     to set the Java Heap base and to place the Java Heap above 4GB virtual address.
# This output file may be truncated or incomplete.
#
#  Out of Memory Error (arena.cpp:168), pid=15216, tid=10312
#
# JRE version: Java(TM) SE Runtime Environment (21.0.2+13) (build 21.0.2+13-LTS-58)
# Java VM: Java HotSpot(TM) 64-Bit Server VM (21.0.2+13-LTS-58, mixed mode, sharing, tiered, compressed oops, compressed class ptrs, g1 gc, windows-amd64)
# No core dump will be written. Minidumps are not enabled by default on client versions of Windows
#

---------------  S U M M A R Y ------------

Command Line: -Dclassworlds.conf=C:\Program Files\NetBeans-20\netbeans\java\maven\bin\m2.conf -Dmaven.home=C:\Program Files\NetBeans-20\netbeans\java\maven -Dlibrary.jansi.path=C:\Program Files\NetBeans-20\netbeans\java\maven\lib\jansi-native -Dmaven.multiModuleProjectDirectory=C:\Users\leona\OneDrive\Documentos\NetBeansProjects\JAVA_FRONT_END_DESKTOP_PDV org.codehaus.plexus.classworlds.launcher.Launcher -Dexec.vmArgs= -Dexec.args=${exec.vmArgs} -classpath %classpath ${exec.mainClass} ${exec.appArgs} -Dexec.appArgs= -Dexec.mainClass=projeto.unipar.java_front_end_desktop_pdv.View.Retaguarda -Dexec.executable=C:\Program Files\Java\jdk-21\bin\java.exe -Dmaven.ext.class.path=C:\Program Files\NetBeans-20\netbeans\java\maven-nblib\netbeans-eventspy.jar --no-transfer-progress process-classes org.codehaus.mojo:exec-maven-plugin:3.1.0:exec

Host: Intel(R) Core(TM) i5-4210U CPU @ 1.70GHz, 4 cores, 3G,  Windows 10 , 64 bit Build 19041 (10.0.19041.3636)
Time: Fri May 31 22:36:37 2024 Hora oficial do Brasil elapsed time: 5.325577 seconds (0d 0h 0m 5s)

---------------  T H R E A D  ---------------

Current thread (0x000001ac194d3bd0):  JavaThread "C2 CompilerThread0" daemon [_thread_in_native, id=10312, stack(0x000000236fa00000,0x000000236fb00000) (1024K)]


Current CompileTask:
C2:   5325 2783   !   4       java.net.URL::<init> (543 bytes)

Stack: [0x000000236fa00000,0x000000236fb00000]
Native frames: (J=compiled Java code, j=interpreted, Vv=VM code, C=native code)
V  [jvm.dll+0x6cade9]
V  [jvm.dll+0x8569c1]
V  [jvm.dll+0x858d2e]
V  [jvm.dll+0x859413]
V  [jvm.dll+0x280e56]
V  [jvm.dll+0xc3f3d]
V  [jvm.dll+0xc4473]
V  [jvm.dll+0x3b5bf2]
V  [jvm.dll+0x382855]
V  [jvm.dll+0x381cca]
V  [jvm.dll+0x249bd0]
V  [jvm.dll+0x2491b1]
V  [jvm.dll+0x1c9634]
V  [jvm.dll+0x258859]
V  [jvm.dll+0x256e3a]
V  [jvm.dll+0x3ef6c6]
V  [jvm.dll+0x7ff568]
V  [jvm.dll+0x6c953d]
C  [ucrtbase.dll+0x21bb2]
C  [KERNEL32.DLL+0x17344]
C  [ntdll.dll+0x526b1]


---------------  P R O C E S S  ---------------

Threads class SMR info:
_java_thread_list=0x000001ac19756480, length=11, elements={
0x000001ac7be9d360, 0x000001ac7bf6e5e0, 0x000001ac194c9480, 0x000001ac194cc260,
0x000001ac194cf570, 0x000001ac194cffd0, 0x000001ac194d2e40, 0x000001ac194d3bd0,
0x000001ac194d74b0, 0x000001ac1974df50, 0x000001ac1975b5f0
}

Java Threads: ( => current thread )
  0x000001ac7be9d360 JavaThread "main"                              [_thread_in_Java, id=11188, stack(0x000000236ec00000,0x000000236ed00000) (1024K)]
  0x000001ac7bf6e5e0 JavaThread "Reference Handler"          daemon [_thread_blocked, id=20468, stack(0x000000236f400000,0x000000236f500000) (1024K)]
  0x000001ac194c9480 JavaThread "Finalizer"                  daemon [_thread_blocked, id=1248, stack(0x000000236f500000,0x000000236f600000) (1024K)]
  0x000001ac194cc260 JavaThread "Signal Dispatcher"          daemon [_thread_blocked, id=17480, stack(0x000000236f600000,0x000000236f700000) (1024K)]
  0x000001ac194cf570 JavaThread "Attach Listener"            daemon [_thread_blocked, id=13800, stack(0x000000236f700000,0x000000236f800000) (1024K)]
  0x000001ac194cffd0 JavaThread "Service Thread"             daemon [_thread_blocked, id=21332, stack(0x000000236f800000,0x000000236f900000) (1024K)]
  0x000001ac194d2e40 JavaThread "Monitor Deflation Thread"   daemon [_thread_blocked, id=7420, stack(0x000000236f900000,0x000000236fa00000) (1024K)]
=>0x000001ac194d3bd0 JavaThread "C2 CompilerThread0"         daemon [_thread_in_native, id=10312, stack(0x000000236fa00000,0x000000236fb00000) (1024K)]
  0x000001ac194d74b0 JavaThread "C1 CompilerThread0"         daemon [_thread_blocked, id=17456, stack(0x000000236fb00000,0x000000236fc00000) (1024K)]
  0x000001ac1974df50 JavaThread "Notification Thread"        daemon [_thread_blocked, id=9584, stack(0x000000236fc00000,0x000000236fd00000) (1024K)]
  0x000001ac1975b5f0 JavaThread "Common-Cleaner"             daemon [_thread_blocked, id=1224, stack(0x000000236fd00000,0x000000236fe00000) (1024K)]
Total: 11

Other Threads:
  0x000001ac7bf5b4b0 VMThread "VM Thread"                           [id=19528, stack(0x000000236f300000,0x000000236f400000) (1024K)]
  0x000001ac7bf43690 WatcherThread "VM Periodic Task Thread"        [id=9176, stack(0x000000236f200000,0x000000236f300000) (1024K)]
  0x000001ac7bed3960 WorkerThread "GC Thread#0"                     [id=8060, stack(0x000000236ed00000,0x000000236ee00000) (1024K)]
  0x000001ac5f651cd0 WorkerThread "GC Thread#1"                     [id=4708, stack(0x000000236fe00000,0x000000236ff00000) (1024K)]
  0x000001ac5f67f120 WorkerThread "GC Thread#2"                     [id=21220, stack(0x000000236ff00000,0x0000002370000000) (1024K)]
  0x000001ac5f6834d0 WorkerThread "GC Thread#3"                     [id=13264, stack(0x0000002370000000,0x0000002370100000) (1024K)]
  0x000001ac7bedcf50 ConcurrentGCThread "G1 Main Marker"            [id=19244, stack(0x000000236ee00000,0x000000236ef00000) (1024K)]
  0x000001ac7bedd960 WorkerThread "G1 Conc#0"                       [id=6360, stack(0x000000236ef00000,0x000000236f000000) (1024K)]
  0x000001ac7bf33c90 ConcurrentGCThread "G1 Refine#0"               [id=2984, stack(0x000000236f000000,0x000000236f100000) (1024K)]
  0x000001ac7bf34710 ConcurrentGCThread "G1 Service"                [id=19288, stack(0x000000236f100000,0x000000236f200000) (1024K)]
Total: 10

Threads with active compile tasks:
C2 CompilerThread0     5372 2783   !   4       java.net.URL::<init> (543 bytes)
Total: 1

VM state: not at safepoint (normal execution)

VM Mutex/Monitor currently owned by a thread: None

Heap address: 0x00000000c1600000, size: 1002 MB, Compressed Oops mode: 32-bit

CDS archive(s) mapped at: [0x000001ac1a000000-0x000001ac1ac90000-0x000001ac1ac90000), size 13172736, SharedBaseAddress: 0x000001ac1a000000, ArchiveRelocationMode: 1.
Compressed class space mapped at: 0x000001ac1b000000-0x000001ac5b000000, reserved size: 1073741824
Narrow klass base: 0x000001ac1a000000, Narrow klass shift: 0, Narrow klass range: 0x100000000

GC Precious Log:
 CardTable entry size: 512
 Card Set container configuration: InlinePtr #cards 5 size 8 Array Of Cards #cards 12 size 40 Howl #buckets 4 coarsen threshold 1843 Howl Bitmap #cards 512 size 80 coarsen threshold 460 Card regions per heap region 1 cards per card region 2048
 CPUs: 4 total, 4 available
 Memory: 4000M
 Large Page Support: Disabled
 NUMA Support: Disabled
 Compressed Oops: Enabled (32-bit)
 Heap Region Size: 1M
 Heap Min Capacity: 8M
 Heap Initial Capacity: 64M
 Heap Max Capacity: 1002M
 Pre-touch: Disabled
 Parallel Workers: 4
 Concurrent Workers: 1
 Concurrent Refinement Workers: 4
 Periodic GC: Disabled

Heap:
 garbage-first heap   total 65536K, used 12195K [0x00000000c1600000, 0x0000000100000000)
  region size 1024K, 10 young (10240K), 4 survivors (4096K)
 Metaspace       used 13923K, committed 14144K, reserved 1114112K
  class space    used 1667K, committed 1792K, reserved 1048576K

Heap Regions: E=young(eden), S=young(survivor), O=old, HS=humongous(starts), HC=humongous(continues), CS=collection set, F=free, TAMS=top-at-mark-start, PB=parsable bottom
|   0|0x00000000c1600000, 0x00000000c1700000, 0x00000000c1700000|100%| O|  |TAMS 0x00000000c1600000| PB 0x00000000c1600000| Untracked 
|   1|0x00000000c1700000, 0x00000000c1800000, 0x00000000c1800000|100%| O|  |TAMS 0x00000000c1700000| PB 0x00000000c1700000| Untracked 
|   2|0x00000000c1800000, 0x00000000c1900000, 0x00000000c1900000|100%| O|  |TAMS 0x00000000c1800000| PB 0x00000000c1800000| Untracked 
|   3|0x00000000c1900000, 0x00000000c1992b20, 0x00000000c1a00000| 57%| O|  |TAMS 0x00000000c1900000| PB 0x00000000c1900000| Untracked 
|   4|0x00000000c1a00000, 0x00000000c1a00000, 0x00000000c1b00000|  0%| F|  |TAMS 0x00000000c1a00000| PB 0x00000000c1a00000| Untracked 
|   5|0x00000000c1b00000, 0x00000000c1b00000, 0x00000000c1c00000|  0%| F|  |TAMS 0x00000000c1b00000| PB 0x00000000c1b00000| Untracked 
|   6|0x00000000c1c00000, 0x00000000c1c00000, 0x00000000c1d00000|  0%| F|  |TAMS 0x00000000c1c00000| PB 0x00000000c1c00000| Untracked 
|   7|0x00000000c1d00000, 0x00000000c1d00000, 0x00000000c1e00000|  0%| F|  |TAMS 0x00000000c1d00000| PB 0x00000000c1d00000| Untracked 
|   8|0x00000000c1e00000, 0x00000000c1e00000, 0x00000000c1f00000|  0%| F|  |TAMS 0x00000000c1e00000| PB 0x00000000c1e00000| Untracked 
|   9|0x00000000c1f00000, 0x00000000c1f00000, 0x00000000c2000000|  0%| F|  |TAMS 0x00000000c1f00000| PB 0x00000000c1f00000| Untracked 
|  10|0x00000000c2000000, 0x00000000c2000000, 0x00000000c2100000|  0%| F|  |TAMS 0x00000000c2000000| PB 0x00000000c2000000| Untracked 
|  11|0x00000000c2100000, 0x00000000c2100000, 0x00000000c2200000|  0%| F|  |TAMS 0x00000000c2100000| PB 0x00000000c2100000| Untracked 
|  12|0x00000000c2200000, 0x00000000c2200000, 0x00000000c2300000|  0%| F|  |TAMS 0x00000000c2200000| PB 0x00000000c2200000| Untracked 
|  13|0x00000000c2300000, 0x00000000c2300000, 0x00000000c2400000|  0%| F|  |TAMS 0x00000000c2300000| PB 0x00000000c2300000| Untracked 
|  14|0x00000000c2400000, 0x00000000c2400000, 0x00000000c2500000|  0%| F|  |TAMS 0x00000000c2400000| PB 0x00000000c2400000| Untracked 
|  15|0x00000000c2500000, 0x00000000c2500000, 0x00000000c2600000|  0%| F|  |TAMS 0x00000000c2500000| PB 0x00000000c2500000| Untracked 
|  16|0x00000000c2600000, 0x00000000c2600000, 0x00000000c2700000|  0%| F|  |TAMS 0x00000000c2600000| PB 0x00000000c2600000| Untracked 
|  17|0x00000000c2700000, 0x00000000c2700000, 0x00000000c2800000|  0%| F|  |TAMS 0x00000000c2700000| PB 0x00000000c2700000| Untracked 
|  18|0x00000000c2800000, 0x00000000c2800000, 0x00000000c2900000|  0%| F|  |TAMS 0x00000000c2800000| PB 0x00000000c2800000| Untracked 
|  19|0x00000000c2900000, 0x00000000c2900000, 0x00000000c2a00000|  0%| F|  |TAMS 0x00000000c2900000| PB 0x00000000c2900000| Untracked 
|  20|0x00000000c2a00000, 0x00000000c2a00000, 0x00000000c2b00000|  0%| F|  |TAMS 0x00000000c2a00000| PB 0x00000000c2a00000| Untracked 
|  21|0x00000000c2b00000, 0x00000000c2b00000, 0x00000000c2c00000|  0%| F|  |TAMS 0x00000000c2b00000| PB 0x00000000c2b00000| Untracked 
|  22|0x00000000c2c00000, 0x00000000c2c560e0, 0x00000000c2d00000| 33%| S|CS|TAMS 0x00000000c2c00000| PB 0x00000000c2c00000| Complete 
|  23|0x00000000c2d00000, 0x00000000c2e00000, 0x00000000c2e00000|100%| S|CS|TAMS 0x00000000c2d00000| PB 0x00000000c2d00000| Complete 
|  24|0x00000000c2e00000, 0x00000000c2f00000, 0x00000000c2f00000|100%| S|CS|TAMS 0x00000000c2e00000| PB 0x00000000c2e00000| Complete 
|  25|0x00000000c2f00000, 0x00000000c3000000, 0x00000000c3000000|100%| S|CS|TAMS 0x00000000c2f00000| PB 0x00000000c2f00000| Complete 
|  26|0x00000000c3000000, 0x00000000c3000000, 0x00000000c3100000|  0%| F|  |TAMS 0x00000000c3000000| PB 0x00000000c3000000| Untracked 
|  27|0x00000000c3100000, 0x00000000c3100000, 0x00000000c3200000|  0%| F|  |TAMS 0x00000000c3100000| PB 0x00000000c3100000| Untracked 
|  28|0x00000000c3200000, 0x00000000c3200000, 0x00000000c3300000|  0%| F|  |TAMS 0x00000000c3200000| PB 0x00000000c3200000| Untracked 
|  29|0x00000000c3300000, 0x00000000c3300000, 0x00000000c3400000|  0%| F|  |TAMS 0x00000000c3300000| PB 0x00000000c3300000| Untracked 
|  30|0x00000000c3400000, 0x00000000c3400000, 0x00000000c3500000|  0%| F|  |TAMS 0x00000000c3400000| PB 0x00000000c3400000| Untracked 
|  31|0x00000000c3500000, 0x00000000c3500000, 0x00000000c3600000|  0%| F|  |TAMS 0x00000000c3500000| PB 0x00000000c3500000| Untracked 
|  32|0x00000000c3600000, 0x00000000c3600000, 0x00000000c3700000|  0%| F|  |TAMS 0x00000000c3600000| PB 0x00000000c3600000| Untracked 
|  33|0x00000000c3700000, 0x00000000c3700000, 0x00000000c3800000|  0%| F|  |TAMS 0x00000000c3700000| PB 0x00000000c3700000| Untracked 
|  34|0x00000000c3800000, 0x00000000c3800000, 0x00000000c3900000|  0%| F|  |TAMS 0x00000000c3800000| PB 0x00000000c3800000| Untracked 
|  35|0x00000000c3900000, 0x00000000c3900000, 0x00000000c3a00000|  0%| F|  |TAMS 0x00000000c3900000| PB 0x00000000c3900000| Untracked 
|  36|0x00000000c3a00000, 0x00000000c3a00000, 0x00000000c3b00000|  0%| F|  |TAMS 0x00000000c3a00000| PB 0x00000000c3a00000| Untracked 
|  37|0x00000000c3b00000, 0x00000000c3b00000, 0x00000000c3c00000|  0%| F|  |TAMS 0x00000000c3b00000| PB 0x00000000c3b00000| Untracked 
|  38|0x00000000c3c00000, 0x00000000c3c00000, 0x00000000c3d00000|  0%| F|  |TAMS 0x00000000c3c00000| PB 0x00000000c3c00000| Untracked 
|  39|0x00000000c3d00000, 0x00000000c3d00000, 0x00000000c3e00000|  0%| F|  |TAMS 0x00000000c3d00000| PB 0x00000000c3d00000| Untracked 
|  40|0x00000000c3e00000, 0x00000000c3e00000, 0x00000000c3f00000|  0%| F|  |TAMS 0x00000000c3e00000| PB 0x00000000c3e00000| Untracked 
|  41|0x00000000c3f00000, 0x00000000c3f00000, 0x00000000c4000000|  0%| F|  |TAMS 0x00000000c3f00000| PB 0x00000000c3f00000| Untracked 
|  42|0x00000000c4000000, 0x00000000c4000000, 0x00000000c4100000|  0%| F|  |TAMS 0x00000000c4000000| PB 0x00000000c4000000| Untracked 
|  43|0x00000000c4100000, 0x00000000c4100000, 0x00000000c4200000|  0%| F|  |TAMS 0x00000000c4100000| PB 0x00000000c4100000| Untracked 
|  44|0x00000000c4200000, 0x00000000c4200000, 0x00000000c4300000|  0%| F|  |TAMS 0x00000000c4200000| PB 0x00000000c4200000| Untracked 
|  45|0x00000000c4300000, 0x00000000c4300000, 0x00000000c4400000|  0%| F|  |TAMS 0x00000000c4300000| PB 0x00000000c4300000| Untracked 
|  46|0x00000000c4400000, 0x00000000c4400000, 0x00000000c4500000|  0%| F|  |TAMS 0x00000000c4400000| PB 0x00000000c4400000| Untracked 
|  47|0x00000000c4500000, 0x00000000c4500000, 0x00000000c4600000|  0%| F|  |TAMS 0x00000000c4500000| PB 0x00000000c4500000| Untracked 
|  48|0x00000000c4600000, 0x00000000c4600000, 0x00000000c4700000|  0%| F|  |TAMS 0x00000000c4600000| PB 0x00000000c4600000| Untracked 
|  49|0x00000000c4700000, 0x00000000c4700000, 0x00000000c4800000|  0%| F|  |TAMS 0x00000000c4700000| PB 0x00000000c4700000| Untracked 
|  50|0x00000000c4800000, 0x00000000c4800000, 0x00000000c4900000|  0%| F|  |TAMS 0x00000000c4800000| PB 0x00000000c4800000| Untracked 
|  51|0x00000000c4900000, 0x00000000c4900000, 0x00000000c4a00000|  0%| F|  |TAMS 0x00000000c4900000| PB 0x00000000c4900000| Untracked 
|  52|0x00000000c4a00000, 0x00000000c4a00000, 0x00000000c4b00000|  0%| F|  |TAMS 0x00000000c4a00000| PB 0x00000000c4a00000| Untracked 
|  53|0x00000000c4b00000, 0x00000000c4b00000, 0x00000000c4c00000|  0%| F|  |TAMS 0x00000000c4b00000| PB 0x00000000c4b00000| Untracked 
|  54|0x00000000c4c00000, 0x00000000c4c00000, 0x00000000c4d00000|  0%| F|  |TAMS 0x00000000c4c00000| PB 0x00000000c4c00000| Untracked 
|  55|0x00000000c4d00000, 0x00000000c4d00000, 0x00000000c4e00000|  0%| F|  |TAMS 0x00000000c4d00000| PB 0x00000000c4d00000| Untracked 
|  56|0x00000000c4e00000, 0x00000000c4e00000, 0x00000000c4f00000|  0%| F|  |TAMS 0x00000000c4e00000| PB 0x00000000c4e00000| Untracked 
|  57|0x00000000c4f00000, 0x00000000c4f00000, 0x00000000c5000000|  0%| F|  |TAMS 0x00000000c4f00000| PB 0x00000000c4f00000| Untracked 
|  58|0x00000000c5000000, 0x00000000c5100000, 0x00000000c5100000|100%| E|  |TAMS 0x00000000c5000000| PB 0x00000000c5000000| Complete 
|  59|0x00000000c5100000, 0x00000000c5200000, 0x00000000c5200000|100%| E|CS|TAMS 0x00000000c5100000| PB 0x00000000c5100000| Complete 
|  60|0x00000000c5200000, 0x00000000c5300000, 0x00000000c5300000|100%| E|CS|TAMS 0x00000000c5200000| PB 0x00000000c5200000| Complete 
|  61|0x00000000c5300000, 0x00000000c5400000, 0x00000000c5400000|100%| E|CS|TAMS 0x00000000c5300000| PB 0x00000000c5300000| Complete 
|  62|0x00000000c5400000, 0x00000000c5500000, 0x00000000c5500000|100%| E|CS|TAMS 0x00000000c5400000| PB 0x00000000c5400000| Complete 
|  63|0x00000000c5500000, 0x00000000c5600000, 0x00000000c5600000|100%| E|CS|TAMS 0x00000000c5500000| PB 0x00000000c5500000| Complete 

Card table byte_map: [0x000001ac7df40000,0x000001ac7e140000] _byte_map_base: 0x000001ac7d935000

Marking Bits: (CMBitMap*) 0x000001ac7bed4780
 Bits: [0x000001ac7e140000, 0x000001ac7f0e8000)

Polling page: 0x000001ac7bcf0000

Metaspace:

Usage:
  Non-class:     11.98 MB used.
      Class:      1.63 MB used.
       Both:     13.60 MB used.

Virtual space:
  Non-class space:       64.00 MB reserved,      12.06 MB ( 19%) committed,  1 nodes.
      Class space:        1.00 GB reserved,       1.75 MB ( <1%) committed,  1 nodes.
             Both:        1.06 GB reserved,      13.81 MB (  1%) committed. 

Chunk freelists:
   Non-Class:  3.27 MB
       Class:  14.10 MB
        Both:  17.37 MB

MaxMetaspaceSize: unlimited
CompressedClassSpaceSize: 1.00 GB
Initial GC threshold: 21.00 MB
Current GC threshold: 21.00 MB
CDS: on
 - commit_granule_bytes: 65536.
 - commit_granule_words: 8192.
 - virtual_space_node_default_size: 8388608.
 - enlarge_chunks_in_place: 1.
 - use_allocation_guard: 0.


Internal statistics:

num_allocs_failed_limit: 0.
num_arena_births: 132.
num_arena_deaths: 0.
num_vsnodes_births: 2.
num_vsnodes_deaths: 0.
num_space_committed: 221.
num_space_uncommitted: 0.
num_chunks_returned_to_freelist: 0.
num_chunks_taken_from_freelist: 579.
num_chunk_merges: 0.
num_chunk_splits: 409.
num_chunks_enlarged: 342.
num_inconsistent_stats: 0.

CodeHeap 'non-profiled nmethods': size=120000Kb used=912Kb max_used=912Kb free=119087Kb
 bounds [0x000001ac0fe70000, 0x000001ac100e0000, 0x000001ac173a0000]
CodeHeap 'profiled nmethods': size=120000Kb used=5559Kb max_used=5559Kb free=114440Kb
 bounds [0x000001ac083a0000, 0x000001ac08910000, 0x000001ac0f8d0000]
CodeHeap 'non-nmethods': size=5760Kb used=1382Kb max_used=1393Kb free=4377Kb
 bounds [0x000001ac0f8d0000, 0x000001ac0fb40000, 0x000001ac0fe70000]
 total_blobs=3279 nmethods=2798 adapters=385
 compilation: enabled
              stopped_count=0, restarted_count=0
 full_count=0

Compilation events (20 events):
Event: 5.085 Thread 0x000001ac194d3bd0 nmethod 2777 0x000001ac0ff52e10 code [0x000001ac0ff52fa0, 0x000001ac0ff53068]
Event: 5.100 Thread 0x000001ac194d3bd0 2778       4       org.codehaus.plexus.classworlds.realm.ClassRealm::getClassLoadingLock (38 bytes)
Event: 5.103 Thread 0x000001ac194d3bd0 nmethod 2778 0x000001ac0ff53110 code [0x000001ac0ff532c0, 0x000001ac0ff53428]
Event: 5.113 Thread 0x000001ac194d74b0 2779       3       java.util.regex.Pattern$Slice::match (79 bytes)
Event: 5.114 Thread 0x000001ac194d74b0 nmethod 2779 0x000001ac088ff590 code [0x000001ac088ff780, 0x000001ac088ffc10]
Event: 5.114 Thread 0x000001ac194d74b0 2780       3       org.codehaus.plexus.util.xml.pull.MXParser::more (106 bytes)
Event: 5.115 Thread 0x000001ac194d74b0 nmethod 2780 0x000001ac088ffd90 code [0x000001ac088fffe0, 0x000001ac08900710]
Event: 5.125 Thread 0x000001ac194d74b0 2781       3       java.util.regex.Pattern$$Lambda/0x000001ac1b059618::is (5 bytes)
Event: 5.125 Thread 0x000001ac194d74b0 nmethod 2781 0x000001ac08900a10 code [0x000001ac08900bc0, 0x000001ac08900e30]
Event: 5.125 Thread 0x000001ac194d74b0 2782       3       java.util.regex.Pattern::lambda$DOT$11 (34 bytes)
Event: 5.125 Thread 0x000001ac194d74b0 nmethod 2782 0x000001ac08900f10 code [0x000001ac089010c0, 0x000001ac089012b0]
Event: 5.130 Thread 0x000001ac194d3bd0 2783   !   4       java.net.URL::<init> (543 bytes)
Event: 5.133 Thread 0x000001ac194d74b0 2784       1       org.apache.commons.cli.Option::getOpt (5 bytes)
Event: 5.134 Thread 0x000001ac194d74b0 nmethod 2784 0x000001ac0ff53590 code [0x000001ac0ff53720, 0x000001ac0ff537e8]
Event: 5.151 Thread 0x000001ac194d74b0 2785       3       com.google.inject.internal.InjectorImpl::getProviderOrThrow (35 bytes)
Event: 5.151 Thread 0x000001ac194d74b0 nmethod 2785 0x000001ac08901310 code [0x000001ac089014e0, 0x000001ac08901930]
Event: 5.289 Thread 0x000001ac194d74b0 2789       3       java.lang.Module::implIsExportedOrOpen (92 bytes)
Event: 5.290 Thread 0x000001ac194d74b0 nmethod 2789 0x000001ac08901b10 code [0x000001ac08901d40, 0x000001ac08902450]
Event: 5.297 Thread 0x000001ac194d74b0 2791       3       java.lang.invoke.InvokerBytecodeGenerator::loadInsnOpcode (98 bytes)
Event: 5.297 Thread 0x000001ac194d74b0 nmethod 2791 0x000001ac08902610 code [0x000001ac08902880, 0x000001ac089031f8]

GC Heap History (6 events):
Event: 1.802 GC heap before
{Heap before GC invocations=0 (full 0):
 garbage-first heap   total 65536K, used 13312K [0x00000000c1600000, 0x0000000100000000)
  region size 1024K, 13 young (13312K), 0 survivors (0K)
 Metaspace       used 4034K, committed 4224K, reserved 1114112K
  class space    used 413K, committed 512K, reserved 1048576K
}
Event: 1.814 GC heap after
{Heap after GC invocations=1 (full 0):
 garbage-first heap   total 65536K, used 3328K [0x00000000c1600000, 0x0000000100000000)
  region size 1024K, 2 young (2048K), 2 survivors (2048K)
 Metaspace       used 4034K, committed 4224K, reserved 1114112K
  class space    used 413K, committed 512K, reserved 1048576K
}
Event: 2.497 GC heap before
{Heap before GC invocations=1 (full 0):
 garbage-first heap   total 65536K, used 17664K [0x00000000c1600000, 0x0000000100000000)
  region size 1024K, 16 young (16384K), 2 survivors (2048K)
 Metaspace       used 6176K, committed 6400K, reserved 1114112K
  class space    used 707K, committed 832K, reserved 1048576K
}
Event: 2.506 GC heap after
{Heap after GC invocations=2 (full 0):
 garbage-first heap   total 65536K, used 4370K [0x00000000c1600000, 0x0000000100000000)
  region size 1024K, 1 young (1024K), 1 survivors (1024K)
 Metaspace       used 6176K, committed 6400K, reserved 1114112K
  class space    used 707K, committed 832K, reserved 1048576K
}
Event: 4.670 GC heap before
{Heap before GC invocations=2 (full 0):
 garbage-first heap   total 65536K, used 41234K [0x00000000c1600000, 0x0000000100000000)
  region size 1024K, 38 young (38912K), 1 survivors (1024K)
 Metaspace       used 12730K, committed 12864K, reserved 1114112K
  class space    used 1537K, committed 1600K, reserved 1048576K
}
Event: 4.683 GC heap after
{Heap after GC invocations=3 (full 0):
 garbage-first heap   total 65536K, used 7075K [0x00000000c1600000, 0x0000000100000000)
  region size 1024K, 4 young (4096K), 4 survivors (4096K)
 Metaspace       used 12730K, committed 12864K, reserved 1114112K
  class space    used 1537K, committed 1600K, reserved 1048576K
}

Dll operation events (8 events):
Event: 0.018 Loaded shared library C:\Program Files\Java\jdk-21\bin\java.dll
Event: 0.198 Loaded shared library C:\Program Files\Java\jdk-21\bin\jsvml.dll
Event: 0.261 Loaded shared library C:\Program Files\Java\jdk-21\bin\net.dll
Event: 0.267 Loaded shared library C:\Program Files\Java\jdk-21\bin\nio.dll
Event: 0.280 Loaded shared library C:\Program Files\Java\jdk-21\bin\zip.dll
Event: 0.779 Loaded shared library C:\Program Files\Java\jdk-21\bin\jimage.dll
Event: 0.979 Loaded shared library C:\Program Files\NetBeans-20\netbeans\java\maven\lib\jansi-native\Windows\x86_64\jansi.dll
Event: 1.015 Loaded shared library C:\Program Files\Java\jdk-21\bin\verify.dll

Deoptimization events (20 events):
Event: 5.075 Thread 0x000001ac7be9d360 Uncommon trap: trap_request=0xffffffde fr.pc=0x000001ac0fede9a4 relative=0x0000000000000144
Event: 5.075 Thread 0x000001ac7be9d360 Uncommon trap: reason=class_check action=maybe_recompile pc=0x000001ac0fede9a4 method=java.util.regex.Pattern.lambda$negate$7(Ljava/util/regex/Pattern$CharPredicate;I)Z @ 2 c2
Event: 5.075 Thread 0x000001ac7be9d360 DEOPT PACKING pc=0x000001ac0fede9a4 sp=0x000000236ecfe300
Event: 5.075 Thread 0x000001ac7be9d360 DEOPT UNPACKING pc=0x000001ac0f9246a2 sp=0x000000236ecfe220 mode 2
Event: 5.075 Thread 0x000001ac7be9d360 Uncommon trap: trap_request=0xffffff45 fr.pc=0x000001ac0fedefc8 relative=0x00000000000000a8
Event: 5.075 Thread 0x000001ac7be9d360 Uncommon trap: reason=unstable_if action=reinterpret pc=0x000001ac0fedefc8 method=java.util.regex.Pattern$BitClass.is(I)Z @ 13 c2
Event: 5.075 Thread 0x000001ac7be9d360 DEOPT PACKING pc=0x000001ac0fedefc8 sp=0x000000236ecfe250
Event: 5.075 Thread 0x000001ac7be9d360 DEOPT UNPACKING pc=0x000001ac0f9246a2 sp=0x000000236ecfe1e0 mode 2
Event: 5.090 Thread 0x000001ac7be9d360 Uncommon trap: trap_request=0xffffff45 fr.pc=0x000001ac0fec45f8 relative=0x0000000000001ef8
Event: 5.090 Thread 0x000001ac7be9d360 Uncommon trap: reason=unstable_if action=reinterpret pc=0x000001ac0fec45f8 method=sun.nio.cs.StreamDecoder.implRead([CII)I @ 36 c2
Event: 5.090 Thread 0x000001ac7be9d360 DEOPT PACKING pc=0x000001ac0fec45f8 sp=0x000000236ecfe770
Event: 5.090 Thread 0x000001ac7be9d360 DEOPT UNPACKING pc=0x000001ac0f9246a2 sp=0x000000236ecfe638 mode 2
Event: 5.092 Thread 0x000001ac7be9d360 Uncommon trap: trap_request=0xffffff45 fr.pc=0x000001ac0fec9338 relative=0x0000000000000918
Event: 5.092 Thread 0x000001ac7be9d360 Uncommon trap: reason=unstable_if action=reinterpret pc=0x000001ac0fec9338 method=sun.nio.cs.StreamDecoder.implRead([CII)I @ 36 c2
Event: 5.092 Thread 0x000001ac7be9d360 DEOPT PACKING pc=0x000001ac0fec9338 sp=0x000000236ecfe7c0
Event: 5.092 Thread 0x000001ac7be9d360 DEOPT UNPACKING pc=0x000001ac0f9246a2 sp=0x000000236ecfe780 mode 2
Event: 5.092 Thread 0x000001ac7be9d360 Uncommon trap: trap_request=0x000000e1 fr.pc=0x000001ac0fec8584 relative=0x00000000000000e4
Event: 5.092 Thread 0x000001ac7be9d360 Uncommon trap: reason=unloaded action=reinterpret pc=0x000001ac0fec8584 method=org.codehaus.plexus.util.xml.pull.MXParser.more()C @ 22 c2
Event: 5.092 Thread 0x000001ac7be9d360 DEOPT PACKING pc=0x000001ac0fec8584 sp=0x000000236ecfea70
Event: 5.092 Thread 0x000001ac7be9d360 DEOPT UNPACKING pc=0x000001ac0f9246a2 sp=0x000000236ecfea10 mode 2

Classes loaded (20 events):
Event: 4.890 Loading class java/security/SecureRandomSpi done
Event: 4.890 Loading class sun/security/provider/DRBG done
Event: 4.891 Loading class java/security/DrbgParameters$Capability
Event: 4.891 Loading class java/security/DrbgParameters$Capability done
Event: 4.891 Loading class sun/security/provider/MoreDrbgParameters
Event: 4.891 Loading class sun/security/provider/MoreDrbgParameters done
Event: 4.891 Loading class java/security/DrbgParameters
Event: 4.892 Loading class java/security/DrbgParameters done
Event: 4.892 Loading class java/security/DrbgParameters$Instantiation
Event: 4.892 Loading class java/security/DrbgParameters$Instantiation done
Event: 4.892 Loading class sun/security/provider/HashDrbg
Event: 4.892 Loading class sun/security/provider/AbstractHashDrbg
Event: 4.893 Loading class sun/security/provider/AbstractDrbg
Event: 4.893 Loading class sun/security/provider/AbstractDrbg done
Event: 4.893 Loading class sun/security/provider/AbstractHashDrbg done
Event: 4.893 Loading class sun/security/provider/HashDrbg done
Event: 4.893 Loading class sun/security/provider/EntropySource
Event: 4.893 Loading class sun/security/provider/EntropySource done
Event: 5.111 Loading class java/lang/ProcessEnvironment$CheckedKeySet
Event: 5.112 Loading class java/lang/ProcessEnvironment$CheckedKeySet done

Classes unloaded (0 events):
No events

Classes redefined (0 events):
No events

Internal exceptions (20 events):
Event: 1.885 Thread 0x000001ac7be9d360 Exception <a 'java/lang/NoSuchMethodError'{0x00000000c54731b8}: 'int java.lang.invoke.DirectMethodHandle$Holder.invokeStatic(java.lang.Object, java.lang.Object, java.lang.Object, java.lang.Object)'> (0x00000000c54731b8) 
thrown [s\open\src\hotspot\share\interpreter\linkResolver.cpp, line 773]
Event: 1.886 Thread 0x000001ac7be9d360 Exception <a 'java/lang/NoSuchMethodError'{0x00000000c5476838}: 'java.lang.Object java.lang.invoke.Invokers$Holder.invokeExact_MT(java.lang.Object, java.lang.Object, java.lang.Object, java.lang.Object, java.lang.Object, java.lang.Object)'> (0x00000000c5476838) 
thrown [s\open\src\hotspot\share\interpreter\linkResolver.cpp, line 773]
Event: 1.889 Thread 0x000001ac7be9d360 Exception <a 'java/lang/NoSuchMethodError'{0x00000000c5484f28}: 'int java.lang.invoke.DirectMethodHandle$Holder.invokeSpecialIFC(java.lang.Object, java.lang.Object, java.lang.Object, java.lang.Object, java.lang.Object)'> (0x00000000c5484f28) 
thrown [s\open\src\hotspot\share\interpreter\linkResolver.cpp, line 773]
Event: 1.978 Thread 0x000001ac7be9d360 Exception <a 'java/lang/NoSuchMethodError'{0x00000000c53ff778}: 'java.lang.Object java.lang.invoke.DirectMethodHandle$Holder.newInvokeSpecial(java.lang.Object, java.lang.Object, java.lang.Object, java.lang.Object, java.lang.Object)'> (0x00000000c53ff778) 
thrown [s\open\src\hotspot\share\interpreter\linkResolver.cpp, line 773]
Event: 2.037 Thread 0x000001ac7be9d360 Exception <a 'java/lang/NoSuchMethodError'{0x00000000c52f5ec8}: 'int java.lang.invoke.DirectMethodHandle$Holder.invokeStaticInit(java.lang.Object, java.lang.Object)'> (0x00000000c52f5ec8) 
thrown [s\open\src\hotspot\share\interpreter\linkResolver.cpp, line 773]
Event: 2.059 Thread 0x000001ac7be9d360 Exception <a 'java/lang/NoClassDefFoundError'{0x00000000c5129fc8}: javax/enterprise/inject/Typed> (0x00000000c5129fc8) 
thrown [s\open\src\hotspot\share\classfile\systemDictionary.cpp, line 301]
Event: 3.786 Thread 0x000001ac7be9d360 Exception <a 'java/lang/NoSuchMethodError'{0x00000000c3a02a80}: 'void java.lang.invoke.DirectMethodHandle$Holder.invokeStaticInit(java.lang.Object, java.lang.Object, java.lang.Object)'> (0x00000000c3a02a80) 
thrown [s\open\src\hotspot\share\interpreter\linkResolver.cpp, line 773]
Event: 3.796 Thread 0x000001ac7be9d360 Exception <a 'java/lang/ExceptionInInitializerError'{0x00000000c3a2a930}> (0x00000000c3a2a930) 
thrown [s\open\src\hotspot\share\oops\instanceKlass.cpp, line 1180]
Event: 3.846 Thread 0x000001ac7be9d360 Exception <a 'java/lang/NoSuchMethodError'{0x00000000c3934958}: 'long java.lang.invoke.DirectMethodHandle$Holder.invokeStatic(java.lang.Object, java.lang.Object, int)'> (0x00000000c3934958) 
thrown [s\open\src\hotspot\share\interpreter\linkResolver.cpp, line 773]
Event: 3.849 Thread 0x000001ac7be9d360 Exception <a 'java/lang/NoSuchMethodError'{0x00000000c39479f0}: 'java.lang.Object java.lang.invoke.DirectMethodHandle$Holder.invokeStatic(java.lang.Object, java.lang.Object, java.lang.Object, java.lang.Object, int)'> (0x00000000c39479f0) 
thrown [s\open\src\hotspot\share\interpreter\linkResolver.cpp, line 773]
Event: 3.850 Thread 0x000001ac7be9d360 Exception <a 'java/lang/NoSuchMethodError'{0x00000000c394f908}: 'java.lang.Object java.lang.invoke.DirectMethodHandle$Holder.invokeSpecial(java.lang.Object, java.lang.Object, java.lang.Object, java.lang.Object, long)'> (0x00000000c394f908) 
thrown [s\open\src\hotspot\share\interpreter\linkResolver.cpp, line 773]
Event: 3.852 Thread 0x000001ac7be9d360 Exception <a 'java/lang/NoSuchMethodError'{0x00000000c395b680}: 'java.lang.Object java.lang.invoke.DirectMethodHandle$Holder.invokeSpecial(java.lang.Object, java.lang.Object, java.lang.Object, int, java.lang.Object)'> (0x00000000c395b680) 
thrown [s\open\src\hotspot\share\interpreter\linkResolver.cpp, line 773]
Event: 3.854 Thread 0x000001ac7be9d360 Exception <a 'java/lang/NoSuchMethodError'{0x00000000c39637a0}: 'int java.lang.invoke.DirectMethodHandle$Holder.invokeSpecial(java.lang.Object, java.lang.Object, java.lang.Object, int)'> (0x00000000c39637a0) 
thrown [s\open\src\hotspot\share\interpreter\linkResolver.cpp, line 773]
Event: 3.863 Thread 0x000001ac7be9d360 Implicit null exception at 0x000001ac0fedf2dd to 0x000001ac0fedf4cc
Event: 3.866 Thread 0x000001ac7be9d360 Exception <a 'java/lang/NoSuchMethodError'{0x00000000c39878d0}: 'java.lang.Object java.lang.invoke.Invokers$Holder.invokeExact_MT(java.lang.Object, int, java.lang.Object)'> (0x00000000c39878d0) 
thrown [s\open\src\hotspot\share\interpreter\linkResolver.cpp, line 773]
Event: 3.888 Thread 0x000001ac7be9d360 Exception <a 'java/lang/NoSuchMethodError'{0x00000000c39f7af8}: 'void java.lang.invoke.DirectMethodHandle$Holder.invokeStatic(java.lang.Object, java.lang.Object)'> (0x00000000c39f7af8) 
thrown [s\open\src\hotspot\share\interpreter\linkResolver.cpp, line 773]
Event: 4.576 Thread 0x000001ac7be9d360 Exception <a 'java/lang/NoSuchMethodError'{0x00000000c31742c8}: 'void java.lang.invoke.Invokers$Holder.invokeExact_MT(java.lang.Object, java.lang.Object, java.lang.Object, java.lang.Object)'> (0x00000000c31742c8) 
thrown [s\open\src\hotspot\share\interpreter\linkResolver.cpp, line 773]
Event: 4.607 Thread 0x000001ac7be9d360 Exception <a 'java/lang/NoClassDefFoundError'{0x00000000c31fb978}: com/google/inject/servlet/ServletModuleTargetVisitor> (0x00000000c31fb978) 
thrown [s\open\src\hotspot\share\classfile\systemDictionary.cpp, line 301]
Event: 4.748 Thread 0x000001ac7be9d360 Exception <a 'java/lang/NoSuchMethodError'{0x00000000c54d63c0}: 'void java.lang.invoke.DirectMethodHandle$Holder.invokeVirtual(java.lang.Object, java.lang.Object)'> (0x00000000c54d63c0) 
thrown [s\open\src\hotspot\share\interpreter\linkResolver.cpp, line 773]
Event: 4.894 Thread 0x000001ac7be9d360 Exception <a 'java/lang/NoSuchMethodError'{0x00000000c53667b0}: 'java.lang.Object java.lang.invoke.DirectMethodHandle$Holder.invokeStaticInit(java.lang.Object, int, int, int, int)'> (0x00000000c53667b0) 
thrown [s\open\src\hotspot\share\interpreter\linkResolver.cpp, line 773]

ZGC Phase Switch (0 events):
No events

VM Operations (20 events):
Event: 3.808 Executing VM operation: HandshakeAllThreads (Deoptimize)
Event: 3.808 Executing VM operation: HandshakeAllThreads (Deoptimize) done
Event: 3.942 Executing VM operation: HandshakeAllThreads (Deoptimize)
Event: 3.943 Executing VM operation: HandshakeAllThreads (Deoptimize) done
Event: 3.950 Executing VM operation: HandshakeAllThreads (Deoptimize)
Event: 3.950 Executing VM operation: HandshakeAllThreads (Deoptimize) done
Event: 4.065 Executing VM operation: HandshakeAllThreads (Deoptimize)
Event: 4.065 Executing VM operation: HandshakeAllThreads (Deoptimize) done
Event: 4.465 Executing VM operation: ICBufferFull
Event: 4.465 Executing VM operation: ICBufferFull done
Event: 4.567 Executing VM operation: HandshakeAllThreads (Deoptimize)
Event: 4.567 Executing VM operation: HandshakeAllThreads (Deoptimize) done
Event: 4.670 Executing VM operation: G1CollectForAllocation (G1 Evacuation Pause)
Event: 4.683 Executing VM operation: G1CollectForAllocation (G1 Evacuation Pause) done
Event: 4.786 Executing VM operation: HandshakeAllThreads (Deoptimize)
Event: 4.786 Executing VM operation: HandshakeAllThreads (Deoptimize) done
Event: 4.919 Executing VM operation: HandshakeAllThreads (Deoptimize)
Event: 4.919 Executing VM operation: HandshakeAllThreads (Deoptimize) done
Event: 5.097 Executing VM operation: HandshakeAllThreads (Deoptimize)
Event: 5.097 Executing VM operation: HandshakeAllThreads (Deoptimize) done

Events (11 events):
Event: 0.103 Thread 0x000001ac7be9d360 Thread added: 0x000001ac7be9d360
Event: 0.151 Thread 0x000001ac7bf6e5e0 Thread added: 0x000001ac7bf6e5e0
Event: 0.151 Thread 0x000001ac194c9480 Thread added: 0x000001ac194c9480
Event: 0.153 Thread 0x000001ac194cc260 Thread added: 0x000001ac194cc260
Event: 0.153 Thread 0x000001ac194cf570 Thread added: 0x000001ac194cf570
Event: 0.154 Thread 0x000001ac194cffd0 Thread added: 0x000001ac194cffd0
Event: 0.154 Thread 0x000001ac194d2e40 Thread added: 0x000001ac194d2e40
Event: 0.154 Thread 0x000001ac194d3bd0 Thread added: 0x000001ac194d3bd0
Event: 0.155 Thread 0x000001ac194d74b0 Thread added: 0x000001ac194d74b0
Event: 0.244 Thread 0x000001ac1974df50 Thread added: 0x000001ac1974df50
Event: 0.252 Thread 0x000001ac1975b5f0 Thread added: 0x000001ac1975b5f0


Dynamic libraries:
0x00007ff77f650000 - 0x00007ff77f660000 	C:\Program Files\Java\jdk-21\bin\java.exe
0x00007ffbac9f0000 - 0x00007ffbacbe8000 	C:\Windows\SYSTEM32\ntdll.dll
0x00007ffbac880000 - 0x00007ffbac93d000 	C:\Windows\System32\KERNEL32.DLL
0x00007ffbaa230000 - 0x00007ffbaa526000 	C:\Windows\System32\KERNELBASE.dll
0x00007ffbaa130000 - 0x00007ffbaa230000 	C:\Windows\System32\ucrtbase.dll
0x00007ffb9fb60000 - 0x00007ffb9fb7b000 	C:\Program Files\Java\jdk-21\bin\VCRUNTIME140.dll
0x00007ffba5460000 - 0x00007ffba5479000 	C:\Program Files\Java\jdk-21\bin\jli.dll
0x00007ffbab510000 - 0x00007ffbab5c0000 	C:\Windows\System32\ADVAPI32.dll
0x00007ffbabaf0000 - 0x00007ffbabb8e000 	C:\Windows\System32\msvcrt.dll
0x00007ffbab220000 - 0x00007ffbab2c0000 	C:\Windows\System32\sechost.dll
0x00007ffbaaf50000 - 0x00007ffbab073000 	C:\Windows\System32\RPCRT4.dll
0x00007ffbaa910000 - 0x00007ffbaa937000 	C:\Windows\System32\bcrypt.dll
0x00007ffbab080000 - 0x00007ffbab21f000 	C:\Windows\System32\USER32.dll
0x00007ffbaa9f0000 - 0x00007ffbaaa12000 	C:\Windows\System32\win32u.dll
0x00007ffbab2c0000 - 0x00007ffbab2eb000 	C:\Windows\System32\GDI32.dll
0x00007ffbaa5f0000 - 0x00007ffbaa707000 	C:\Windows\System32\gdi32full.dll
0x00007ffbaa870000 - 0x00007ffbaa90d000 	C:\Windows\System32\msvcp_win.dll
0x00007ffba1820000 - 0x00007ffba1aba000 	C:\Windows\WinSxS\amd64_microsoft.windows.common-controls_6595b64144ccf1df_6.0.19041.4355_none_60b8b9eb71f62e16\COMCTL32.dll
0x00007ffba3cd0000 - 0x00007ffba3cda000 	C:\Windows\SYSTEM32\VERSION.dll
0x00007ffbaaad0000 - 0x00007ffbaab02000 	C:\Windows\System32\IMM32.DLL
0x00007ffba3d10000 - 0x00007ffba3d1c000 	C:\Program Files\Java\jdk-21\bin\vcruntime140_1.dll
0x00007ffb9a250000 - 0x00007ffb9a2de000 	C:\Program Files\Java\jdk-21\bin\msvcp140.dll
0x00007ffb64100000 - 0x00007ffb64e17000 	C:\Program Files\Java\jdk-21\bin\server\jvm.dll
0x00007ffbac940000 - 0x00007ffbac9ab000 	C:\Windows\System32\WS2_32.dll
0x00007ffba95d0000 - 0x00007ffba961b000 	C:\Windows\SYSTEM32\POWRPROF.dll
0x00007ffba2120000 - 0x00007ffba2147000 	C:\Windows\SYSTEM32\WINMM.dll
0x00007ffba9490000 - 0x00007ffba94a2000 	C:\Windows\SYSTEM32\UMPDC.dll
0x00007ffba7f20000 - 0x00007ffba7f32000 	C:\Windows\SYSTEM32\kernel.appcore.dll
0x00007ffba35b0000 - 0x00007ffba35ba000 	C:\Program Files\Java\jdk-21\bin\jimage.dll
0x00007ffba4d10000 - 0x00007ffba4ef4000 	C:\Windows\SYSTEM32\DBGHELP.DLL
0x00007ffba4c70000 - 0x00007ffba4ca4000 	C:\Windows\SYSTEM32\dbgcore.DLL
0x00007ffbaa0a0000 - 0x00007ffbaa122000 	C:\Windows\System32\bcryptPrimitives.dll
0x00007ffb9e380000 - 0x00007ffb9e39f000 	C:\Program Files\Java\jdk-21\bin\java.dll
0x00007ffbac000000 - 0x00007ffbac76b000 	C:\Windows\System32\SHELL32.dll
0x00007ffba8120000 - 0x00007ffba88bd000 	C:\Windows\SYSTEM32\windows.storage.dll
0x00007ffbaab10000 - 0x00007ffbaae63000 	C:\Windows\System32\combase.dll
0x00007ffba9ac0000 - 0x00007ffba9aee000 	C:\Windows\SYSTEM32\Wldp.dll
0x00007ffbaae80000 - 0x00007ffbaaf4d000 	C:\Windows\System32\OLEAUT32.dll
0x00007ffbac770000 - 0x00007ffbac81d000 	C:\Windows\System32\SHCORE.dll
0x00007ffbac820000 - 0x00007ffbac875000 	C:\Windows\System32\shlwapi.dll
0x00007ffba9fd0000 - 0x00007ffba9ff4000 	C:\Windows\SYSTEM32\profapi.dll
0x00007ffb913e0000 - 0x00007ffb914b7000 	C:\Program Files\Java\jdk-21\bin\jsvml.dll
0x00007ffb9dee0000 - 0x00007ffb9def0000 	C:\Program Files\Java\jdk-21\bin\net.dll
0x00007ffba3670000 - 0x00007ffba377a000 	C:\Windows\SYSTEM32\WINHTTP.dll
0x00007ffba9820000 - 0x00007ffba988a000 	C:\Windows\system32\mswsock.dll
0x00007ffb9dec0000 - 0x00007ffb9ded6000 	C:\Program Files\Java\jdk-21\bin\nio.dll
0x00007ffb9db70000 - 0x00007ffb9db88000 	C:\Program Files\Java\jdk-21\bin\zip.dll
0x0000000069ac0000 - 0x0000000069ae4000 	C:\Program Files\NetBeans-20\netbeans\java\maven\lib\jansi-native\Windows\x86_64\jansi.dll
0x00007ffb9db60000 - 0x00007ffb9db70000 	C:\Program Files\Java\jdk-21\bin\verify.dll

dbghelp: loaded successfully - version: 4.0.5 - missing functions: none
symbol engine: initialized successfully - sym options: 0x614 - pdb path: .;C:\Program Files\Java\jdk-21\bin;C:\Windows\SYSTEM32;C:\Windows\WinSxS\amd64_microsoft.windows.common-controls_6595b64144ccf1df_6.0.19041.4355_none_60b8b9eb71f62e16;C:\Program Files\Java\jdk-21\bin\server;C:\Program Files\NetBeans-20\netbeans\java\maven\lib\jansi-native\Windows\x86_64

VM Arguments:
jvm_args: -Dclassworlds.conf=C:\Program Files\NetBeans-20\netbeans\java\maven\bin\m2.conf -Dmaven.home=C:\Program Files\NetBeans-20\netbeans\java\maven -Dlibrary.jansi.path=C:\Program Files\NetBeans-20\netbeans\java\maven\lib\jansi-native -Dmaven.multiModuleProjectDirectory=C:\Users\leona\OneDrive\Documentos\NetBeansProjects\JAVA_FRONT_END_DESKTOP_PDV 
java_command: org.codehaus.plexus.classworlds.launcher.Launcher -Dexec.vmArgs= -Dexec.args=${exec.vmArgs} -classpath %classpath ${exec.mainClass} ${exec.appArgs} -Dexec.appArgs= -Dexec.mainClass=projeto.unipar.java_front_end_desktop_pdv.View.Retaguarda -Dexec.executable=C:\Program Files\Java\jdk-21\bin\java.exe -Dmaven.ext.class.path=C:\Program Files\NetBeans-20\netbeans\java\maven-nblib\netbeans-eventspy.jar --no-transfer-progress process-classes org.codehaus.mojo:exec-maven-plugin:3.1.0:exec
java_class_path (initial): C:\Program Files\NetBeans-20\netbeans\java\maven\boot\plexus-classworlds-2.7.0.jar
Launcher Type: SUN_STANDARD

[Global flags]
     intx CICompilerCount                          = 3                                         {product} {ergonomic}
     uint ConcGCThreads                            = 1                                         {product} {ergonomic}
     uint G1ConcRefinementThreads                  = 4                                         {product} {ergonomic}
   size_t G1HeapRegionSize                         = 1048576                                   {product} {ergonomic}
    uintx GCDrainStackTargetSize                   = 64                                        {product} {ergonomic}
   size_t InitialHeapSize                          = 67108864                                  {product} {ergonomic}
   size_t MarkStackSize                            = 4194304                                   {product} {ergonomic}
   size_t MaxHeapSize                              = 1050673152                                {product} {ergonomic}
   size_t MaxNewSize                               = 630194176                                 {product} {ergonomic}
   size_t MinHeapDeltaBytes                        = 1048576                                   {product} {ergonomic}
   size_t MinHeapSize                              = 8388608                                   {product} {ergonomic}
    uintx NonNMethodCodeHeapSize                   = 5832780                                {pd product} {ergonomic}
    uintx NonProfiledCodeHeapSize                  = 122912730                              {pd product} {ergonomic}
    uintx ProfiledCodeHeapSize                     = 122912730                              {pd product} {ergonomic}
    uintx ReservedCodeCacheSize                    = 251658240                              {pd product} {ergonomic}
     bool SegmentedCodeCache                       = true                                      {product} {ergonomic}
   size_t SoftMaxHeapSize                          = 1050673152                             {manageable} {ergonomic}
     bool UseCompressedOops                        = true                           {product lp64_product} {ergonomic}
     bool UseG1GC                                  = true                                      {product} {ergonomic}
     bool UseLargePagesIndividualAllocation        = false                                  {pd product} {ergonomic}

Logging:
Log output configuration:
 #0: stdout all=warning uptime,level,tags foldmultilines=false
 #1: stderr all=off uptime,level,tags foldmultilines=false

Environment Variables:
JAVA_HOME=C:\Program Files\Java\jdk-21
PATH=C:\Program Files\Common Files\Oracle\Java\javapath;C:\Windows\system32;C:\Windows;C:\Windows\System32\Wbem;C:\Windows\System32\WindowsPowerShell\v1.0\;C:\Windows\System32\OpenSSH\;C:\Program Files\dotnet\;C:\Program Files\Git\cmd;C:\Users\leona\AppData\Local\Microsoft\WindowsApps;C:\Users\leona\AppData\Local\GitHubDesktop\bin;C:\Program Files\JetBrains\IntelliJ IDEA 2024.1.1\bin;;C:\Users\leona\AppData\Local\Programs\Microsoft VS Code\bin
USERNAME=leona
OS=Windows_NT
PROCESSOR_IDENTIFIER=Intel64 Family 6 Model 69 Stepping 1, GenuineIntel
TMP=C:\Users\leona\AppData\Local\Temp
TEMP=C:\Users\leona\AppData\Local\Temp




Periodic native trim disabled

---------------  S Y S T E M  ---------------

OS:
 Windows 10 , 64 bit Build 19041 (10.0.19041.3636)
OS uptime: 13 days 12:20 hours

CPU: total 4 (initial active 4) (2 cores per cpu, 2 threads per core) family 6 model 69 stepping 1 microcode 0x25, cx8, cmov, fxsr, ht, mmx, sse, sse2, sse3, ssse3, sse4.1, sse4.2, popcnt, lzcnt, tsc, tscinvbit, avx, avx2, aes, erms, clmul, bmi1, bmi2, fma, vzeroupper, clflush, rdtscp, f16c
Processor Information for all 4 processors :
  Max Mhz: 1701, Current Mhz: 1701, Mhz Limit: 1701

Memory: 4k page, system-wide physical 4000M (215M free)
TotalPageFile size 16288M (AvailPageFile size 4M)
current process WorkingSet (physical memory assigned to process): 115M, peak: 115M
current process commit charge ("private bytes"): 168M, peak: 169M

vm_info: Java HotSpot(TM) 64-Bit Server VM (21.0.2+13-LTS-58) for windows-amd64 JRE (21.0.2+13-LTS-58), built on 2024-01-05T18:32:24Z by "mach5one" with MS VC++ 17.1 (VS2022)

END.
