#
# There is insufficient memory for the Java Runtime Environment to continue.
# Native memory allocation (malloc) failed to allocate 32744 bytes for Chunk::new
# Possible reasons:
#   The system is out of physical RAM or swap space
#   The process is running with CompressedOops enabled, and the Java Heap may be blocking the growth of the native heap
# Possible solutions:
#   Reduce memory load on the system
#   Increase physical memory or swap space
#   Check if swap backing store is full
#   Decrease Java heap size (-Xmx/-Xms)
#   Decrease number of Java threads
#   Decrease Java thread stack sizes (-Xss)
#   Set larger code cache with -XX:ReservedCodeCacheSize=
#   JVM is running with Unscaled Compressed Oops mode in which the Java heap is
#     placed in the first 4GB address space. The Java Heap base address is the
#     maximum limit for the native heap growth. Please use -XX:HeapBaseMinAddress
#     to set the Java Heap base and to place the Java Heap above 4GB virtual address.
# This output file may be truncated or incomplete.
#
#  Out of Memory Error (arena.cpp:168), pid=13992, tid=4504
#
# JRE version: Java(TM) SE Runtime Environment (21.0.2+13) (build 21.0.2+13-LTS-58)
# Java VM: Java HotSpot(TM) 64-Bit Server VM (21.0.2+13-LTS-58, mixed mode, sharing, tiered, compressed oops, compressed class ptrs, g1 gc, windows-amd64)
# No core dump will be written. Minidumps are not enabled by default on client versions of Windows
#

---------------  S U M M A R Y ------------

Command Line: -Dclassworlds.conf=C:\Program Files\NetBeans-20\netbeans\java\maven\bin\m2.conf -Dmaven.home=C:\Program Files\NetBeans-20\netbeans\java\maven -Dlibrary.jansi.path=C:\Program Files\NetBeans-20\netbeans\java\maven\lib\jansi-native -Dmaven.multiModuleProjectDirectory=C:\Users\leona\OneDrive\Documentos\NetBeansProjects\JAVA_FRONT_END_DESKTOP_PDV org.codehaus.plexus.classworlds.launcher.Launcher -Dexec.vmArgs= -Dexec.args=${exec.vmArgs} -classpath %classpath ${exec.mainClass} ${exec.appArgs} -Dexec.appArgs= -Dexec.mainClass=projeto.unipar.java_front_end_desktop_pdv.View.Retaguarda -Dexec.executable=C:\Program Files\Java\jdk-21\bin\java.exe -Dmaven.ext.class.path=C:\Program Files\NetBeans-20\netbeans\java\maven-nblib\netbeans-eventspy.jar --no-transfer-progress process-classes org.codehaus.mojo:exec-maven-plugin:3.1.0:exec

Host: Intel(R) Core(TM) i5-4210U CPU @ 1.70GHz, 4 cores, 3G,  Windows 10 , 64 bit Build 19041 (10.0.19041.3636)
Time: Fri May 31 22:34:11 2024 Hora oficial do Brasil elapsed time: 5.243777 seconds (0d 0h 0m 5s)

---------------  T H R E A D  ---------------

Current thread (0x000001d838520f30):  JavaThread "main"             [_thread_in_vm, id=4504, stack(0x0000002f89900000,0x0000002f89a00000) (1024K)]

Stack: [0x0000002f89900000,0x0000002f89a00000]
Native frames: (J=compiled Java code, j=interpreted, Vv=VM code, C=native code)
V  [jvm.dll+0x6cade9]
V  [jvm.dll+0x8569c1]
V  [jvm.dll+0x858d2e]
V  [jvm.dll+0x859413]
V  [jvm.dll+0x280e56]
V  [jvm.dll+0xc3f3d]
V  [jvm.dll+0xc4473]
V  [jvm.dll+0x217315]
V  [jvm.dll+0x2180b5]
V  [jvm.dll+0x218ad1]
V  [jvm.dll+0x20dd9e]
V  [jvm.dll+0x5ad3dc]
V  [jvm.dll+0x7cf5e6]
V  [jvm.dll+0x470270]
V  [jvm.dll+0x475ef8]
C  [java.dll+0x17ec]

Java frames: (J=compiled Java code, j=interpreted, Vv=VM code)
J 966  java.lang.ClassLoader.defineClass1(Ljava/lang/ClassLoader;Ljava/lang/String;[BIILjava/security/ProtectionDomain;Ljava/lang/String;)Ljava/lang/Class; java.base@21.0.2 (0 bytes) @ 0x000001d84a5b6511 [0x000001d84a5b6440+0x00000000000000d1]
J 968 c1 java.lang.ClassLoader.defineClass(Ljava/lang/String;[BIILjava/security/ProtectionDomain;)Ljava/lang/Class; java.base@21.0.2 (43 bytes) @ 0x000001d842c7747c [0x000001d842c77120+0x000000000000035c]
J 929 c1 java.security.SecureClassLoader.defineClass(Ljava/lang/String;[BIILjava/security/CodeSource;)Ljava/lang/Class; java.base@21.0.2 (16 bytes) @ 0x000001d842c66e9c [0x000001d842c66dc0+0x00000000000000dc]
J 840 c1 java.net.URLClassLoader.defineClass(Ljava/lang/String;Ljdk/internal/loader/Resource;)Ljava/lang/Class; java.base@21.0.2 (224 bytes) @ 0x000001d842c1d3f4 [0x000001d842c1c0c0+0x0000000000001334]
J 927 c1 java.net.URLClassLoader$1.run()Ljava/lang/Class; java.base@21.0.2 (81 bytes) @ 0x000001d842c680cc [0x000001d842c67460+0x0000000000000c6c]
J 926 c1 java.net.URLClassLoader$1.run()Ljava/lang/Object; java.base@21.0.2 (5 bytes) @ 0x000001d842c66a54 [0x000001d842c669c0+0x0000000000000094]
J 824 c1 java.security.AccessController.doPrivileged(Ljava/security/PrivilegedExceptionAction;Ljava/security/AccessControlContext;)Ljava/lang/Object; java.base@21.0.2 (26 bytes) @ 0x000001d842c10114 [0x000001d842c0ff20+0x00000000000001f4]
J 924 c1 java.net.URLClassLoader.findClass(Ljava/lang/String;)Ljava/lang/Class; java.base@21.0.2 (47 bytes) @ 0x000001d842c65cc4 [0x000001d842c65b20+0x00000000000001a4]
J 839 c1 org.codehaus.plexus.classworlds.realm.ClassRealm.loadClassFromSelf(Ljava/lang/String;)Ljava/lang/Class; (40 bytes) @ 0x000001d842c1b73c [0x000001d842c1b3a0+0x000000000000039c]
J 869 c1 org.codehaus.plexus.classworlds.strategy.SelfFirstStrategy.loadClass(Ljava/lang/String;)Ljava/lang/Class; (50 bytes) @ 0x000001d842c2e1ac [0x000001d842c2ddc0+0x00000000000003ec]
J 555 c1 org.codehaus.plexus.classworlds.realm.ClassRealm.loadClass(Ljava/lang/String;Z)Ljava/lang/Class; (33 bytes) @ 0x000001d842b84ce4 [0x000001d842b84b60+0x0000000000000184]
J 554 c1 org.codehaus.plexus.classworlds.realm.ClassRealm.loadClass(Ljava/lang/String;)Ljava/lang/Class; (7 bytes) @ 0x000001d842b847c4 [0x000001d842b846c0+0x0000000000000104]
J 869 c1 org.codehaus.plexus.classworlds.strategy.SelfFirstStrategy.loadClass(Ljava/lang/String;)Ljava/lang/Class; (50 bytes) @ 0x000001d842c2e524 [0x000001d842c2ddc0+0x0000000000000764]
J 555 c1 org.codehaus.plexus.classworlds.realm.ClassRealm.loadClass(Ljava/lang/String;Z)Ljava/lang/Class; (33 bytes) @ 0x000001d842b84ce4 [0x000001d842b84b60+0x0000000000000184]
J 554 c1 org.codehaus.plexus.classworlds.realm.ClassRealm.loadClass(Ljava/lang/String;)Ljava/lang/Class; (7 bytes) @ 0x000001d842b847c4 [0x000001d842b846c0+0x0000000000000104]
J 1690 c1 org.eclipse.sisu.space.URLClassSpace.loadClass(Ljava/lang/String;)Ljava/lang/Class; (31 bytes) @ 0x000001d842de7b1c [0x000001d842de7a00+0x000000000000011c]
j  org.eclipse.sisu.space.NamedClass.load()Ljava/lang/Class;+8
j  org.eclipse.sisu.wire.DependencyAnalyzer.visit(Lcom/google/inject/spi/ProviderInstanceBinding;)Ljava/lang/Boolean;+21
j  org.eclipse.sisu.wire.DependencyAnalyzer.visit(Lcom/google/inject/spi/ProviderInstanceBinding;)Ljava/lang/Object;+5
j  com.google.inject.internal.ProviderInstanceBindingImpl.acceptTargetVisitor(Lcom/google/inject/spi/BindingTargetVisitor;)Ljava/lang/Object;+27
j  org.eclipse.sisu.wire.ElementAnalyzer.visit(Lcom/google/inject/Binding;)Ljava/lang/Void;+43
j  org.eclipse.sisu.wire.ElementAnalyzer.visit(Lcom/google/inject/Binding;)Ljava/lang/Object;+5
j  com.google.inject.internal.BindingImpl.acceptVisitor(Lcom/google/inject/spi/ElementVisitor;)Ljava/lang/Object;+2
j  org.eclipse.sisu.wire.WireModule.configure(Lcom/google/inject/Binder;)V+39
j  com.google.inject.spi.Elements$RecordingBinder.install(Lcom/google/inject/Module;)V+209
j  com.google.inject.spi.Elements.getElements(Lcom/google/inject/Stage;Ljava/lang/Iterable;)Ljava/util/List;+40
j  com.google.inject.internal.InjectorShell$Builder.build(Lcom/google/inject/internal/Initializer;Lcom/google/inject/internal/ProcessedBindingData;Lcom/google/inject/internal/util/ContinuousStopwatch;Lcom/google/inject/internal/Errors;)Ljava/util/List;+163
j  com.google.inject.internal.InternalInjectorCreator.build()Lcom/google/inject/Injector;+48
j  com.google.inject.Guice.createInjector(Lcom/google/inject/Stage;Ljava/lang/Iterable;)Lcom/google/inject/Injector;+15
j  com.google.inject.Guice.createInjector(Ljava/lang/Iterable;)Lcom/google/inject/Injector;+4
j  com.google.inject.Guice.createInjector([Lcom/google/inject/Module;)Lcom/google/inject/Injector;+4
j  org.codehaus.plexus.DefaultPlexusContainer.addPlexusInjector(Ljava/util/List;[Lcom/google/inject/Module;)Lcom/google/inject/Injector;+88
j  org.codehaus.plexus.DefaultPlexusContainer.<init>(Lorg/codehaus/plexus/ContainerConfiguration;[Lcom/google/inject/Module;)V+396
j  org.apache.maven.cli.MavenCli.container(Lorg/apache/maven/cli/CliRequest;)Lorg/codehaus/plexus/PlexusContainer;+279
j  org.apache.maven.cli.MavenCli.doMain(Lorg/apache/maven/cli/CliRequest;)I+34
j  org.apache.maven.cli.MavenCli.main([Ljava/lang/String;Lorg/codehaus/plexus/classworlds/ClassWorld;)I+24
j  java.lang.invoke.DirectMethodHandle$Holder.invokeStatic(Ljava/lang/Object;Ljava/lang/Object;Ljava/lang/Object;)I+11 java.base@21.0.2
j  java.lang.invoke.LambdaForm$MH+0x000001d857009400.invoke(Ljava/lang/Object;Ljava/lang/Object;Ljava/lang/Object;Ljava/lang/Object;)Ljava/lang/Object;+54 java.base@21.0.2
j  java.lang.invoke.LambdaForm$MH+0x000001d857009800.invokeExact_MT(Ljava/lang/Object;Ljava/lang/Object;Ljava/lang/Object;Ljava/lang/Object;Ljava/lang/Object;)Ljava/lang/Object;+22 java.base@21.0.2
j  jdk.internal.reflect.DirectMethodHandleAccessor.invokeImpl(Ljava/lang/Object;[Ljava/lang/Object;)Ljava/lang/Object;+72 java.base@21.0.2
j  jdk.internal.reflect.DirectMethodHandleAccessor.invoke(Ljava/lang/Object;[Ljava/lang/Object;)Ljava/lang/Object;+23 java.base@21.0.2
j  java.lang.reflect.Method.invoke(Ljava/lang/Object;[Ljava/lang/Object;)Ljava/lang/Object;+102 java.base@21.0.2
j  org.codehaus.plexus.classworlds.launcher.Launcher.launchEnhanced([Ljava/lang/String;)V+45
j  org.codehaus.plexus.classworlds.launcher.Launcher.launch([Ljava/lang/String;)V+2
j  org.codehaus.plexus.classworlds.launcher.Launcher.mainWithExitCode([Ljava/lang/String;)I+108
j  org.codehaus.plexus.classworlds.launcher.Launcher.main([Ljava/lang/String;)V+1
v  ~StubRoutines::call_stub 0x000001d849fd100d

Compiled method (n/a)    5613  966     n 0       java.lang.ClassLoader::defineClass1 (native)
 total in heap  [0x000001d84a5b6290,0x000001d84a5b68f0] = 1632
 relocation     [0x000001d84a5b63f0,0x000001d84a5b6428] = 56
 main code      [0x000001d84a5b6440,0x000001d84a5b68ef] = 1199
 stub code      [0x000001d84a5b68ef,0x000001d84a5b68f0] = 1

[Constant Pool (empty)]

[MachCode]
[Entry Point]
  # {method} {0x000001d85643cd80} 'defineClass1' '(Ljava/lang/ClassLoader;Ljava/lang/String;[BIILjava/security/ProtectionDomain;Ljava/lang/String;)Ljava/lang/Class;' in 'java/lang/ClassLoader'
  # parm0:    rdx:rdx   = 'java/lang/ClassLoader'
  # parm1:    r8:r8     = 'java/lang/String'
  # parm2:    r9:r9     = '[B'
  # parm3:    rdi       = int
  # parm4:    rsi       = int
  # parm5:    rcx:rcx   = 'java/security/ProtectionDomain'
  # parm6:    [sp+0xa0]   = 'java/lang/String'  (sp of caller)
  0x000001d84a5b6440: 448b 5208 | 49bb 0000 | 0056 d801 | 0000 4d03 | d349 3bc2 | 0f84 0600 

  0x000001d84a5b6458: ;   {runtime_call ic_miss_stub}
  0x000001d84a5b6458: 0000 e921 | 83a6 ff90 
[Verified Entry Point]
  0x000001d84a5b6460: 8984 2400 | 80ff ff55 | 488b ec48 | 81ec 9000 | 0000 6690 | 4181 7f20 | 0100 0000 

  0x000001d84a5b647c: ;   {runtime_call StubRoutines (final stubs)}
  0x000001d84a5b647c: 7405 e8dd | e8a4 ff48 | 837d 1000 | 488d 4510 | 480f 4445 | 1048 8944 | 2440 4889 | 4c24 7048 
  0x000001d84a5b649c: 83f9 0048 | 8d44 2470 | 480f 4444 | 2470 4889 | 4424 3848 | 8974 2430 | 4889 7c24 | 284c 894c 
  0x000001d84a5b64bc: 2458 4983 | f900 488d | 4424 5848 | 0f44 4424 | 5848 8944 | 2420 4c89 | 4424 5049 | 83f8 004c 
  0x000001d84a5b64dc: 8d4c 2450 | 4c0f 444c | 2450 4889 | 5424 4848 | 83fa 004c | 8d44 2448 | 4c0f 4444 

  0x000001d84a5b64f8: ;   {oop(a 'java/lang/Class'{0x00000000c1830c78} = 'java/lang/ClassLoader')}
  0x000001d84a5b64f8: 2448 49be | 780c 83c1 | 0000 0000 | 4c89 7424 | 784c 8d74 | 2478 498b | d6c5 f877 

  0x000001d84a5b6514: ;   {internal_word}
  0x000001d84a5b6514: 49ba 1165 | 5b4a d801 | 0000 4d89 | 97a0 0300 | 0049 89a7 | 9803 0000 

  0x000001d84a5b652c: ;   {external_word}
  0x000001d84a5b652c: 49ba f945 | d264 fb7f | 0000 4180 | 3a00 0f84 | 4e00 0000 | 5241 5041 

  0x000001d84a5b6544: ;   {metadata({method} {0x000001d85643cd80} 'defineClass1' '(Ljava/lang/ClassLoader;Ljava/lang/String;[BIILjava/security/ProtectionDomain;Ljava/lang/String;)Ljava/lang/Class;' in 'java/lang/ClassLoader')}
  0x000001d84a5b6544: 5148 ba78 | cd43 56d8 | 0100 0049 | 8bcf 4883 | ec20 40f6 | c40f 0f84 | 1900 0000 | 4883 ec08 
  0x000001d84a5b6564: ;   {runtime_call}
  0x000001d84a5b6564: 48b8 4009 | 8364 fb7f | 0000 ffd0 | 4883 c408 | e90c 0000 

  0x000001d84a5b6578: ;   {runtime_call}
  0x000001d84a5b6578: 0048 b840 | 0983 64fb | 7f00 00ff | d048 83c4 | 2041 5941 | 585a 498d | 8fb8 0300 | 0041 c787 
  0x000001d84a5b6598: 4c04 0000 | 0400 0000 

  0x000001d84a5b65a0: ;   {runtime_call}
  0x000001d84a5b65a0: 48b8 ac16 | 389e fb7f | 0000 ffd0 | c5f8 7741 | c787 4c04 | 0000 0500 | 0000 f083 | 4424 c000 
  0x000001d84a5b65c0: 493b af50 | 0400 000f | 870e 0000 | 0041 83bf | 4804 0000 | 000f 842b | 0000 00c5 | f877 4889 
  0x000001d84a5b65e0: 45f8 498b | cf4c 8be4 | 4883 ec20 | 4883 e4f0 

  0x000001d84a5b65f0: ;   {runtime_call}
  0x000001d84a5b65f0: 48b8 d0c3 | 4e64 fb7f | 0000 ffd0 | 498b e44d | 33e4 488b | 45f8 41c7 | 874c 0400 | 0008 0000 
  0x000001d84a5b6610: 0041 83bf | c804 0000 | 020f 84a3 

  0x000001d84a5b661c: ;   {external_word}
  0x000001d84a5b661c: 0200 0049 | baf9 45d2 | 64fb 7f00 | 0041 803a | 000f 844c | 0000 0048 

  0x000001d84a5b6634: ;   {metadata({method} {0x000001d85643cd80} 'defineClass1' '(Ljava/lang/ClassLoader;Ljava/lang/String;[BIILjava/security/ProtectionDomain;Ljava/lang/String;)Ljava/lang/Class;' in 'java/lang/ClassLoader')}
  0x000001d84a5b6634: 8945 f848 | ba78 cd43 | 56d8 0100 | 0049 8bcf | 4883 ec20 | 40f6 c40f | 0f84 1900 | 0000 4883 
  0x000001d84a5b6654: ;   {runtime_call}
  0x000001d84a5b6654: ec08 48b8 | 4009 8364 | fb7f 0000 | ffd0 4883 | c408 e90c 

  0x000001d84a5b6668: ;   {runtime_call}
  0x000001d84a5b6668: 0000 0048 | b840 0983 | 64fb 7f00 | 00ff d048 | 83c4 2048 | 8b45 f849 | c787 9803 | 0000 0000 
  0x000001d84a5b6688: 0000 49c7 | 87a0 0300 | 0000 0000 | 00c5 f877 | 4885 c00f | 84fe 0100 | 00a8 030f | 8508 0000 
  0x000001d84a5b66a8: 0048 8b00 | e9ee 0100 | 00a8 010f | 8509 0000 | 0048 8b40 | fee9 dd01 | 0000 488b | 40ff 4180 
  0x000001d84a5b66c8: 7f40 000f | 84ce 0100 | 0048 83f8 | 000f 84c4 | 0100 0049 | 8b4f 2848 | 83f9 000f | 8414 0000 
  0x000001d84a5b66e8: 0048 83e9 | 0849 894f | 2849 034f | 3848 8901 | e9a2 0100 | 0048 81ec | d000 0000 | 4889 0424 
  0x000001d84a5b6708: 4889 4c24 | 0848 8954 | 2410 4889 | 7424 1848 | 897c 2420 | 4c89 4424 | 284c 894c | 2430 4c89 
  0x000001d84a5b6728: 5424 384c | 895c 2440 | c5fb 1144 | 2450 c5fb | 114c 2458 | c5fb 1154 | 2460 c5fb | 115c 2468 
  0x000001d84a5b6748: c5fb 1164 | 2470 c5fb | 116c 2478 | c5fb 11b4 | 2480 0000 | 00c5 fb11 | bc24 8800 | 0000 c57b 
  0x000001d84a5b6768: ;   {no_reloc}
  0x000001d84a5b6768: 1184 2490 | 0000 00c5 | 7b11 8c24 | 9800 0000 | c57b 1194 | 24a0 0000 | 00c5 7b11 | 9c24 a800 
  0x000001d84a5b6788: 0000 c57b | 11a4 24b0 | 0000 00c5 | 7b11 ac24 | b800 0000 | c57b 11b4 | 24c0 0000 | 00c5 7b11 
  0x000001d84a5b67a8: bc24 c800 | 0000 498b | d748 8bc8 | 4883 ec20 | 40f6 c40f | 0f84 1900 | 0000 4883 

  0x000001d84a5b67c4: ;   {runtime_call}
  0x000001d84a5b67c4: ec08 48b8 | 9026 4264 | fb7f 0000 | ffd0 4883 | c408 e90c 

  0x000001d84a5b67d8: ;   {runtime_call}
  0x000001d84a5b67d8: 0000 0048 | b890 2642 | 64fb 7f00 | 00ff d048 | 83c4 20c5 | 7b10 bc24 | c800 0000 | c57b 10b4 
  0x000001d84a5b67f8: 24c0 0000 | 00c5 7b10 | ac24 b800 | 0000 c57b | 10a4 24b0 | 0000 00c5 | 7b10 9c24 | a800 0000 
  0x000001d84a5b6818: c57b 1094 | 24a0 0000 | 00c5 7b10 | 8c24 9800 | 0000 c57b | 1084 2490 | 0000 00c5 | fb10 bc24 
  0x000001d84a5b6838: 8800 0000 | c5fb 10b4 | 2480 0000 | 00c5 fb10 | 6c24 78c5 | fb10 6424 | 70c5 fb10 | 5c24 68c5 
  0x000001d84a5b6858: fb10 5424 | 60c5 fb10 | 4c24 58c5 | fb10 4424 | 504c 8b5c | 2440 4c8b | 5424 384c | 8b4c 2430 
  0x000001d84a5b6878: 4c8b 4424 | 2848 8b7c | 2420 488b | 7424 1848 | 8b54 2410 | 488b 4c24 | 0848 8b04 | 2448 81c4 
  0x000001d84a5b6898: d000 0000 | c5f8 7749 | 8b8f 2804 | 0000 c781 | 0001 0000 | 0000 0000 | c949 837f | 0800 0f85 
  0x000001d84a5b68b8: 0100 0000 

  0x000001d84a5b68bc: ;   {runtime_call StubRoutines (initial stubs)}
  0x000001d84a5b68bc: c3e9 3ea6 | a1ff c5f8 | 7748 8945 | f84c 8be4 | 4883 ec20 | 4883 e4f0 

  0x000001d84a5b68d4: ;   {runtime_call}
  0x000001d84a5b68d4: 48b8 7041 | 8364 fb7f | 0000 ffd0 | 498b e44d | 33e4 488b | 45f8 e930 | fdff fff4 
[/MachCode]


Compiled method (c1)    5636  968       3       java.lang.ClassLoader::defineClass (43 bytes)
 total in heap  [0x000001d842c76f10,0x000001d842c77868] = 2392
 relocation     [0x000001d842c77070,0x000001d842c77110] = 160
 main code      [0x000001d842c77120,0x000001d842c775c0] = 1184
 stub code      [0x000001d842c775c0,0x000001d842c77638] = 120
 metadata       [0x000001d842c77638,0x000001d842c77668] = 48
 scopes data    [0x000001d842c77668,0x000001d842c77758] = 240
 scopes pcs     [0x000001d842c77758,0x000001d842c77838] = 224
 dependencies   [0x000001d842c77838,0x000001d842c77840] = 8
 nul chk table  [0x000001d842c77840,0x000001d842c77868] = 40

[Constant Pool (empty)]

[MachCode]
[Entry Point]
  # {method} {0x000001d85643d100} 'defineClass' '(Ljava/lang/String;[BIILjava/security/ProtectionDomain;)Ljava/lang/Class;' in 'java/lang/ClassLoader'
  # this:     rdx:rdx   = 'java/lang/ClassLoader'
  # parm0:    r8:r8     = 'java/lang/String'
  # parm1:    r9:r9     = '[B'
  # parm2:    rdi       = int
  # parm3:    rsi       = int
  # parm4:    rcx:rcx   = 'java/security/ProtectionDomain'
  #           [sp+0xc0]  (sp of caller)
  0x000001d842c77120: 448b 5208 | 49bb 0000 | 0056 d801 | 0000 4d03 | d34c 3bd0 

  0x000001d842c77134: ;   {runtime_call ic_miss_stub}
  0x000001d842c77134: 0f85 4676 | 3a07 660f | 1f44 0000 
[Verified Entry Point]
  0x000001d842c77140: 8984 2400 | 80ff ff55 | 4881 ecb0 | 0000 0090 | 4181 7f20 | 0100 0000 

  0x000001d842c77158: ;   {runtime_call StubRoutines (final stubs)}
  0x000001d842c77158: 7405 e801 | dc38 0748 | 8954 2478 

  0x000001d842c77164: ;   {metadata(method data for {method} {0x000001d85643d100} 'defineClass' '(Ljava/lang/String;[BIILjava/security/ProtectionDomain;)Ljava/lang/Class;' in 'java/lang/ClassLoader')}
  0x000001d842c77164: 48bb 38f7 | 1997 d801 | 0000 8b83 | cc00 0000 | 83c0 0289 | 83cc 0000 | 0025 fe07 | 0000 85c0 
  0x000001d842c77184: 0f84 5803 | 0000 89b4 | 2494 0000 | 0089 bc24 | 9000 0000 | 4c89 8c24 | 8800 0000 

  0x000001d842c771a0: ;   {metadata(method data for {method} {0x000001d85643d100} 'defineClass' '(Ljava/lang/String;[BIILjava/security/ProtectionDomain;)Ljava/lang/Class;' in 'java/lang/ClassLoader')}
  0x000001d842c771a0: 488b da48 | b838 f719 | 97d8 0100 | 0048 8380 | 1001 0000 | 0149 8bd8 | 4c8b c34c | 8bc9 488b 
  0x000001d842c771c0: ca48 8bd1 | 4889 9c24 | 8000 0000 

  0x000001d842c771cc: ;   {optimized virtual_call}
  0x000001d842c771cc: 6666 90e8 

  0x000001d842c771d0: ; ImmutableOopMap {[120]=Oop [128]=Oop [136]=Oop }
                      ;*invokevirtual preDefineClass {reexecute=0 rethrow=0 return_oop=0}
                      ; - java.lang.ClassLoader::defineClass@4 (line 1025)
  0x000001d842c771d0: 4c8d feff 

  0x000001d842c771d4: ;   {other}
  0x000001d842c771d4: 0f1f 8400 | c402 0000 | 4889 8424 | 9800 0000 | 488b 5424 

  0x000001d842c771e8: ;   {metadata(method data for {method} {0x000001d85643d100} 'defineClass' '(Ljava/lang/String;[BIILjava/security/ProtectionDomain;)Ljava/lang/Class;' in 'java/lang/ClassLoader')}
  0x000001d842c771e8: 7849 b838 | f719 97d8 | 0100 0049 | 8380 4801 

  0x000001d842c771f8: ;   {metadata(method data for {method} {0x000001d85643cde8} 'defineClassSourceLocation' '(Ljava/security/ProtectionDomain;)Ljava/lang/String;' in 'java/lang/ClassLoader')}
  0x000001d842c771f8: 0000 0149 | b830 541c | 97d8 0100 | 0041 8b90 | cc00 0000 | 83c2 0241 | 8990 cc00 | 0000 81e2 
  0x000001d842c77218: feff 1f00 | 85d2 0f84 | df02 0000 

  0x000001d842c77224: ; implicit exception: dispatches to 0x000001d842c77524
  0x000001d842c77224: 483b 004c 

  0x000001d842c77228: ;   {metadata(method data for {method} {0x000001d85643cde8} 'defineClassSourceLocation' '(Ljava/security/ProtectionDomain;)Ljava/lang/String;' in 'java/lang/ClassLoader')}
  0x000001d842c77228: 8bc0 48ba | 3054 1c97 | d801 0000 | 4883 8210 | 0100 0001 | 448b 4010 

  0x000001d842c77240: ;   {metadata(method data for {method} {0x000001d85643cde8} 'defineClassSourceLocation' '(Ljava/security/ProtectionDomain;)Ljava/lang/String;' in 'java/lang/ClassLoader')}
  0x000001d842c77240: 4d85 c048 | ba30 541c | 97d8 0100 | 0048 be58 | 0100 0000 | 0000 0075 | 0a48 be48 | 0100 0000 
  0x000001d842c77260: 0000 0048 | 8b3c 3248 | 8d7f 0148 | 893c 320f | 850f 0000 

  0x000001d842c77274: ;   {oop(nullptr)}
  0x000001d842c77274: 0048 bb00 | 0000 0000 | 0000 00e9 | a301 0000 

  0x000001d842c77284: ; implicit exception: dispatches to 0x000001d842c77529
  0x000001d842c77284: 493b 0049 

  0x000001d842c77288: ;   {metadata(method data for {method} {0x000001d85643cde8} 'defineClassSourceLocation' '(Ljava/security/ProtectionDomain;)Ljava/lang/String;' in 'java/lang/ClassLoader')}
  0x000001d842c77288: 8bd0 48be | 3054 1c97 | d801 0000 | 4883 8668 | 0100 0001 | 418b 500c 

  0x000001d842c772a0: ;   {metadata(method data for {method} {0x000001d85643cde8} 'defineClassSourceLocation' '(Ljava/security/ProtectionDomain;)Ljava/lang/String;' in 'java/lang/ClassLoader')}
  0x000001d842c772a0: 4885 d248 | be30 541c | 97d8 0100 | 0048 bfb0 | 0100 0000 | 0000 0075 | 0a48 bfa0 | 0100 0000 
  0x000001d842c772c0: 0000 0048 | 8b1c 3e48 | 8d5b 0148 | 891c 3e0f | 850f 0000 

  0x000001d842c772d4: ;   {oop(nullptr)}
  0x000001d842c772d4: 0048 bb00 | 0000 0000 | 0000 00e9 | 4301 0000 

  0x000001d842c772e4: ;   {metadata(method data for {method} {0x000001d85643cde8} 'defineClassSourceLocation' '(Ljava/security/ProtectionDomain;)Ljava/lang/String;' in 'java/lang/ClassLoader')}
  0x000001d842c772e4: 48be 3054 | 1c97 d801 | 0000 4883 | 86c0 0100 | 0001 483b | 024c 8bc2 

  0x000001d842c772fc: ;   {metadata(method data for {method} {0x000001d85643cde8} 'defineClassSourceLocation' '(Ljava/security/ProtectionDomain;)Ljava/lang/String;' in 'java/lang/ClassLoader')}
  0x000001d842c772fc: 48be 3054 | 1c97 d801 | 0000 4883 | 86f8 0100 

  0x000001d842c7730c: ;   {metadata(method data for {method} {0x000001d85601aa98} 'toString' '()Ljava/lang/String;' in 'java/net/URL')}
  0x000001d842c7730c: 0001 49b8 | 7078 1797 | d801 0000 | 418b b0cc | 0000 0083 | c602 4189 | b0cc 0000 | 0081 e6fe 
  0x000001d842c7732c: ff1f 0085 | f60f 84fc | 0100 004c 

  0x000001d842c77338: ;   {metadata(method data for {method} {0x000001d85601aa98} 'toString' '()Ljava/lang/String;' in 'java/net/URL')}
  0x000001d842c77338: 8bc2 48be | 7078 1797 | d801 0000 | 4883 8610 | 0100 0001 

  0x000001d842c7734c: ;   {metadata(method data for {method} {0x000001d856430a00} 'toExternalForm' '()Ljava/lang/String;' in 'java/net/URL')}
  0x000001d842c7734c: 49b8 188b | 1397 d801 | 0000 418b | b0cc 0000 | 0083 c602 | 4189 b0cc | 0000 0081 | e6fe ff1f 
  0x000001d842c7736c: 0085 f60f | 84df 0100 | 008b 7238 

  0x000001d842c77378: ; implicit exception: dispatches to 0x000001d842c77575
  0x000001d842c77378: 483b 064c 

  0x000001d842c7737c: ;   {metadata(method data for {method} {0x000001d856430a00} 'toExternalForm' '()Ljava/lang/String;' in 'java/net/URL')}
  0x000001d842c7737c: 8bc6 48bf | 188b 1397 | d801 0000 | 458b 4008 | 49ba 0000 | 0056 d801 | 0000 4d03 | c24c 3b87 
  0x000001d842c7739c: 2001 0000 | 750d 4883 | 8728 0100 | 0001 e960 | 0000 004c | 3b87 3001 | 0000 750d | 4883 8738 
  0x000001d842c773bc: 0100 0001 | e94a 0000 | 0048 83bf | 2001 0000 | 0075 174c | 8987 2001 | 0000 48c7 | 8728 0100 
  0x000001d842c773dc: 0001 0000 | 00e9 2900 | 0000 4883 | bf30 0100 | 0000 7517 | 4c89 8730 | 0100 0048 | c787 3801 
  0x000001d842c773fc: 0000 0100 | 0000 e908 | 0000 0048 | 8387 1001 | 0000 014c | 8bc2 488b 

  0x000001d842c77414: ;   {optimized virtual_call}
  0x000001d842c77414: d666 90e8 

  0x000001d842c77418: ; ImmutableOopMap {[120]=Oop [128]=Oop [136]=Oop [152]=Oop }
                      ;*invokevirtual toExternalForm {reexecute=0 rethrow=0 return_oop=0}
                      ; - java.net.URL::toExternalForm@5 (line 1203)
                      ; - java.net.URL::toString@1 (line 1189)
                      ; - java.lang.ClassLoader::defineClassSourceLocation@22 (line 927)
                      ; - java.lang.ClassLoader::defineClass@12 (line 1026)
  0x000001d842c77418: 84f3 f0ff 

  0x000001d842c7741c: ;   {other}
  0x000001d842c7741c: 0f1f 8400 | 0c05 0001 | 488b d848 | 8b84 2498 | 0000 008b | b424 9400 | 0000 8bbc | 2490 0000 
  0x000001d842c7743c: 004c 8b8c | 2488 0000 | 004c 8b84 | 2480 0000 | 0048 8b54 

  0x000001d842c77450: ;   {metadata(method data for {method} {0x000001d85643d100} 'defineClass' '(Ljava/lang/String;[BIILjava/security/ProtectionDomain;)Ljava/lang/Class;' in 'java/lang/ClassLoader')}
  0x000001d842c77450: 2478 48b9 | 38f7 1997 | d801 0000 | 4883 8180 | 0100 0001 | 4c8b da49 | 8bd3 488b | c848 891c 
  0x000001d842c77470: 2466 0f1f 

  0x000001d842c77474: ;   {static_call}
  0x000001d842c77474: 4400 00e8 

  0x000001d842c77478: ; ImmutableOopMap {[120]=Oop [152]=Oop }
                      ;*invokestatic defineClass1 {reexecute=0 rethrow=0 return_oop=0}
                      ; - java.lang.ClassLoader::defineClass@27 (line 1027)
  0x000001d842c77478: e4ef 9307 

  0x000001d842c7747c: ;   {other}
  0x000001d842c7747c: 0f1f 8400 | 6c05 0002 | 488b 5424 

  0x000001d842c77488: ;   {metadata(method data for {method} {0x000001d85643d100} 'defineClass' '(Ljava/lang/String;[BIILjava/security/ProtectionDomain;)Ljava/lang/Class;' in 'java/lang/ClassLoader')}
  0x000001d842c77488: 7849 b838 | f719 97d8 | 0100 0049 | 8380 9001 | 0000 014c | 8bc0 4c8b | 8c24 9800 | 0000 488b 
  0x000001d842c774a8: 5424 7848 | 8984 24a0 | 0000 000f 

  0x000001d842c774b4: ;   {optimized virtual_call}
  0x000001d842c774b4: 1f40 00e8 

  0x000001d842c774b8: ; ImmutableOopMap {[160]=Oop }
                      ;*invokevirtual postDefineClass {reexecute=0 rethrow=0 return_oop=0}
                      ; - java.lang.ClassLoader::defineClass@37 (line 1028)
  0x000001d842c774b8: 64d9 ffff 

  0x000001d842c774bc: ;   {other}
  0x000001d842c774bc: 0f1f 8400 | ac05 0003 | 488b 8424 | a000 0000 | 4881 c4b0 | 0000 005d 

  0x000001d842c774d4: ;   {poll_return}
  0x000001d842c774d4: 493b a750 | 0400 000f | 8799 0000 

  0x000001d842c774e0: ;   {metadata({method} {0x000001d85643d100} 'defineClass' '(Ljava/lang/String;[BIILjava/security/ProtectionDomain;)Ljava/lang/Class;' in 'java/lang/ClassLoader')}
  0x000001d842c774e0: 00c3 49ba | f8d0 4356 | d801 0000 | 4c89 5424 | 0848 c704 | 24ff ffff 

  0x000001d842c774f8: ;   {runtime_call counter_overflow Runtime1 stub}
  0x000001d842c774f8: ffe8 82e4 

  0x000001d842c774fc: ; ImmutableOopMap {rdx=Oop r8=Oop r9=Oop rcx=Oop [120]=Oop }
                      ;*synchronization entry
                      ; - java.lang.ClassLoader::defineClass@-1 (line 1025)
  0x000001d842c774fc: 4607 e987 

  0x000001d842c77500: ;   {metadata({method} {0x000001d85643cde8} 'defineClassSourceLocation' '(Ljava/security/ProtectionDomain;)Ljava/lang/String;' in 'java/lang/ClassLoader')}
  0x000001d842c77500: fcff ff49 | bae0 cd43 | 56d8 0100 | 004c 8954 | 2408 48c7 | 0424 ffff 

  0x000001d842c77518: ;   {runtime_call counter_overflow Runtime1 stub}
  0x000001d842c77518: ffff e861 

  0x000001d842c7751c: ; ImmutableOopMap {rax=Oop [120]=Oop [128]=Oop [136]=Oop [152]=Oop }
                      ;*synchronization entry
                      ; - java.lang.ClassLoader::defineClassSourceLocation@-1 (line 924)
                      ; - java.lang.ClassLoader::defineClass@12 (line 1026)
  0x000001d842c7751c: e446 07e9 | 00fd ffff 

  0x000001d842c77524: ;   {runtime_call throw_null_pointer_exception Runtime1 stub}
  0x000001d842c77524: e857 9346 

  0x000001d842c77528: ; ImmutableOopMap {rax=Oop [120]=Oop [128]=Oop [136]=Oop [152]=Oop }
                      ;*invokevirtual getCodeSource {reexecute=0 rethrow=0 return_oop=0}
                      ; - java.lang.ClassLoader::defineClassSourceLocation@1 (line 924)
                      ; - java.lang.ClassLoader::defineClass@12 (line 1026)
                      ;   {runtime_call throw_null_pointer_exception Runtime1 stub}
  0x000001d842c77528: 07e8 5293 

  0x000001d842c7752c: ; ImmutableOopMap {rax=Oop r8=Oop [120]=Oop [128]=Oop [136]=Oop [152]=Oop }
                      ;*invokevirtual getLocation {reexecute=0 rethrow=0 return_oop=0}
                      ; - java.lang.ClassLoader::defineClassSourceLocation@12 (line 926)
                      ; - java.lang.ClassLoader::defineClass@12 (line 1026)
                      ;   {runtime_call throw_null_pointer_exception Runtime1 stub}
  0x000001d842c7752c: 4607 e84d 

  0x000001d842c77530: ; ImmutableOopMap {rdx=Oop [120]=Oop [128]=Oop [136]=Oop [152]=Oop }
                      ;*invokevirtual toString {reexecute=0 rethrow=0 return_oop=0}
                      ; - java.lang.ClassLoader::defineClassSourceLocation@22 (line 927)
                      ; - java.lang.ClassLoader::defineClass@12 (line 1026)
                      ;   {metadata({method} {0x000001d85601aa98} 'toString' '()Ljava/lang/String;' in 'java/net/URL')}
  0x000001d842c77530: 9346 0749 | ba90 aa01 | 56d8 0100 | 004c 8954 | 2408 48c7 | 0424 ffff 

  0x000001d842c77548: ;   {runtime_call counter_overflow Runtime1 stub}
  0x000001d842c77548: ffff e831 

  0x000001d842c7754c: ; ImmutableOopMap {rdx=Oop [120]=Oop [128]=Oop [136]=Oop [152]=Oop }
                      ;*synchronization entry
                      ; - java.net.URL::toString@-1 (line 1189)
                      ; - java.lang.ClassLoader::defineClassSourceLocation@22 (line 927)
                      ; - java.lang.ClassLoader::defineClass@12 (line 1026)
  0x000001d842c7754c: e446 07e9 | e3fd ffff 

  0x000001d842c77554: ;   {metadata({method} {0x000001d856430a00} 'toExternalForm' '()Ljava/lang/String;' in 'java/net/URL')}
  0x000001d842c77554: 49ba f809 | 4356 d801 | 0000 4c89 | 5424 0848 | c704 24ff 

  0x000001d842c77568: ;   {runtime_call counter_overflow Runtime1 stub}
  0x000001d842c77568: ffff ffe8 

  0x000001d842c7756c: ; ImmutableOopMap {rdx=Oop [120]=Oop [128]=Oop [136]=Oop [152]=Oop }
                      ;*synchronization entry
                      ; - java.net.URL::toExternalForm@-1 (line 1203)
                      ; - java.net.URL::toString@1 (line 1189)
                      ; - java.lang.ClassLoader::defineClassSourceLocation@22 (line 927)
                      ; - java.lang.ClassLoader::defineClass@12 (line 1026)
  0x000001d842c7756c: 10e4 4607 | e900 feff 

  0x000001d842c77574: ;   {runtime_call throw_null_pointer_exception Runtime1 stub}
  0x000001d842c77574: ffe8 0693 

  0x000001d842c77578: ; ImmutableOopMap {rdx=Oop rsi=Oop [120]=Oop [128]=Oop [136]=Oop [152]=Oop }
                      ;*invokevirtual toExternalForm {reexecute=0 rethrow=0 return_oop=0}
                      ; - java.net.URL::toExternalForm@5 (line 1203)
                      ; - java.net.URL::toString@1 (line 1189)
                      ; - java.lang.ClassLoader::defineClassSourceLocation@22 (line 927)
                      ; - java.lang.ClassLoader::defineClass@12 (line 1026)
                      ;   {internal_word}
  0x000001d842c77578: 4607 49ba | d474 c742 | d801 0000 | 4d89 9768 

  0x000001d842c77588: ;   {runtime_call SafepointBlob}
  0x000001d842c77588: 0400 00e9 | 70e1 3a07 | 498b 8700 | 0500 0049 | c787 0005 | 0000 0000 | 0000 49c7 | 8708 0500 
  0x000001d842c775a8: 0000 0000 | 0048 81c4 | b000 0000 

  0x000001d842c775b4: ;   {runtime_call unwind_exception Runtime1 stub}
  0x000001d842c775b4: 5de9 c683 | 4607 f4f4 | f4f4 f4f4 
[Stub Code]
  0x000001d842c775c0: ;   {no_reloc}
  0x000001d842c775c0: 0f1f 4400 

  0x000001d842c775c4: ;   {static_stub}
  0x000001d842c775c4: 0048 bb00 | 0000 0000 

  0x000001d842c775cc: ;   {runtime_call}
  0x000001d842c775cc: 0000 00e9 | fbff ffff 

  0x000001d842c775d4: ;   {static_stub}
  0x000001d842c775d4: 48bb 0000 | 0000 0000 

  0x000001d842c775dc: ;   {runtime_call}
  0x000001d842c775dc: 0000 e9fb 

  0x000001d842c775e0: ;   {static_stub}
  0x000001d842c775e0: ffff ff48 | bb00 0000 | 0000 0000 

  0x000001d842c775ec: ;   {runtime_call}
  0x000001d842c775ec: 00e9 fbff 

  0x000001d842c775f0: ;   {static_stub}
  0x000001d842c775f0: ffff 48bb | 0000 0000 | 0000 0000 

  0x000001d842c775fc: ;   {runtime_call}
  0x000001d842c775fc: e9fb ffff 

  0x000001d842c77600: ;   {runtime_call handle_exception_from_callee Runtime1 stub}
  0x000001d842c77600: ffe8 7ab0 

  0x000001d842c77604: ;   {external_word}
  0x000001d842c77604: 4607 48b9 | 0048 aa64 | fb7f 0000 | 4883 e4f0 

  0x000001d842c77614: ;   {runtime_call}
  0x000001d842c77614: 48b8 4024 | 7264 fb7f | 0000 ffd0 

  0x000001d842c77620: ;   {section_word}
  0x000001d842c77620: f449 ba21 | 76c7 42d8 | 0100 0041 

  0x000001d842c7762c: ;   {runtime_call DeoptimizationBlob}
  0x000001d842c7762c: 52e9 6ed3 | 3a07 f4f4 | f4f4 f4f4 
[/MachCode]


Compiled method (c1)    5664  929       3       java.security.SecureClassLoader::defineClass (16 bytes)
 total in heap  [0x000001d842c66c10,0x000001d842c67010] = 1024
 relocation     [0x000001d842c66d70,0x000001d842c66dc0] = 80
 main code      [0x000001d842c66dc0,0x000001d842c66f18] = 344
 stub code      [0x000001d842c66f18,0x000001d842c66f68] = 80
 metadata       [0x000001d842c66f68,0x000001d842c66f70] = 8
 scopes data    [0x000001d842c66f70,0x000001d842c66fb8] = 72
 scopes pcs     [0x000001d842c66fb8,0x000001d842c67008] = 80
 dependencies   [0x000001d842c67008,0x000001d842c67010] = 8

[Constant Pool (empty)]

[MachCode]
[Entry Point]
  # {method} {0x000001d85604d810} 'defineClass' '(Ljava/lang/String;[BIILjava/security/CodeSource;)Ljava/lang/Class;' in 'java/security/SecureClassLoader'
  # this:     rdx:rdx   = 'java/security/SecureClassLoader'
  # parm0:    r8:r8     = 'java/lang/String'
  # parm1:    r9:r9     = '[B'
  # parm2:    rdi       = int
  # parm3:    rsi       = int
  # parm4:    rcx:rcx   = 'java/security/CodeSource'
  #           [sp+0x80]  (sp of caller)
  0x000001d842c66dc0: 448b 5208 | 49bb 0000 | 0056 d801 | 0000 4d03 | d34c 3bd0 

  0x000001d842c66dd4: ;   {runtime_call ic_miss_stub}
  0x000001d842c66dd4: 0f85 a679 | 3b07 660f | 1f44 0000 
[Verified Entry Point]
  0x000001d842c66de0: 8984 2400 | 80ff ff55 | 4883 ec70 | 4181 7f20 | 0100 0000 

  0x000001d842c66df4: ;   {runtime_call StubRoutines (final stubs)}
  0x000001d842c66df4: 7405 e865 

  0x000001d842c66df8: ;   {metadata(method data for {method} {0x000001d85604d810} 'defineClass' '(Ljava/lang/String;[BIILjava/security/CodeSource;)Ljava/lang/Class;' in 'java/security/SecureClassLoader')}
  0x000001d842c66df8: df39 0748 | bb80 4918 | 97d8 0100 | 008b 83cc | 0000 0083 | c002 8983 | cc00 0000 | 25fe 0700 
  0x000001d842c66e18: 0085 c00f | 8496 0000 | 0089 7424 | 5c89 7c24 | 584c 894c | 2450 4c89 | 4424 4848 

  0x000001d842c66e34: ;   {metadata(method data for {method} {0x000001d85604d810} 'defineClass' '(Ljava/lang/String;[BIILjava/security/CodeSource;)Ljava/lang/Class;' in 'java/security/SecureClassLoader')}
  0x000001d842c66e34: 8bda 48b8 | 8049 1897 | d801 0000 | 4883 8010 | 0100 0001 | 4c8b c148 | 8bc2 488b | d048 8944 
  0x000001d842c66e54: ;   {optimized virtual_call}
  0x000001d842c66e54: 2440 90e8 

  0x000001d842c66e58: ; ImmutableOopMap {[64]=Oop [72]=Oop [80]=Oop }
                      ;*invokevirtual getProtectionDomain {reexecute=0 rethrow=0 return_oop=0}
                      ; - java.security.SecureClassLoader::defineClass@9 (line 150)
  0x000001d842c66e58: 4477 ffff 

  0x000001d842c66e5c: ;   {other}
  0x000001d842c66e5c: 0f1f 8400 | 4c02 0000 | 488b 5424 

  0x000001d842c66e68: ;   {metadata(method data for {method} {0x000001d85604d810} 'defineClass' '(Ljava/lang/String;[BIILjava/security/CodeSource;)Ljava/lang/Class;' in 'java/security/SecureClassLoader')}
  0x000001d842c66e68: 4049 b880 | 4918 97d8 | 0100 0049 | 8380 4801 | 0000 014c | 8b44 2448 | 4c8b 4c24 | 508b 7c24 
  0x000001d842c66e88: 588b 7424 | 5c48 8bc8 | 488b 5424 

  0x000001d842c66e94: ;   {optimized virtual_call}
  0x000001d842c66e94: 4066 90e8 

  0x000001d842c66e98: ; ImmutableOopMap {}
                      ;*invokevirtual defineClass {reexecute=0 rethrow=0 return_oop=0}
                      ; - java.security.SecureClassLoader::defineClass@12 (line 150)
  0x000001d842c66e98: a402 0100 

  0x000001d842c66e9c: ;   {other}
  0x000001d842c66e9c: 0f1f 8400 | 8c02 0001 | 4883 c470 

  0x000001d842c66ea8: ;   {poll_return}
  0x000001d842c66ea8: 5d49 3ba7 | 5004 0000 | 0f87 2200 

  0x000001d842c66eb4: ;   {metadata({method} {0x000001d85604d810} 'defineClass' '(Ljava/lang/String;[BIILjava/security/CodeSource;)Ljava/lang/Class;' in 'java/security/SecureClassLoader')}
  0x000001d842c66eb4: 0000 c349 | ba08 d804 | 56d8 0100 | 004c 8954 | 2408 48c7 | 0424 ffff 

  0x000001d842c66ecc: ;   {runtime_call counter_overflow Runtime1 stub}
  0x000001d842c66ecc: ffff e8ad 

  0x000001d842c66ed0: ; ImmutableOopMap {rdx=Oop r8=Oop r9=Oop rcx=Oop }
                      ;*synchronization entry
                      ; - java.security.SecureClassLoader::defineClass@-1 (line 150)
  0x000001d842c66ed0: ea47 07e9 | 49ff ffff 

  0x000001d842c66ed8: ;   {internal_word}
  0x000001d842c66ed8: 49ba a96e | c642 d801 | 0000 4d89 | 9768 0400 

  0x000001d842c66ee8: ;   {runtime_call SafepointBlob}
  0x000001d842c66ee8: 00e9 12e8 | 3b07 498b | 8700 0500 | 0049 c787 | 0005 0000 | 0000 0000 | 49c7 8708 | 0500 0000 
  0x000001d842c66f08: 0000 0048 | 83c4 705d 

  0x000001d842c66f10: ;   {runtime_call unwind_exception Runtime1 stub}
  0x000001d842c66f10: e96b 8a47 | 07f4 f4f4 
[Stub Code]
  0x000001d842c66f18: ;   {no_reloc}
  0x000001d842c66f18: 48bb 0000 | 0000 0000 

  0x000001d842c66f20: ;   {runtime_call}
  0x000001d842c66f20: 0000 e9fb 

  0x000001d842c66f24: ;   {static_stub}
  0x000001d842c66f24: ffff ff48 | bbf8 d043 | 56d8 0100 

  0x000001d842c66f30: ;   {runtime_call I2C/C2I adapters}
  0x000001d842c66f30: 00e9 3fa2 

  0x000001d842c66f34: ;   {runtime_call handle_exception_from_callee Runtime1 stub}
  0x000001d842c66f34: 3a07 e845 

  0x000001d842c66f38: ;   {external_word}
  0x000001d842c66f38: b747 0748 | b900 48aa | 64fb 7f00 | 0048 83e4 

  0x000001d842c66f48: ;   {runtime_call}
  0x000001d842c66f48: f048 b840 | 2472 64fb | 7f00 00ff 

  0x000001d842c66f54: ;   {section_word}
  0x000001d842c66f54: d0f4 49ba | 566f c642 | d801 0000 

  0x000001d842c66f60: ;   {runtime_call DeoptimizationBlob}
  0x000001d842c66f60: 4152 e939 | da3b 07f4 
[/MachCode]


---------------  P R O C E S S  ---------------

Threads class SMR info:
_java_thread_list=0x000001d85553ca30, length=11, elements={
0x000001d838520f30, 0x000001d8552bb860, 0x000001d8552bcfe0, 0x000001d8552be9c0,
0x000001d8552bf620, 0x000001d8552c2490, 0x000001d8552c2ef0, 0x000001d8552c5c90,
0x000001d8552c8740, 0x000001d855539210, 0x000001d85553cca0
}

Java Threads: ( => current thread )
=>0x000001d838520f30 JavaThread "main"                              [_thread_in_vm, id=4504, stack(0x0000002f89900000,0x0000002f89a00000) (1024K)]
  0x000001d8552bb860 JavaThread "Reference Handler"          daemon [_thread_blocked, id=10648, stack(0x0000002f8a100000,0x0000002f8a200000) (1024K)]
  0x000001d8552bcfe0 JavaThread "Finalizer"                  daemon [_thread_blocked, id=17728, stack(0x0000002f8a200000,0x0000002f8a300000) (1024K)]
  0x000001d8552be9c0 JavaThread "Signal Dispatcher"          daemon [_thread_blocked, id=18308, stack(0x0000002f8a300000,0x0000002f8a400000) (1024K)]
  0x000001d8552bf620 JavaThread "Attach Listener"            daemon [_thread_blocked, id=11328, stack(0x0000002f8a400000,0x0000002f8a500000) (1024K)]
  0x000001d8552c2490 JavaThread "Service Thread"             daemon [_thread_blocked, id=20704, stack(0x0000002f8a500000,0x0000002f8a600000) (1024K)]
  0x000001d8552c2ef0 JavaThread "Monitor Deflation Thread"   daemon [_thread_blocked, id=2472, stack(0x0000002f8a600000,0x0000002f8a700000) (1024K)]
  0x000001d8552c5c90 JavaThread "C2 CompilerThread0"         daemon [_thread_blocked, id=16652, stack(0x0000002f8a700000,0x0000002f8a800000) (1024K)]
  0x000001d8552c8740 JavaThread "C1 CompilerThread0"         daemon [_thread_in_native, id=1980, stack(0x0000002f8a800000,0x0000002f8a900000) (1024K)]
  0x000001d855539210 JavaThread "Notification Thread"        daemon [_thread_blocked, id=17236, stack(0x0000002f8a900000,0x0000002f8aa00000) (1024K)]
  0x000001d85553cca0 JavaThread "Common-Cleaner"             daemon [_thread_blocked, id=1744, stack(0x0000002f8aa00000,0x0000002f8ab00000) (1024K)]
Total: 11

Other Threads:
  0x000001d83a6ee450 VMThread "VM Thread"                           [id=16776, stack(0x0000002f8a000000,0x0000002f8a100000) (1024K)]
  0x000001d83a6d7340 WatcherThread "VM Periodic Task Thread"        [id=13368, stack(0x0000002f89f00000,0x0000002f8a000000) (1024K)]
  0x000001d83a664220 WorkerThread "GC Thread#0"                     [id=9704, stack(0x0000002f89a00000,0x0000002f89b00000) (1024K)]
  0x000001d89b5433b0 WorkerThread "GC Thread#1"                     [id=784, stack(0x0000002f8ab00000,0x0000002f8ac00000) (1024K)]
  0x000001d89b60f3d0 WorkerThread "GC Thread#2"                     [id=11884, stack(0x0000002f8ac00000,0x0000002f8ad00000) (1024K)]
  0x000001d89b621260 WorkerThread "GC Thread#3"                     [id=21104, stack(0x0000002f8ad00000,0x0000002f8ae00000) (1024K)]
  0x000001d83a66d810 ConcurrentGCThread "G1 Main Marker"            [id=936, stack(0x0000002f89b00000,0x0000002f89c00000) (1024K)]
  0x000001d83a66e9d0 WorkerThread "G1 Conc#0"                       [id=7960, stack(0x0000002f89c00000,0x0000002f89d00000) (1024K)]
  0x000001d83a6c4980 ConcurrentGCThread "G1 Refine#0"               [id=9616, stack(0x0000002f89d00000,0x0000002f89e00000) (1024K)]
  0x000001d83a6c5400 ConcurrentGCThread "G1 Service"                [id=14192, stack(0x0000002f89e00000,0x0000002f89f00000) (1024K)]
Total: 10

Threads with active compile tasks:
C1 CompilerThread0     5676 1823       3       com.google.inject.internal.ProviderInstanceBindingImpl::<init> (23 bytes)
Total: 1

VM state: not at safepoint (normal execution)

VM Mutex/Monitor currently owned by a thread: None

Heap address: 0x00000000c1600000, size: 1002 MB, Compressed Oops mode: 32-bit

CDS archive(s) mapped at: [0x000001d856000000-0x000001d856c90000-0x000001d856c90000), size 13172736, SharedBaseAddress: 0x000001d856000000, ArchiveRelocationMode: 1.
Compressed class space mapped at: 0x000001d857000000-0x000001d897000000, reserved size: 1073741824
Narrow klass base: 0x000001d856000000, Narrow klass shift: 0, Narrow klass range: 0x100000000

GC Precious Log:
 CardTable entry size: 512
 Card Set container configuration: InlinePtr #cards 5 size 8 Array Of Cards #cards 12 size 40 Howl #buckets 4 coarsen threshold 1843 Howl Bitmap #cards 512 size 80 coarsen threshold 460 Card regions per heap region 1 cards per card region 2048
 CPUs: 4 total, 4 available
 Memory: 4000M
 Large Page Support: Disabled
 NUMA Support: Disabled
 Compressed Oops: Enabled (32-bit)
 Heap Region Size: 1M
 Heap Min Capacity: 8M
 Heap Initial Capacity: 64M
 Heap Max Capacity: 1002M
 Pre-touch: Disabled
 Parallel Workers: 4
 Concurrent Workers: 1
 Concurrent Refinement Workers: 4
 Periodic GC: Disabled

Heap:
 garbage-first heap   total 65536K, used 23885K [0x00000000c1600000, 0x0000000100000000)
  region size 1024K, 21 young (21504K), 1 survivors (1024K)
 Metaspace       used 9403K, committed 9600K, reserved 1114112K
  class space    used 1111K, committed 1216K, reserved 1048576K

Heap Regions: E=young(eden), S=young(survivor), O=old, HS=humongous(starts), HC=humongous(continues), CS=collection set, F=free, TAMS=top-at-mark-start, PB=parsable bottom
|   0|0x00000000c1600000, 0x00000000c1700000, 0x00000000c1700000|100%| O|  |TAMS 0x00000000c1600000| PB 0x00000000c1600000| Untracked 
|   1|0x00000000c1700000, 0x00000000c1800000, 0x00000000c1800000|100%| O|  |TAMS 0x00000000c1700000| PB 0x00000000c1700000| Untracked 
|   2|0x00000000c1800000, 0x00000000c1900000, 0x00000000c1900000|100%| O|  |TAMS 0x00000000c1800000| PB 0x00000000c1800000| Untracked 
|   3|0x00000000c1900000, 0x00000000c1998800, 0x00000000c1a00000| 59%| O|  |TAMS 0x00000000c1900000| PB 0x00000000c1900000| Untracked 
|   4|0x00000000c1a00000, 0x00000000c1a00000, 0x00000000c1b00000|  0%| F|  |TAMS 0x00000000c1a00000| PB 0x00000000c1a00000| Untracked 
|   5|0x00000000c1b00000, 0x00000000c1b00000, 0x00000000c1c00000|  0%| F|  |TAMS 0x00000000c1b00000| PB 0x00000000c1b00000| Untracked 
|   6|0x00000000c1c00000, 0x00000000c1c00000, 0x00000000c1d00000|  0%| F|  |TAMS 0x00000000c1c00000| PB 0x00000000c1c00000| Untracked 
|   7|0x00000000c1d00000, 0x00000000c1d00000, 0x00000000c1e00000|  0%| F|  |TAMS 0x00000000c1d00000| PB 0x00000000c1d00000| Untracked 
|   8|0x00000000c1e00000, 0x00000000c1e00000, 0x00000000c1f00000|  0%| F|  |TAMS 0x00000000c1e00000| PB 0x00000000c1e00000| Untracked 
|   9|0x00000000c1f00000, 0x00000000c1f00000, 0x00000000c2000000|  0%| F|  |TAMS 0x00000000c1f00000| PB 0x00000000c1f00000| Untracked 
|  10|0x00000000c2000000, 0x00000000c2000000, 0x00000000c2100000|  0%| F|  |TAMS 0x00000000c2000000| PB 0x00000000c2000000| Untracked 
|  11|0x00000000c2100000, 0x00000000c2100000, 0x00000000c2200000|  0%| F|  |TAMS 0x00000000c2100000| PB 0x00000000c2100000| Untracked 
|  12|0x00000000c2200000, 0x00000000c2200000, 0x00000000c2300000|  0%| F|  |TAMS 0x00000000c2200000| PB 0x00000000c2200000| Untracked 
|  13|0x00000000c2300000, 0x00000000c2300000, 0x00000000c2400000|  0%| F|  |TAMS 0x00000000c2300000| PB 0x00000000c2300000| Untracked 
|  14|0x00000000c2400000, 0x00000000c2400000, 0x00000000c2500000|  0%| F|  |TAMS 0x00000000c2400000| PB 0x00000000c2400000| Untracked 
|  15|0x00000000c2500000, 0x00000000c2500000, 0x00000000c2600000|  0%| F|  |TAMS 0x00000000c2500000| PB 0x00000000c2500000| Untracked 
|  16|0x00000000c2600000, 0x00000000c2600000, 0x00000000c2700000|  0%| F|  |TAMS 0x00000000c2600000| PB 0x00000000c2600000| Untracked 
|  17|0x00000000c2700000, 0x00000000c2700000, 0x00000000c2800000|  0%| F|  |TAMS 0x00000000c2700000| PB 0x00000000c2700000| Untracked 
|  18|0x00000000c2800000, 0x00000000c2800000, 0x00000000c2900000|  0%| F|  |TAMS 0x00000000c2800000| PB 0x00000000c2800000| Untracked 
|  19|0x00000000c2900000, 0x00000000c2900000, 0x00000000c2a00000|  0%| F|  |TAMS 0x00000000c2900000| PB 0x00000000c2900000| Untracked 
|  20|0x00000000c2a00000, 0x00000000c2a00000, 0x00000000c2b00000|  0%| F|  |TAMS 0x00000000c2a00000| PB 0x00000000c2a00000| Untracked 
|  21|0x00000000c2b00000, 0x00000000c2b00000, 0x00000000c2c00000|  0%| F|  |TAMS 0x00000000c2b00000| PB 0x00000000c2b00000| Untracked 
|  22|0x00000000c2c00000, 0x00000000c2c00000, 0x00000000c2d00000|  0%| F|  |TAMS 0x00000000c2c00000| PB 0x00000000c2c00000| Untracked 
|  23|0x00000000c2d00000, 0x00000000c2d00000, 0x00000000c2e00000|  0%| F|  |TAMS 0x00000000c2d00000| PB 0x00000000c2d00000| Untracked 
|  24|0x00000000c2e00000, 0x00000000c2e00000, 0x00000000c2f00000|  0%| F|  |TAMS 0x00000000c2e00000| PB 0x00000000c2e00000| Untracked 
|  25|0x00000000c2f00000, 0x00000000c2f00000, 0x00000000c3000000|  0%| F|  |TAMS 0x00000000c2f00000| PB 0x00000000c2f00000| Untracked 
|  26|0x00000000c3000000, 0x00000000c3000000, 0x00000000c3100000|  0%| F|  |TAMS 0x00000000c3000000| PB 0x00000000c3000000| Untracked 
|  27|0x00000000c3100000, 0x00000000c3100000, 0x00000000c3200000|  0%| F|  |TAMS 0x00000000c3100000| PB 0x00000000c3100000| Untracked 
|  28|0x00000000c3200000, 0x00000000c3200000, 0x00000000c3300000|  0%| F|  |TAMS 0x00000000c3200000| PB 0x00000000c3200000| Untracked 
|  29|0x00000000c3300000, 0x00000000c3300000, 0x00000000c3400000|  0%| F|  |TAMS 0x00000000c3300000| PB 0x00000000c3300000| Untracked 
|  30|0x00000000c3400000, 0x00000000c3400000, 0x00000000c3500000|  0%| F|  |TAMS 0x00000000c3400000| PB 0x00000000c3400000| Untracked 
|  31|0x00000000c3500000, 0x00000000c3500000, 0x00000000c3600000|  0%| F|  |TAMS 0x00000000c3500000| PB 0x00000000c3500000| Untracked 
|  32|0x00000000c3600000, 0x00000000c3600000, 0x00000000c3700000|  0%| F|  |TAMS 0x00000000c3600000| PB 0x00000000c3600000| Untracked 
|  33|0x00000000c3700000, 0x00000000c3700000, 0x00000000c3800000|  0%| F|  |TAMS 0x00000000c3700000| PB 0x00000000c3700000| Untracked 
|  34|0x00000000c3800000, 0x00000000c3800000, 0x00000000c3900000|  0%| F|  |TAMS 0x00000000c3800000| PB 0x00000000c3800000| Untracked 
|  35|0x00000000c3900000, 0x00000000c3900000, 0x00000000c3a00000|  0%| F|  |TAMS 0x00000000c3900000| PB 0x00000000c3900000| Untracked 
|  36|0x00000000c3a00000, 0x00000000c3a00000, 0x00000000c3b00000|  0%| F|  |TAMS 0x00000000c3a00000| PB 0x00000000c3a00000| Untracked 
|  37|0x00000000c3b00000, 0x00000000c3b00000, 0x00000000c3c00000|  0%| F|  |TAMS 0x00000000c3b00000| PB 0x00000000c3b00000| Untracked 
|  38|0x00000000c3c00000, 0x00000000c3c00000, 0x00000000c3d00000|  0%| F|  |TAMS 0x00000000c3c00000| PB 0x00000000c3c00000| Untracked 
|  39|0x00000000c3d00000, 0x00000000c3d00000, 0x00000000c3e00000|  0%| F|  |TAMS 0x00000000c3d00000| PB 0x00000000c3d00000| Untracked 
|  40|0x00000000c3e00000, 0x00000000c3e00000, 0x00000000c3f00000|  0%| F|  |TAMS 0x00000000c3e00000| PB 0x00000000c3e00000| Untracked 
|  41|0x00000000c3f00000, 0x00000000c3f00000, 0x00000000c4000000|  0%| F|  |TAMS 0x00000000c3f00000| PB 0x00000000c3f00000| Untracked 
|  42|0x00000000c4000000, 0x00000000c4000000, 0x00000000c4100000|  0%| F|  |TAMS 0x00000000c4000000| PB 0x00000000c4000000| Untracked 
|  43|0x00000000c4100000, 0x00000000c41bc9a0, 0x00000000c4200000| 73%| E|  |TAMS 0x00000000c4100000| PB 0x00000000c4100000| Complete 
|  44|0x00000000c4200000, 0x00000000c4300000, 0x00000000c4300000|100%| E|CS|TAMS 0x00000000c4200000| PB 0x00000000c4200000| Complete 
|  45|0x00000000c4300000, 0x00000000c4400000, 0x00000000c4400000|100%| E|CS|TAMS 0x00000000c4300000| PB 0x00000000c4300000| Complete 
|  46|0x00000000c4400000, 0x00000000c44baf20, 0x00000000c4500000| 73%| S|CS|TAMS 0x00000000c4400000| PB 0x00000000c4400000| Complete 
|  47|0x00000000c4500000, 0x00000000c4600000, 0x00000000c4600000|100%| E|CS|TAMS 0x00000000c4500000| PB 0x00000000c4500000| Complete 
|  48|0x00000000c4600000, 0x00000000c4700000, 0x00000000c4700000|100%| E|CS|TAMS 0x00000000c4600000| PB 0x00000000c4600000| Complete 
|  49|0x00000000c4700000, 0x00000000c4800000, 0x00000000c4800000|100%| E|CS|TAMS 0x00000000c4700000| PB 0x00000000c4700000| Complete 
|  50|0x00000000c4800000, 0x00000000c4900000, 0x00000000c4900000|100%| E|CS|TAMS 0x00000000c4800000| PB 0x00000000c4800000| Complete 
|  51|0x00000000c4900000, 0x00000000c4a00000, 0x00000000c4a00000|100%| E|CS|TAMS 0x00000000c4900000| PB 0x00000000c4900000| Complete 
|  52|0x00000000c4a00000, 0x00000000c4b00000, 0x00000000c4b00000|100%| E|CS|TAMS 0x00000000c4a00000| PB 0x00000000c4a00000| Complete 
|  53|0x00000000c4b00000, 0x00000000c4c00000, 0x00000000c4c00000|100%| E|CS|TAMS 0x00000000c4b00000| PB 0x00000000c4b00000| Complete 
|  54|0x00000000c4c00000, 0x00000000c4d00000, 0x00000000c4d00000|100%| E|CS|TAMS 0x00000000c4c00000| PB 0x00000000c4c00000| Complete 
|  55|0x00000000c4d00000, 0x00000000c4e00000, 0x00000000c4e00000|100%| E|CS|TAMS 0x00000000c4d00000| PB 0x00000000c4d00000| Complete 
|  56|0x00000000c4e00000, 0x00000000c4f00000, 0x00000000c4f00000|100%| E|CS|TAMS 0x00000000c4e00000| PB 0x00000000c4e00000| Complete 
|  57|0x00000000c4f00000, 0x00000000c5000000, 0x00000000c5000000|100%| E|CS|TAMS 0x00000000c4f00000| PB 0x00000000c4f00000| Complete 
|  58|0x00000000c5000000, 0x00000000c5100000, 0x00000000c5100000|100%| E|CS|TAMS 0x00000000c5000000| PB 0x00000000c5000000| Complete 
|  59|0x00000000c5100000, 0x00000000c5200000, 0x00000000c5200000|100%| E|CS|TAMS 0x00000000c5100000| PB 0x00000000c5100000| Complete 
|  60|0x00000000c5200000, 0x00000000c5300000, 0x00000000c5300000|100%| E|CS|TAMS 0x00000000c5200000| PB 0x00000000c5200000| Complete 
|  61|0x00000000c5300000, 0x00000000c5400000, 0x00000000c5400000|100%| E|CS|TAMS 0x00000000c5300000| PB 0x00000000c5300000| Complete 
|  62|0x00000000c5400000, 0x00000000c5500000, 0x00000000c5500000|100%| E|CS|TAMS 0x00000000c5400000| PB 0x00000000c5400000| Complete 
|  63|0x00000000c5500000, 0x00000000c5600000, 0x00000000c5600000|100%| E|CS|TAMS 0x00000000c5500000| PB 0x00000000c5500000| Complete 

Card table byte_map: [0x000001d851ca0000,0x000001d851ea0000] _byte_map_base: 0x000001d851695000

Marking Bits: (CMBitMap*) 0x000001d83a665040
 Bits: [0x000001d851ea0000, 0x000001d852e48000)

Polling page: 0x000001d839e00000

Metaspace:

Usage:
  Non-class:      8.10 MB used.
      Class:      1.08 MB used.
       Both:      9.18 MB used.

Virtual space:
  Non-class space:       64.00 MB reserved,       8.19 MB ( 13%) committed,  1 nodes.
      Class space:        1.00 GB reserved,       1.19 MB ( <1%) committed,  1 nodes.
             Both:        1.06 GB reserved,       9.38 MB ( <1%) committed. 

Chunk freelists:
   Non-Class:  6.38 MB
       Class:  14.86 MB
        Both:  21.23 MB

MaxMetaspaceSize: unlimited
CompressedClassSpaceSize: 1.00 GB
Initial GC threshold: 21.00 MB
Current GC threshold: 21.00 MB
CDS: on
 - commit_granule_bytes: 65536.
 - commit_granule_words: 8192.
 - virtual_space_node_default_size: 8388608.
 - enlarge_chunks_in_place: 1.
 - use_allocation_guard: 0.


Internal statistics:

num_allocs_failed_limit: 0.
num_arena_births: 62.
num_arena_deaths: 0.
num_vsnodes_births: 2.
num_vsnodes_deaths: 0.
num_space_committed: 150.
num_space_uncommitted: 0.
num_chunks_returned_to_freelist: 0.
num_chunks_taken_from_freelist: 353.
num_chunk_merges: 0.
num_chunk_splits: 247.
num_chunks_enlarged: 211.
num_inconsistent_stats: 0.

CodeHeap 'non-profiled nmethods': size=120000Kb used=658Kb max_used=658Kb free=119341Kb
 bounds [0x000001d84a570000, 0x000001d84a7e0000, 0x000001d851aa0000]
CodeHeap 'profiled nmethods': size=120000Kb used=3576Kb max_used=3576Kb free=116423Kb
 bounds [0x000001d842aa0000, 0x000001d842e20000, 0x000001d849fd0000]
CodeHeap 'non-nmethods': size=5760Kb used=1362Kb max_used=1379Kb free=4397Kb
 bounds [0x000001d849fd0000, 0x000001d84a240000, 0x000001d84a570000]
 total_blobs=2289 nmethods=1822 adapters=372
 compilation: enabled
              stopped_count=0, restarted_count=0
 full_count=0

Compilation events (20 events):
Event: 5.151 Thread 0x000001d8552c8740 1815       3       com.google.inject.internal.Annotations::findBindingAnnotation (76 bytes)
Event: 5.152 Thread 0x000001d8552c8740 nmethod 1815 0x000001d842e19d10 code [0x000001d842e19f80, 0x000001d842e1a988]
Event: 5.155 Thread 0x000001d8552c8740 1816       3       java.util.HashMap::prepareArray (38 bytes)
Event: 5.156 Thread 0x000001d8552c8740 nmethod 1816 0x000001d842e1ae90 code [0x000001d842e1b080, 0x000001d842e1b680]
Event: 5.158 Thread 0x000001d8552c5c90 nmethod 1811 0x000001d84a612c10 code [0x000001d84a612e20, 0x000001d84a613670]
Event: 5.158 Thread 0x000001d8552c5c90 1812       4       java.util.ArrayList::get (15 bytes)
Event: 5.159 Thread 0x000001d8552c5c90 nmethod 1812 0x000001d84a613b90 code [0x000001d84a613d20, 0x000001d84a613e38]
Event: 5.163 Thread 0x000001d8552c8740 1817       3       java.util.stream.ReferencePipeline::filter (22 bytes)
Event: 5.164 Thread 0x000001d8552c8740 nmethod 1817 0x000001d842e1b810 code [0x000001d842e1ba00, 0x000001d842e1bed8]
Event: 5.165 Thread 0x000001d8552c8740 1818       3       java.util.stream.ReferencePipeline$2::<init> (15 bytes)
Event: 5.165 Thread 0x000001d8552c8740 nmethod 1818 0x000001d842e1c110 code [0x000001d842e1c2e0, 0x000001d842e1c560]
Event: 5.165 Thread 0x000001d8552c8740 1819       3       java.util.stream.ReferencePipeline$2::opWrapSink (10 bytes)
Event: 5.165 Thread 0x000001d8552c8740 nmethod 1819 0x000001d842e1c690 code [0x000001d842e1c880, 0x000001d842e1ce30]
Event: 5.172 Thread 0x000001d8552c5c90 1820       4       java.lang.ref.SoftReference::get (29 bytes)
Event: 5.174 Thread 0x000001d8552c5c90 nmethod 1820 0x000001d84a613f90 code [0x000001d84a614120, 0x000001d84a614230]
Event: 5.184 Thread 0x000001d8552c8740 1821       3       java.lang.Class::copyFields (36 bytes)
Event: 5.186 Thread 0x000001d8552c8740 nmethod 1821 0x000001d842e1d010 code [0x000001d842e1d280, 0x000001d842e1dce0]
Event: 5.197 Thread 0x000001d8552c5c90 1822       4       java.util.HashMap::get (19 bytes)
Event: 5.203 Thread 0x000001d8552c5c90 nmethod 1822 0x000001d84a614310 code [0x000001d84a6144e0, 0x000001d84a614840]
Event: 5.209 Thread 0x000001d8552c8740 1823       3       com.google.inject.internal.ProviderInstanceBindingImpl::<init> (23 bytes)

GC Heap History (4 events):
Event: 1.863 GC heap before
{Heap before GC invocations=0 (full 0):
 garbage-first heap   total 65536K, used 12288K [0x00000000c1600000, 0x0000000100000000)
  region size 1024K, 13 young (13312K), 0 survivors (0K)
 Metaspace       used 4048K, committed 4224K, reserved 1114112K
  class space    used 414K, committed 512K, reserved 1048576K
}
Event: 1.882 GC heap after
{Heap after GC invocations=1 (full 0):
 garbage-first heap   total 65536K, used 3328K [0x00000000c1600000, 0x0000000100000000)
  region size 1024K, 2 young (2048K), 2 survivors (2048K)
 Metaspace       used 4048K, committed 4224K, reserved 1114112K
  class space    used 414K, committed 512K, reserved 1048576K
}
Event: 3.290 GC heap before
{Heap before GC invocations=1 (full 0):
 garbage-first heap   total 65536K, used 18688K [0x00000000c1600000, 0x0000000100000000)
  region size 1024K, 17 young (17408K), 2 survivors (2048K)
 Metaspace       used 6323K, committed 6464K, reserved 1114112K
  class space    used 724K, committed 832K, reserved 1048576K
}
Event: 3.301 GC heap after
{Heap after GC invocations=2 (full 0):
 garbage-first heap   total 65536K, used 4429K [0x00000000c1600000, 0x0000000100000000)
  region size 1024K, 1 young (1024K), 1 survivors (1024K)
 Metaspace       used 6323K, committed 6464K, reserved 1114112K
  class space    used 724K, committed 832K, reserved 1048576K
}

Dll operation events (8 events):
Event: 0.036 Loaded shared library C:\Program Files\Java\jdk-21\bin\java.dll
Event: 0.125 Loaded shared library C:\Program Files\Java\jdk-21\bin\jsvml.dll
Event: 0.171 Loaded shared library C:\Program Files\Java\jdk-21\bin\net.dll
Event: 0.175 Loaded shared library C:\Program Files\Java\jdk-21\bin\nio.dll
Event: 0.181 Loaded shared library C:\Program Files\Java\jdk-21\bin\zip.dll
Event: 0.466 Loaded shared library C:\Program Files\Java\jdk-21\bin\jimage.dll
Event: 0.612 Loaded shared library C:\Program Files\NetBeans-20\netbeans\java\maven\lib\jansi-native\Windows\x86_64\jansi.dll
Event: 0.635 Loaded shared library C:\Program Files\Java\jdk-21\bin\verify.dll

Deoptimization events (20 events):
Event: 2.875 Thread 0x000001d838520f30 DEOPT PACKING pc=0x000001d84a5cfd00 sp=0x0000002f899fe630
Event: 2.875 Thread 0x000001d838520f30 DEOPT UNPACKING pc=0x000001d84a0246a2 sp=0x0000002f899fe5c0 mode 2
Event: 2.904 Thread 0x000001d838520f30 Uncommon trap: trap_request=0xffffffde fr.pc=0x000001d84a5a2bdc relative=0x000000000000069c
Event: 2.904 Thread 0x000001d838520f30 Uncommon trap: reason=class_check action=maybe_recompile pc=0x000001d84a5a2bdc method=java.util.regex.Matcher.search(I)Z @ 121 c2
Event: 2.904 Thread 0x000001d838520f30 DEOPT PACKING pc=0x000001d84a5a2bdc sp=0x0000002f899fe300
Event: 2.904 Thread 0x000001d838520f30 DEOPT UNPACKING pc=0x000001d84a0246a2 sp=0x0000002f899fe2d0 mode 2
Event: 3.301 Thread 0x000001d8552bb860 Uncommon trap: trap_request=0xffffff45 fr.pc=0x000001d84a5c039c relative=0x000000000000017c
Event: 3.301 Thread 0x000001d8552bb860 Uncommon trap: reason=unstable_if action=reinterpret pc=0x000001d84a5c039c method=java.util.concurrent.locks.ReentrantLock$NonfairSync.initialTryLock()Z @ 25 c2
Event: 3.301 Thread 0x000001d8552bb860 DEOPT PACKING pc=0x000001d84a5c039c sp=0x0000002f8a1ff530
Event: 3.301 Thread 0x000001d8552bb860 DEOPT UNPACKING pc=0x000001d84a0246a2 sp=0x0000002f8a1ff4d0 mode 2
Event: 3.616 Thread 0x000001d838520f30 Uncommon trap: trap_request=0xffffff45 fr.pc=0x000001d84a5ea564 relative=0x00000000000006a4
Event: 3.616 Thread 0x000001d838520f30 Uncommon trap: reason=unstable_if action=reinterpret pc=0x000001d84a5ea564 method=java.lang.String.<init>([CIILjava/lang/Void;)V @ 5 c2
Event: 3.616 Thread 0x000001d838520f30 DEOPT PACKING pc=0x000001d84a5ea564 sp=0x0000002f899fe280
Event: 3.616 Thread 0x000001d838520f30 DEOPT UNPACKING pc=0x000001d84a0246a2 sp=0x0000002f899fe118 mode 2
Event: 4.087 Thread 0x000001d838520f30 DEOPT PACKING pc=0x000001d842d1b527 sp=0x0000002f899fe3c0
Event: 4.087 Thread 0x000001d838520f30 DEOPT UNPACKING pc=0x000001d84a024e42 sp=0x0000002f899fd830 mode 0
Event: 4.516 Thread 0x000001d838520f30 Uncommon trap: trap_request=0xffffffc6 fr.pc=0x000001d84a5e7b00 relative=0x0000000000000300
Event: 4.516 Thread 0x000001d838520f30 Uncommon trap: reason=bimorphic_or_optimized_type_check action=maybe_recompile pc=0x000001d84a5e7b00 method=java.util.HashMap.getNode(Ljava/lang/Object;)Ljava/util/HashMap$Node; @ 63 c2
Event: 4.516 Thread 0x000001d838520f30 DEOPT PACKING pc=0x000001d84a5e7b00 sp=0x0000002f899fe6d0
Event: 4.516 Thread 0x000001d838520f30 DEOPT UNPACKING pc=0x000001d84a0246a2 sp=0x0000002f899fe648 mode 2

Classes loaded (20 events):
Event: 4.989 Loading class java/util/concurrent/locks/ReentrantReadWriteLock
Event: 4.990 Loading class java/util/concurrent/locks/ReadWriteLock
Event: 4.991 Loading class java/util/concurrent/locks/ReadWriteLock done
Event: 4.991 Loading class java/util/concurrent/locks/ReentrantReadWriteLock done
Event: 5.000 Loading class java/security/NoSuchAlgorithmException
Event: 5.001 Loading class java/security/GeneralSecurityException
Event: 5.001 Loading class java/security/GeneralSecurityException done
Event: 5.001 Loading class java/security/NoSuchAlgorithmException done
Event: 5.005 Loading class java/util/concurrent/atomic/AtomicBoolean
Event: 5.008 Loading class java/util/concurrent/atomic/AtomicBoolean done
Event: 5.037 Loading class java/lang/reflect/Executable$ParameterData
Event: 5.038 Loading class java/lang/reflect/Executable$ParameterData done
Event: 5.038 Loading class sun/reflect/generics/scope/ConstructorScope
Event: 5.038 Loading class sun/reflect/generics/scope/ConstructorScope done
Event: 5.038 Loading class sun/reflect/generics/repository/ConstructorRepository
Event: 5.038 Loading class sun/reflect/generics/repository/ConstructorRepository done
Event: 5.038 Loading class sun/reflect/generics/tree/VoidDescriptor
Event: 5.038 Loading class sun/reflect/generics/tree/VoidDescriptor done
Event: 5.038 Loading class sun/reflect/generics/tree/MethodTypeSignature
Event: 5.039 Loading class sun/reflect/generics/tree/MethodTypeSignature done

Classes unloaded (0 events):
No events

Classes redefined (0 events):
No events

Internal exceptions (20 events):
Event: 0.621 Thread 0x000001d838520f30 Exception <a 'java/lang/NullPointerException'{0x00000000c51cc738}> (0x00000000c51cc738) 
thrown [s\open\src\hotspot\share\interpreter\linkResolver.cpp, line 1372]
Event: 0.621 Thread 0x000001d838520f30 Exception <a 'java/lang/NullPointerException'{0x00000000c51cca18}> (0x00000000c51cca18) 
thrown [s\open\src\hotspot\share\interpreter\linkResolver.cpp, line 1372]
Event: 0.621 Thread 0x000001d838520f30 Exception <a 'java/lang/NullPointerException'{0x00000000c51cccf8}> (0x00000000c51cccf8) 
thrown [s\open\src\hotspot\share\interpreter\linkResolver.cpp, line 1372]
Event: 0.631 Thread 0x000001d838520f30 Exception <a 'sun/nio/fs/WindowsException'{0x00000000c51f5f60}> (0x00000000c51f5f60) 
thrown [s\open\src\hotspot\share\prims\jni.cpp, line 520]
Event: 0.632 Thread 0x000001d838520f30 Exception <a 'sun/nio/fs/WindowsException'{0x00000000c51f66d8}> (0x00000000c51f66d8) 
thrown [s\open\src\hotspot\share\prims\jni.cpp, line 520]
Event: 0.632 Thread 0x000001d838520f30 Exception <a 'sun/nio/fs/WindowsException'{0x00000000c51f6cd8}> (0x00000000c51f6cd8) 
thrown [s\open\src\hotspot\share\prims\jni.cpp, line 520]
Event: 0.632 Thread 0x000001d838520f30 Exception <a 'sun/nio/fs/WindowsException'{0x00000000c51f7250}> (0x00000000c51f7250) 
thrown [s\open\src\hotspot\share\prims\jni.cpp, line 520]
Event: 0.632 Thread 0x000001d838520f30 Exception <a 'sun/nio/fs/WindowsException'{0x00000000c51f77a8}> (0x00000000c51f77a8) 
thrown [s\open\src\hotspot\share\prims\jni.cpp, line 520]
Event: 0.632 Thread 0x000001d838520f30 Exception <a 'sun/nio/fs/WindowsException'{0x00000000c51f7cb0}> (0x00000000c51f7cb0) 
thrown [s\open\src\hotspot\share\prims\jni.cpp, line 520]
Event: 0.633 Thread 0x000001d838520f30 Exception <a 'sun/nio/fs/WindowsException'{0x00000000c51f8170}> (0x00000000c51f8170) 
thrown [s\open\src\hotspot\share\prims\jni.cpp, line 520]
Event: 0.685 Thread 0x000001d838520f30 Exception <a 'java/lang/NoSuchMethodError'{0x00000000c5069ec0}: 'void java.lang.invoke.DirectMethodHandle$Holder.invokeStatic(java.lang.Object, java.lang.Object, java.lang.Object)'> (0x00000000c5069ec0) 
thrown [s\open\src\hotspot\share\interpreter\linkResolver.cpp, line 773]
Event: 0.883 Thread 0x000001d838520f30 Exception <a 'java/lang/NoSuchMethodError'{0x00000000c4e1c280}: 'java.lang.Object java.lang.invoke.DirectMethodHandle$Holder.invokeSpecialIFC(java.lang.Object, java.lang.Object, java.lang.Object, java.lang.Object)'> (0x00000000c4e1c280) 
thrown [s\open\src\hotspot\share\interpreter\linkResolver.cpp, line 773]
Event: 1.788 Thread 0x000001d838520f30 Exception <a 'java/lang/NoSuchMethodError'{0x00000000c4979778}: 'void java.lang.invoke.DirectMethodHandle$Holder.invokeSpecial(java.lang.Object, java.lang.Object, java.lang.Object)'> (0x00000000c4979778) 
thrown [s\open\src\hotspot\share\interpreter\linkResolver.cpp, line 773]
Event: 1.990 Thread 0x000001d838520f30 Exception <a 'java/lang/NoSuchMethodError'{0x00000000c55dfc80}: 'java.lang.Object java.lang.invoke.DirectMethodHandle$Holder.invokeInterface(java.lang.Object, java.lang.Object)'> (0x00000000c55dfc80) 
thrown [s\open\src\hotspot\share\interpreter\linkResolver.cpp, line 773]
Event: 2.047 Thread 0x000001d838520f30 Exception <a 'java/lang/NoSuchMethodError'{0x00000000c548ec58}: 'int java.lang.invoke.DirectMethodHandle$Holder.invokeStatic(java.lang.Object, java.lang.Object, java.lang.Object, java.lang.Object)'> (0x00000000c548ec58) 
thrown [s\open\src\hotspot\share\interpreter\linkResolver.cpp, line 773]
Event: 2.049 Thread 0x000001d838520f30 Exception <a 'java/lang/NoSuchMethodError'{0x00000000c54922d8}: 'java.lang.Object java.lang.invoke.Invokers$Holder.invokeExact_MT(java.lang.Object, java.lang.Object, java.lang.Object, java.lang.Object, java.lang.Object, java.lang.Object)'> (0x00000000c54922d8) 
thrown [s\open\src\hotspot\share\interpreter\linkResolver.cpp, line 773]
Event: 2.056 Thread 0x000001d838520f30 Exception <a 'java/lang/NoSuchMethodError'{0x00000000c54a09c8}: 'int java.lang.invoke.DirectMethodHandle$Holder.invokeSpecialIFC(java.lang.Object, java.lang.Object, java.lang.Object, java.lang.Object, java.lang.Object)'> (0x00000000c54a09c8) 
thrown [s\open\src\hotspot\share\interpreter\linkResolver.cpp, line 773]
Event: 2.301 Thread 0x000001d838520f30 Exception <a 'java/lang/NoSuchMethodError'{0x00000000c521a9a8}: 'java.lang.Object java.lang.invoke.DirectMethodHandle$Holder.newInvokeSpecial(java.lang.Object, java.lang.Object, java.lang.Object, java.lang.Object, java.lang.Object)'> (0x00000000c521a9a8) 
thrown [s\open\src\hotspot\share\interpreter\linkResolver.cpp, line 773]
Event: 2.401 Thread 0x000001d838520f30 Exception <a 'java/lang/NoSuchMethodError'{0x00000000c51105e0}: 'int java.lang.invoke.DirectMethodHandle$Holder.invokeStaticInit(java.lang.Object, java.lang.Object)'> (0x00000000c51105e0) 
thrown [s\open\src\hotspot\share\interpreter\linkResolver.cpp, line 773]
Event: 2.422 Thread 0x000001d838520f30 Exception <a 'java/lang/NoClassDefFoundError'{0x00000000c51445d8}: javax/enterprise/inject/Typed> (0x00000000c51445d8) 
thrown [s\open\src\hotspot\share\classfile\systemDictionary.cpp, line 301]

ZGC Phase Switch (0 events):
No events

VM Operations (18 events):
Event: 0.184 Executing VM operation: HandshakeAllThreads (Deoptimize)
Event: 0.184 Executing VM operation: HandshakeAllThreads (Deoptimize) done
Event: 0.454 Executing VM operation: HandshakeAllThreads (Deoptimize)
Event: 0.454 Executing VM operation: HandshakeAllThreads (Deoptimize) done
Event: 0.471 Executing VM operation: HandshakeAllThreads (Deoptimize)
Event: 0.471 Executing VM operation: HandshakeAllThreads (Deoptimize) done
Event: 1.479 Executing VM operation: Cleanup
Event: 1.479 Executing VM operation: Cleanup done
Event: 1.863 Executing VM operation: G1CollectForAllocation (G1 Evacuation Pause)
Event: 1.882 Executing VM operation: G1CollectForAllocation (G1 Evacuation Pause) done
Event: 3.290 Executing VM operation: G1CollectForAllocation (G1 Evacuation Pause)
Event: 3.301 Executing VM operation: G1CollectForAllocation (G1 Evacuation Pause) done
Event: 4.308 Executing VM operation: Cleanup
Event: 4.309 Executing VM operation: Cleanup done
Event: 4.635 Executing VM operation: HandshakeAllThreads (Deoptimize)
Event: 4.635 Executing VM operation: HandshakeAllThreads (Deoptimize) done
Event: 4.783 Executing VM operation: HandshakeAllThreads (Deoptimize)
Event: 4.783 Executing VM operation: HandshakeAllThreads (Deoptimize) done

Events (11 events):
Event: 0.076 Thread 0x000001d838520f30 Thread added: 0x000001d838520f30
Event: 0.114 Thread 0x000001d8552bb860 Thread added: 0x000001d8552bb860
Event: 0.114 Thread 0x000001d8552bcfe0 Thread added: 0x000001d8552bcfe0
Event: 0.115 Thread 0x000001d8552be9c0 Thread added: 0x000001d8552be9c0
Event: 0.115 Thread 0x000001d8552bf620 Thread added: 0x000001d8552bf620
Event: 0.115 Thread 0x000001d8552c2490 Thread added: 0x000001d8552c2490
Event: 0.115 Thread 0x000001d8552c2ef0 Thread added: 0x000001d8552c2ef0
Event: 0.115 Thread 0x000001d8552c5c90 Thread added: 0x000001d8552c5c90
Event: 0.119 Thread 0x000001d8552c8740 Thread added: 0x000001d8552c8740
Event: 0.160 Thread 0x000001d855539210 Thread added: 0x000001d855539210
Event: 0.165 Thread 0x000001d85553cca0 Thread added: 0x000001d85553cca0


Dynamic libraries:
0x00007ff77f650000 - 0x00007ff77f660000 	C:\Program Files\Java\jdk-21\bin\java.exe
0x00007ffbac9f0000 - 0x00007ffbacbe8000 	C:\Windows\SYSTEM32\ntdll.dll
0x00007ffbac880000 - 0x00007ffbac93d000 	C:\Windows\System32\KERNEL32.DLL
0x00007ffbaa230000 - 0x00007ffbaa526000 	C:\Windows\System32\KERNELBASE.dll
0x00007ffbaa130000 - 0x00007ffbaa230000 	C:\Windows\System32\ucrtbase.dll
0x00007ffba5460000 - 0x00007ffba5479000 	C:\Program Files\Java\jdk-21\bin\jli.dll
0x00007ffbab510000 - 0x00007ffbab5c0000 	C:\Windows\System32\ADVAPI32.dll
0x00007ffbabaf0000 - 0x00007ffbabb8e000 	C:\Windows\System32\msvcrt.dll
0x00007ffbab220000 - 0x00007ffbab2c0000 	C:\Windows\System32\sechost.dll
0x00007ffbaaf50000 - 0x00007ffbab073000 	C:\Windows\System32\RPCRT4.dll
0x00007ffbaa910000 - 0x00007ffbaa937000 	C:\Windows\System32\bcrypt.dll
0x00007ffb9fb60000 - 0x00007ffb9fb7b000 	C:\Program Files\Java\jdk-21\bin\VCRUNTIME140.dll
0x00007ffbab080000 - 0x00007ffbab21f000 	C:\Windows\System32\USER32.dll
0x00007ffbaa9f0000 - 0x00007ffbaaa12000 	C:\Windows\System32\win32u.dll
0x00007ffbab2c0000 - 0x00007ffbab2eb000 	C:\Windows\System32\GDI32.dll
0x00007ffbaa5f0000 - 0x00007ffbaa707000 	C:\Windows\System32\gdi32full.dll
0x00007ffbaa870000 - 0x00007ffbaa90d000 	C:\Windows\System32\msvcp_win.dll
0x00007ffba1820000 - 0x00007ffba1aba000 	C:\Windows\WinSxS\amd64_microsoft.windows.common-controls_6595b64144ccf1df_6.0.19041.4355_none_60b8b9eb71f62e16\COMCTL32.dll
0x00007ffba3cd0000 - 0x00007ffba3cda000 	C:\Windows\SYSTEM32\VERSION.dll
0x00007ffbaaad0000 - 0x00007ffbaab02000 	C:\Windows\System32\IMM32.DLL
0x00007ffba3d10000 - 0x00007ffba3d1c000 	C:\Program Files\Java\jdk-21\bin\vcruntime140_1.dll
0x00007ffb9a250000 - 0x00007ffb9a2de000 	C:\Program Files\Java\jdk-21\bin\msvcp140.dll
0x00007ffb64100000 - 0x00007ffb64e17000 	C:\Program Files\Java\jdk-21\bin\server\jvm.dll
0x00007ffbac940000 - 0x00007ffbac9ab000 	C:\Windows\System32\WS2_32.dll
0x00007ffba95d0000 - 0x00007ffba961b000 	C:\Windows\SYSTEM32\POWRPROF.dll
0x00007ffba2120000 - 0x00007ffba2147000 	C:\Windows\SYSTEM32\WINMM.dll
0x00007ffba9490000 - 0x00007ffba94a2000 	C:\Windows\SYSTEM32\UMPDC.dll
0x00007ffba7f20000 - 0x00007ffba7f32000 	C:\Windows\SYSTEM32\kernel.appcore.dll
0x00007ffba35b0000 - 0x00007ffba35ba000 	C:\Program Files\Java\jdk-21\bin\jimage.dll
0x00007ffba4d10000 - 0x00007ffba4ef4000 	C:\Windows\SYSTEM32\DBGHELP.DLL
0x00007ffba4c70000 - 0x00007ffba4ca4000 	C:\Windows\SYSTEM32\dbgcore.DLL
0x00007ffbaa0a0000 - 0x00007ffbaa122000 	C:\Windows\System32\bcryptPrimitives.dll
0x00007ffb9e380000 - 0x00007ffb9e39f000 	C:\Program Files\Java\jdk-21\bin\java.dll
0x00007ffbac000000 - 0x00007ffbac76b000 	C:\Windows\System32\SHELL32.dll
0x00007ffba8120000 - 0x00007ffba88bd000 	C:\Windows\SYSTEM32\windows.storage.dll
0x00007ffbaab10000 - 0x00007ffbaae63000 	C:\Windows\System32\combase.dll
0x00007ffba9ac0000 - 0x00007ffba9aee000 	C:\Windows\SYSTEM32\Wldp.dll
0x00007ffbaae80000 - 0x00007ffbaaf4d000 	C:\Windows\System32\OLEAUT32.dll
0x00007ffbac770000 - 0x00007ffbac81d000 	C:\Windows\System32\SHCORE.dll
0x00007ffbac820000 - 0x00007ffbac875000 	C:\Windows\System32\shlwapi.dll
0x00007ffba9fd0000 - 0x00007ffba9ff4000 	C:\Windows\SYSTEM32\profapi.dll
0x00007ffb913e0000 - 0x00007ffb914b7000 	C:\Program Files\Java\jdk-21\bin\jsvml.dll
0x00007ffb9dee0000 - 0x00007ffb9def0000 	C:\Program Files\Java\jdk-21\bin\net.dll
0x00007ffba3670000 - 0x00007ffba377a000 	C:\Windows\SYSTEM32\WINHTTP.dll
0x00007ffba9820000 - 0x00007ffba988a000 	C:\Windows\system32\mswsock.dll
0x00007ffb9dec0000 - 0x00007ffb9ded6000 	C:\Program Files\Java\jdk-21\bin\nio.dll
0x00007ffb9db70000 - 0x00007ffb9db88000 	C:\Program Files\Java\jdk-21\bin\zip.dll
0x0000000069ac0000 - 0x0000000069ae4000 	C:\Program Files\NetBeans-20\netbeans\java\maven\lib\jansi-native\Windows\x86_64\jansi.dll
0x00007ffb9db60000 - 0x00007ffb9db70000 	C:\Program Files\Java\jdk-21\bin\verify.dll

dbghelp: loaded successfully - version: 4.0.5 - missing functions: none
symbol engine: initialized successfully - sym options: 0x614 - pdb path: .;C:\Program Files\Java\jdk-21\bin;C:\Windows\SYSTEM32;C:\Windows\WinSxS\amd64_microsoft.windows.common-controls_6595b64144ccf1df_6.0.19041.4355_none_60b8b9eb71f62e16;C:\Program Files\Java\jdk-21\bin\server;C:\Program Files\NetBeans-20\netbeans\java\maven\lib\jansi-native\Windows\x86_64

VM Arguments:
jvm_args: -Dclassworlds.conf=C:\Program Files\NetBeans-20\netbeans\java\maven\bin\m2.conf -Dmaven.home=C:\Program Files\NetBeans-20\netbeans\java\maven -Dlibrary.jansi.path=C:\Program Files\NetBeans-20\netbeans\java\maven\lib\jansi-native -Dmaven.multiModuleProjectDirectory=C:\Users\leona\OneDrive\Documentos\NetBeansProjects\JAVA_FRONT_END_DESKTOP_PDV 
java_command: org.codehaus.plexus.classworlds.launcher.Launcher -Dexec.vmArgs= -Dexec.args=${exec.vmArgs} -classpath %classpath ${exec.mainClass} ${exec.appArgs} -Dexec.appArgs= -Dexec.mainClass=projeto.unipar.java_front_end_desktop_pdv.View.Retaguarda -Dexec.executable=C:\Program Files\Java\jdk-21\bin\java.exe -Dmaven.ext.class.path=C:\Program Files\NetBeans-20\netbeans\java\maven-nblib\netbeans-eventspy.jar --no-transfer-progress process-classes org.codehaus.mojo:exec-maven-plugin:3.1.0:exec
java_class_path (initial): C:\Program Files\NetBeans-20\netbeans\java\maven\boot\plexus-classworlds-2.7.0.jar
Launcher Type: SUN_STANDARD

[Global flags]
     intx CICompilerCount                          = 3                                         {product} {ergonomic}
     uint ConcGCThreads                            = 1                                         {product} {ergonomic}
     uint G1ConcRefinementThreads                  = 4                                         {product} {ergonomic}
   size_t G1HeapRegionSize                         = 1048576                                   {product} {ergonomic}
    uintx GCDrainStackTargetSize                   = 64                                        {product} {ergonomic}
   size_t InitialHeapSize                          = 67108864                                  {product} {ergonomic}
   size_t MarkStackSize                            = 4194304                                   {product} {ergonomic}
   size_t MaxHeapSize                              = 1050673152                                {product} {ergonomic}
   size_t MaxNewSize                               = 630194176                                 {product} {ergonomic}
   size_t MinHeapDeltaBytes                        = 1048576                                   {product} {ergonomic}
   size_t MinHeapSize                              = 8388608                                   {product} {ergonomic}
    uintx NonNMethodCodeHeapSize                   = 5832780                                {pd product} {ergonomic}
    uintx NonProfiledCodeHeapSize                  = 122912730                              {pd product} {ergonomic}
    uintx ProfiledCodeHeapSize                     = 122912730                              {pd product} {ergonomic}
    uintx ReservedCodeCacheSize                    = 251658240                              {pd product} {ergonomic}
     bool SegmentedCodeCache                       = true                                      {product} {ergonomic}
   size_t SoftMaxHeapSize                          = 1050673152                             {manageable} {ergonomic}
     bool UseCompressedOops                        = true                           {product lp64_product} {ergonomic}
     bool UseG1GC                                  = true                                      {product} {ergonomic}
     bool UseLargePagesIndividualAllocation        = false                                  {pd product} {ergonomic}

Logging:
Log output configuration:
 #0: stdout all=warning uptime,level,tags foldmultilines=false
 #1: stderr all=off uptime,level,tags foldmultilines=false

Environment Variables:
JAVA_HOME=C:\Program Files\Java\jdk-21
PATH=C:\Program Files\Common Files\Oracle\Java\javapath;C:\Windows\system32;C:\Windows;C:\Windows\System32\Wbem;C:\Windows\System32\WindowsPowerShell\v1.0\;C:\Windows\System32\OpenSSH\;C:\Program Files\dotnet\;C:\Program Files\Git\cmd;C:\Users\leona\AppData\Local\Microsoft\WindowsApps;C:\Users\leona\AppData\Local\GitHubDesktop\bin;C:\Program Files\JetBrains\IntelliJ IDEA 2024.1.1\bin;;C:\Users\leona\AppData\Local\Programs\Microsoft VS Code\bin
USERNAME=leona
OS=Windows_NT
PROCESSOR_IDENTIFIER=Intel64 Family 6 Model 69 Stepping 1, GenuineIntel
TMP=C:\Users\leona\AppData\Local\Temp
TEMP=C:\Users\leona\AppData\Local\Temp




Periodic native trim disabled

---------------  S Y S T E M  ---------------

OS:
 Windows 10 , 64 bit Build 19041 (10.0.19041.3636)
OS uptime: 13 days 12:18 hours

CPU: total 4 (initial active 4) (2 cores per cpu, 2 threads per core) family 6 model 69 stepping 1 microcode 0x25, cx8, cmov, fxsr, ht, mmx, sse, sse2, sse3, ssse3, sse4.1, sse4.2, popcnt, lzcnt, tsc, tscinvbit, avx, avx2, aes, erms, clmul, bmi1, bmi2, fma, vzeroupper, clflush, rdtscp, f16c
Processor Information for all 4 processors :
  Max Mhz: 1701, Current Mhz: 1701, Mhz Limit: 1701

Memory: 4k page, system-wide physical 4000M (244M free)
TotalPageFile size 16288M (AvailPageFile size 1M)
current process WorkingSet (physical memory assigned to process): 78M, peak: 83M
current process commit charge ("private bytes"): 155M, peak: 157M

vm_info: Java HotSpot(TM) 64-Bit Server VM (21.0.2+13-LTS-58) for windows-amd64 JRE (21.0.2+13-LTS-58), built on 2024-01-05T18:32:24Z by "mach5one" with MS VC++ 17.1 (VS2022)

END.
