#
# There is insufficient memory for the Java Runtime Environment to continue.
# Native memory allocation (malloc) failed to allocate 32744 bytes for Chunk::new
# Possible reasons:
#   The system is out of physical RAM or swap space
#   The process is running with CompressedOops enabled, and the Java Heap may be blocking the growth of the native heap
# Possible solutions:
#   Reduce memory load on the system
#   Increase physical memory or swap space
#   Check if swap backing store is full
#   Decrease Java heap size (-Xmx/-Xms)
#   Decrease number of Java threads
#   Decrease Java thread stack sizes (-Xss)
#   Set larger code cache with -XX:ReservedCodeCacheSize=
#   JVM is running with Unscaled Compressed Oops mode in which the Java heap is
#     placed in the first 4GB address space. The Java Heap base address is the
#     maximum limit for the native heap growth. Please use -XX:HeapBaseMinAddress
#     to set the Java Heap base and to place the Java Heap above 4GB virtual address.
# This output file may be truncated or incomplete.
#
#  Out of Memory Error (arena.cpp:168), pid=10900, tid=10364
#
# JRE version: Java(TM) SE Runtime Environment (21.0.2+13) (build 21.0.2+13-LTS-58)
# Java VM: Java HotSpot(TM) 64-Bit Server VM (21.0.2+13-LTS-58, mixed mode, sharing, tiered, compressed oops, compressed class ptrs, g1 gc, windows-amd64)
# No core dump will be written. Minidumps are not enabled by default on client versions of Windows
#

---------------  S U M M A R Y ------------

Command Line: projeto.unipar.java_front_end_desktop_pdv.View.Retaguarda

Host: Intel(R) Core(TM) i5-4210U CPU @ 1.70GHz, 4 cores, 3G,  Windows 10 , 64 bit Build 19041 (10.0.19041.3636)
Time: Fri May 31 22:45:07 2024 Hora oficial do Brasil elapsed time: 0.699575 seconds (0d 0h 0m 0s)

---------------  T H R E A D  ---------------

Current thread (0x000001c8f1c94760):  JavaThread "C1 CompilerThread0" daemon [_thread_in_native, id=10364, stack(0x0000007e6e400000,0x0000007e6e500000) (1024K)]


Current CompileTask:
C1:    699  561       3       javax.swing.UIDefaults$TextAndMnemonicHashMap::get (358 bytes)

Stack: [0x0000007e6e400000,0x0000007e6e500000]
Native frames: (J=compiled Java code, j=interpreted, Vv=VM code, C=native code)
V  [jvm.dll+0x6cade9]
V  [jvm.dll+0x8569c1]
V  [jvm.dll+0x858d2e]
V  [jvm.dll+0x859413]
V  [jvm.dll+0x280e56]
V  [jvm.dll+0xc3f3d]
V  [jvm.dll+0xc4473]
V  [jvm.dll+0x18b217]
V  [jvm.dll+0x18d0e5]
V  [jvm.dll+0x183ef9]
V  [jvm.dll+0x17de7e]
V  [jvm.dll+0x16bf60]
V  [jvm.dll+0x1548c7]
V  [jvm.dll+0x154208]
V  [jvm.dll+0x154444]
V  [jvm.dll+0x153886]
V  [jvm.dll+0x1555ed]
V  [jvm.dll+0x258859]
V  [jvm.dll+0x256e3a]
V  [jvm.dll+0x3ef6c6]
V  [jvm.dll+0x7ff568]
V  [jvm.dll+0x6c953d]
C  [ucrtbase.dll+0x21bb2]
C  [KERNEL32.DLL+0x17344]
C  [ntdll.dll+0x526b1]


---------------  P R O C E S S  ---------------

Threads class SMR info:
_java_thread_list=0x000001c8f62aee00, length=15, elements={
0x000001c8d517e4f0, 0x000001c8f1c86ad0, 0x000001c8f1c8aa70, 0x000001c8f1c8e090,
0x000001c8f1c90b00, 0x000001c8f1c917e0, 0x000001c8f1c92d10, 0x000001c8f1c94760,
0x000001c8f607eed0, 0x000001c8f6088b40, 0x000001c8f6278f30, 0x000001c8f62795a0,
0x000001c8f6282040, 0x000001c8f62e6880, 0x000001c8d4e61380
}

Java Threads: ( => current thread )
  0x000001c8d517e4f0 JavaThread "Reference Handler"          daemon [_thread_blocked, id=11308, stack(0x0000007e6dd00000,0x0000007e6de00000) (1024K)]
  0x000001c8f1c86ad0 JavaThread "Finalizer"                  daemon [_thread_blocked, id=5144, stack(0x0000007e6de00000,0x0000007e6df00000) (1024K)]
  0x000001c8f1c8aa70 JavaThread "Signal Dispatcher"          daemon [_thread_blocked, id=2716, stack(0x0000007e6df00000,0x0000007e6e000000) (1024K)]
  0x000001c8f1c8e090 JavaThread "Attach Listener"            daemon [_thread_blocked, id=5388, stack(0x0000007e6e000000,0x0000007e6e100000) (1024K)]
  0x000001c8f1c90b00 JavaThread "Service Thread"             daemon [_thread_blocked, id=10536, stack(0x0000007e6e100000,0x0000007e6e200000) (1024K)]
  0x000001c8f1c917e0 JavaThread "Monitor Deflation Thread"   daemon [_thread_blocked, id=3568, stack(0x0000007e6e200000,0x0000007e6e300000) (1024K)]
  0x000001c8f1c92d10 JavaThread "C2 CompilerThread0"         daemon [_thread_in_native, id=4168, stack(0x0000007e6e300000,0x0000007e6e400000) (1024K)]
=>0x000001c8f1c94760 JavaThread "C1 CompilerThread0"         daemon [_thread_in_native, id=10364, stack(0x0000007e6e400000,0x0000007e6e500000) (1024K)]
  0x000001c8f607eed0 JavaThread "Notification Thread"        daemon [_thread_blocked, id=1496, stack(0x0000007e6e500000,0x0000007e6e600000) (1024K)]
  0x000001c8f6088b40 JavaThread "Common-Cleaner"             daemon [_thread_blocked, id=17080, stack(0x0000007e6e600000,0x0000007e6e700000) (1024K)]
  0x000001c8f6278f30 JavaThread "Java2D Disposer"            daemon [_thread_blocked, id=14344, stack(0x0000007e6e700000,0x0000007e6e800000) (1024K)]
  0x000001c8f62795a0 JavaThread "AWT-Shutdown"                      [_thread_blocked, id=12844, stack(0x0000007e6e800000,0x0000007e6e900000) (1024K)]
  0x000001c8f6282040 JavaThread "AWT-Windows"                daemon [_thread_in_native, id=20032, stack(0x0000007e6e900000,0x0000007e6ea00000) (1024K)]
  0x000001c8f62e6880 JavaThread "AWT-EventQueue-0"                  [_thread_in_vm, id=3588, stack(0x0000007e6ea00000,0x0000007e6eb00000) (1024K)]
  0x000001c8d4e61380 JavaThread "DestroyJavaVM"                     [_thread_blocked, id=5124, stack(0x0000007e6d500000,0x0000007e6d600000) (1024K)]
Total: 15

Other Threads:
  0x000001c8d51671b0 VMThread "VM Thread"                           [id=13148, stack(0x0000007e6dc00000,0x0000007e6dd00000) (1024K)]
  0x000001c8f1c7ab40 WatcherThread "VM Periodic Task Thread"        [id=1932, stack(0x0000007e6db00000,0x0000007e6dc00000) (1024K)]
  0x000001c8d50e50b0 WorkerThread "GC Thread#0"                     [id=4932, stack(0x0000007e6d600000,0x0000007e6d700000) (1024K)]
  0x000001c8d50eddd0 ConcurrentGCThread "G1 Main Marker"            [id=11320, stack(0x0000007e6d700000,0x0000007e6d800000) (1024K)]
  0x000001c8d50ee8d0 WorkerThread "G1 Conc#0"                       [id=16544, stack(0x0000007e6d800000,0x0000007e6d900000) (1024K)]
  0x000001c8d5140950 ConcurrentGCThread "G1 Refine#0"               [id=16016, stack(0x0000007e6d900000,0x0000007e6da00000) (1024K)]
  0x000001c8d51414c0 ConcurrentGCThread "G1 Service"                [id=21032, stack(0x0000007e6da00000,0x0000007e6db00000) (1024K)]
Total: 7

Threads with active compile tasks:
C2 CompilerThread0      752  576       4       java.util.HashMap::putVal (300 bytes)
C1 CompilerThread0      753  561       3       javax.swing.UIDefaults$TextAndMnemonicHashMap::get (358 bytes)
Total: 2

VM state: not at safepoint (normal execution)

VM Mutex/Monitor currently owned by a thread:  ([mutex/lock_event])
[0x00007ffb64d3ace8] Metaspace_lock - owner thread: 0x000001c8f62e6880

Heap address: 0x00000000c1600000, size: 1002 MB, Compressed Oops mode: 32-bit

CDS archive(s) mapped at: [0x000001c880000000-0x000001c880c90000-0x000001c880c90000), size 13172736, SharedBaseAddress: 0x000001c880000000, ArchiveRelocationMode: 1.
Compressed class space mapped at: 0x000001c881000000-0x000001c8c1000000, reserved size: 1073741824
Narrow klass base: 0x000001c880000000, Narrow klass shift: 0, Narrow klass range: 0x100000000

GC Precious Log:
 CardTable entry size: 512
 Card Set container configuration: InlinePtr #cards 5 size 8 Array Of Cards #cards 12 size 40 Howl #buckets 4 coarsen threshold 1843 Howl Bitmap #cards 512 size 80 coarsen threshold 460 Card regions per heap region 1 cards per card region 2048
 CPUs: 4 total, 4 available
 Memory: 4000M
 Large Page Support: Disabled
 NUMA Support: Disabled
 Compressed Oops: Enabled (32-bit)
 Heap Region Size: 1M
 Heap Min Capacity: 8M
 Heap Initial Capacity: 64M
 Heap Max Capacity: 1002M
 Pre-touch: Disabled
 Parallel Workers: 4
 Concurrent Workers: 1
 Concurrent Refinement Workers: 4
 Periodic GC: Disabled

Heap:
 garbage-first heap   total 65536K, used 6144K [0x00000000c1600000, 0x0000000100000000)
  region size 1024K, 7 young (7168K), 0 survivors (0K)
 Metaspace       used 6453K, committed 6528K, reserved 1114112K
  class space    used 730K, committed 768K, reserved 1048576K

Heap Regions: E=young(eden), S=young(survivor), O=old, HS=humongous(starts), HC=humongous(continues), CS=collection set, F=free, TAMS=top-at-mark-start, PB=parsable bottom
|   0|0x00000000c1600000, 0x00000000c1600000, 0x00000000c1700000|  0%| F|  |TAMS 0x00000000c1600000| PB 0x00000000c1600000| Untracked 
|   1|0x00000000c1700000, 0x00000000c1700000, 0x00000000c1800000|  0%| F|  |TAMS 0x00000000c1700000| PB 0x00000000c1700000| Untracked 
|   2|0x00000000c1800000, 0x00000000c1800000, 0x00000000c1900000|  0%| F|  |TAMS 0x00000000c1800000| PB 0x00000000c1800000| Untracked 
|   3|0x00000000c1900000, 0x00000000c1900000, 0x00000000c1a00000|  0%| F|  |TAMS 0x00000000c1900000| PB 0x00000000c1900000| Untracked 
|   4|0x00000000c1a00000, 0x00000000c1a00000, 0x00000000c1b00000|  0%| F|  |TAMS 0x00000000c1a00000| PB 0x00000000c1a00000| Untracked 
|   5|0x00000000c1b00000, 0x00000000c1b00000, 0x00000000c1c00000|  0%| F|  |TAMS 0x00000000c1b00000| PB 0x00000000c1b00000| Untracked 
|   6|0x00000000c1c00000, 0x00000000c1c00000, 0x00000000c1d00000|  0%| F|  |TAMS 0x00000000c1c00000| PB 0x00000000c1c00000| Untracked 
|   7|0x00000000c1d00000, 0x00000000c1d00000, 0x00000000c1e00000|  0%| F|  |TAMS 0x00000000c1d00000| PB 0x00000000c1d00000| Untracked 
|   8|0x00000000c1e00000, 0x00000000c1e00000, 0x00000000c1f00000|  0%| F|  |TAMS 0x00000000c1e00000| PB 0x00000000c1e00000| Untracked 
|   9|0x00000000c1f00000, 0x00000000c1f00000, 0x00000000c2000000|  0%| F|  |TAMS 0x00000000c1f00000| PB 0x00000000c1f00000| Untracked 
|  10|0x00000000c2000000, 0x00000000c2000000, 0x00000000c2100000|  0%| F|  |TAMS 0x00000000c2000000| PB 0x00000000c2000000| Untracked 
|  11|0x00000000c2100000, 0x00000000c2100000, 0x00000000c2200000|  0%| F|  |TAMS 0x00000000c2100000| PB 0x00000000c2100000| Untracked 
|  12|0x00000000c2200000, 0x00000000c2200000, 0x00000000c2300000|  0%| F|  |TAMS 0x00000000c2200000| PB 0x00000000c2200000| Untracked 
|  13|0x00000000c2300000, 0x00000000c2300000, 0x00000000c2400000|  0%| F|  |TAMS 0x00000000c2300000| PB 0x00000000c2300000| Untracked 
|  14|0x00000000c2400000, 0x00000000c2400000, 0x00000000c2500000|  0%| F|  |TAMS 0x00000000c2400000| PB 0x00000000c2400000| Untracked 
|  15|0x00000000c2500000, 0x00000000c2500000, 0x00000000c2600000|  0%| F|  |TAMS 0x00000000c2500000| PB 0x00000000c2500000| Untracked 
|  16|0x00000000c2600000, 0x00000000c2600000, 0x00000000c2700000|  0%| F|  |TAMS 0x00000000c2600000| PB 0x00000000c2600000| Untracked 
|  17|0x00000000c2700000, 0x00000000c2700000, 0x00000000c2800000|  0%| F|  |TAMS 0x00000000c2700000| PB 0x00000000c2700000| Untracked 
|  18|0x00000000c2800000, 0x00000000c2800000, 0x00000000c2900000|  0%| F|  |TAMS 0x00000000c2800000| PB 0x00000000c2800000| Untracked 
|  19|0x00000000c2900000, 0x00000000c2900000, 0x00000000c2a00000|  0%| F|  |TAMS 0x00000000c2900000| PB 0x00000000c2900000| Untracked 
|  20|0x00000000c2a00000, 0x00000000c2a00000, 0x00000000c2b00000|  0%| F|  |TAMS 0x00000000c2a00000| PB 0x00000000c2a00000| Untracked 
|  21|0x00000000c2b00000, 0x00000000c2b00000, 0x00000000c2c00000|  0%| F|  |TAMS 0x00000000c2b00000| PB 0x00000000c2b00000| Untracked 
|  22|0x00000000c2c00000, 0x00000000c2c00000, 0x00000000c2d00000|  0%| F|  |TAMS 0x00000000c2c00000| PB 0x00000000c2c00000| Untracked 
|  23|0x00000000c2d00000, 0x00000000c2d00000, 0x00000000c2e00000|  0%| F|  |TAMS 0x00000000c2d00000| PB 0x00000000c2d00000| Untracked 
|  24|0x00000000c2e00000, 0x00000000c2e00000, 0x00000000c2f00000|  0%| F|  |TAMS 0x00000000c2e00000| PB 0x00000000c2e00000| Untracked 
|  25|0x00000000c2f00000, 0x00000000c2f00000, 0x00000000c3000000|  0%| F|  |TAMS 0x00000000c2f00000| PB 0x00000000c2f00000| Untracked 
|  26|0x00000000c3000000, 0x00000000c3000000, 0x00000000c3100000|  0%| F|  |TAMS 0x00000000c3000000| PB 0x00000000c3000000| Untracked 
|  27|0x00000000c3100000, 0x00000000c3100000, 0x00000000c3200000|  0%| F|  |TAMS 0x00000000c3100000| PB 0x00000000c3100000| Untracked 
|  28|0x00000000c3200000, 0x00000000c3200000, 0x00000000c3300000|  0%| F|  |TAMS 0x00000000c3200000| PB 0x00000000c3200000| Untracked 
|  29|0x00000000c3300000, 0x00000000c3300000, 0x00000000c3400000|  0%| F|  |TAMS 0x00000000c3300000| PB 0x00000000c3300000| Untracked 
|  30|0x00000000c3400000, 0x00000000c3400000, 0x00000000c3500000|  0%| F|  |TAMS 0x00000000c3400000| PB 0x00000000c3400000| Untracked 
|  31|0x00000000c3500000, 0x00000000c3500000, 0x00000000c3600000|  0%| F|  |TAMS 0x00000000c3500000| PB 0x00000000c3500000| Untracked 
|  32|0x00000000c3600000, 0x00000000c3600000, 0x00000000c3700000|  0%| F|  |TAMS 0x00000000c3600000| PB 0x00000000c3600000| Untracked 
|  33|0x00000000c3700000, 0x00000000c3700000, 0x00000000c3800000|  0%| F|  |TAMS 0x00000000c3700000| PB 0x00000000c3700000| Untracked 
|  34|0x00000000c3800000, 0x00000000c3800000, 0x00000000c3900000|  0%| F|  |TAMS 0x00000000c3800000| PB 0x00000000c3800000| Untracked 
|  35|0x00000000c3900000, 0x00000000c3900000, 0x00000000c3a00000|  0%| F|  |TAMS 0x00000000c3900000| PB 0x00000000c3900000| Untracked 
|  36|0x00000000c3a00000, 0x00000000c3a00000, 0x00000000c3b00000|  0%| F|  |TAMS 0x00000000c3a00000| PB 0x00000000c3a00000| Untracked 
|  37|0x00000000c3b00000, 0x00000000c3b00000, 0x00000000c3c00000|  0%| F|  |TAMS 0x00000000c3b00000| PB 0x00000000c3b00000| Untracked 
|  38|0x00000000c3c00000, 0x00000000c3c00000, 0x00000000c3d00000|  0%| F|  |TAMS 0x00000000c3c00000| PB 0x00000000c3c00000| Untracked 
|  39|0x00000000c3d00000, 0x00000000c3d00000, 0x00000000c3e00000|  0%| F|  |TAMS 0x00000000c3d00000| PB 0x00000000c3d00000| Untracked 
|  40|0x00000000c3e00000, 0x00000000c3e00000, 0x00000000c3f00000|  0%| F|  |TAMS 0x00000000c3e00000| PB 0x00000000c3e00000| Untracked 
|  41|0x00000000c3f00000, 0x00000000c3f00000, 0x00000000c4000000|  0%| F|  |TAMS 0x00000000c3f00000| PB 0x00000000c3f00000| Untracked 
|  42|0x00000000c4000000, 0x00000000c4000000, 0x00000000c4100000|  0%| F|  |TAMS 0x00000000c4000000| PB 0x00000000c4000000| Untracked 
|  43|0x00000000c4100000, 0x00000000c4100000, 0x00000000c4200000|  0%| F|  |TAMS 0x00000000c4100000| PB 0x00000000c4100000| Untracked 
|  44|0x00000000c4200000, 0x00000000c4200000, 0x00000000c4300000|  0%| F|  |TAMS 0x00000000c4200000| PB 0x00000000c4200000| Untracked 
|  45|0x00000000c4300000, 0x00000000c4300000, 0x00000000c4400000|  0%| F|  |TAMS 0x00000000c4300000| PB 0x00000000c4300000| Untracked 
|  46|0x00000000c4400000, 0x00000000c4400000, 0x00000000c4500000|  0%| F|  |TAMS 0x00000000c4400000| PB 0x00000000c4400000| Untracked 
|  47|0x00000000c4500000, 0x00000000c4500000, 0x00000000c4600000|  0%| F|  |TAMS 0x00000000c4500000| PB 0x00000000c4500000| Untracked 
|  48|0x00000000c4600000, 0x00000000c4600000, 0x00000000c4700000|  0%| F|  |TAMS 0x00000000c4600000| PB 0x00000000c4600000| Untracked 
|  49|0x00000000c4700000, 0x00000000c4700000, 0x00000000c4800000|  0%| F|  |TAMS 0x00000000c4700000| PB 0x00000000c4700000| Untracked 
|  50|0x00000000c4800000, 0x00000000c4800000, 0x00000000c4900000|  0%| F|  |TAMS 0x00000000c4800000| PB 0x00000000c4800000| Untracked 
|  51|0x00000000c4900000, 0x00000000c4900000, 0x00000000c4a00000|  0%| F|  |TAMS 0x00000000c4900000| PB 0x00000000c4900000| Untracked 
|  52|0x00000000c4a00000, 0x00000000c4a00000, 0x00000000c4b00000|  0%| F|  |TAMS 0x00000000c4a00000| PB 0x00000000c4a00000| Untracked 
|  53|0x00000000c4b00000, 0x00000000c4b00000, 0x00000000c4c00000|  0%| F|  |TAMS 0x00000000c4b00000| PB 0x00000000c4b00000| Untracked 
|  54|0x00000000c4c00000, 0x00000000c4c00000, 0x00000000c4d00000|  0%| F|  |TAMS 0x00000000c4c00000| PB 0x00000000c4c00000| Untracked 
|  55|0x00000000c4d00000, 0x00000000c4d00000, 0x00000000c4e00000|  0%| F|  |TAMS 0x00000000c4d00000| PB 0x00000000c4d00000| Untracked 
|  56|0x00000000c4e00000, 0x00000000c4e00000, 0x00000000c4f00000|  0%| F|  |TAMS 0x00000000c4e00000| PB 0x00000000c4e00000| Untracked 
|  57|0x00000000c4f00000, 0x00000000c4f43110, 0x00000000c5000000| 26%| E|  |TAMS 0x00000000c4f00000| PB 0x00000000c4f00000| Complete 
|  58|0x00000000c5000000, 0x00000000c5100000, 0x00000000c5100000|100%| E|CS|TAMS 0x00000000c5000000| PB 0x00000000c5000000| Complete 
|  59|0x00000000c5100000, 0x00000000c5200000, 0x00000000c5200000|100%| E|CS|TAMS 0x00000000c5100000| PB 0x00000000c5100000| Complete 
|  60|0x00000000c5200000, 0x00000000c5300000, 0x00000000c5300000|100%| E|CS|TAMS 0x00000000c5200000| PB 0x00000000c5200000| Complete 
|  61|0x00000000c5300000, 0x00000000c5400000, 0x00000000c5400000|100%| E|CS|TAMS 0x00000000c5300000| PB 0x00000000c5300000| Complete 
|  62|0x00000000c5400000, 0x00000000c5500000, 0x00000000c5500000|100%| E|CS|TAMS 0x00000000c5400000| PB 0x00000000c5400000| Complete 
|  63|0x00000000c5500000, 0x00000000c5600000, 0x00000000c5600000|100%| E|CS|TAMS 0x00000000c5500000| PB 0x00000000c5500000| Complete 

Card table byte_map: [0x000001c8ee540000,0x000001c8ee740000] _byte_map_base: 0x000001c8edf35000

Marking Bits: (CMBitMap*) 0x000001c8d50e57b0
 Bits: [0x000001c8ee740000, 0x000001c8ef6e8000)

Polling page: 0x000001c8d5180000

Metaspace:

Usage:
  Non-class:      5.59 MB used.
      Class:    730.90 KB used.
       Both:      6.30 MB used.

Virtual space:
  Non-class space:       64.00 MB reserved,       5.62 MB (  9%) committed,  1 nodes.
      Class space:        1.00 GB reserved,     768.00 KB ( <1%) committed,  1 nodes.
             Both:        1.06 GB reserved,       6.38 MB ( <1%) committed. 

Chunk freelists:
   Non-Class:  10.12 MB
       Class:  15.25 MB
        Both:  25.38 MB

MaxMetaspaceSize: unlimited
CompressedClassSpaceSize: 1.00 GB
Initial GC threshold: 21.00 MB
Current GC threshold: 21.00 MB
CDS: on
 - commit_granule_bytes: 65536.
 - commit_granule_words: 8192.
 - virtual_space_node_default_size: 8388608.
 - enlarge_chunks_in_place: 1.
 - use_allocation_guard: 0.


Internal statistics:

num_allocs_failed_limit: 0.
num_arena_births: 114.
num_arena_deaths: 0.
num_vsnodes_births: 2.
num_vsnodes_deaths: 0.
num_space_committed: 102.
num_space_uncommitted: 0.
num_chunks_returned_to_freelist: 0.
num_chunks_taken_from_freelist: 133.
num_chunk_merges: 0.
num_chunk_splits: 85.
num_chunks_enlarged: 43.
num_inconsistent_stats: 0.

CodeHeap 'non-profiled nmethods': size=120000Kb used=152Kb max_used=152Kb free=119847Kb
 bounds [0x000001c8e67f0000, 0x000001c8e6a60000, 0x000001c8edd20000]
CodeHeap 'profiled nmethods': size=120000Kb used=822Kb max_used=822Kb free=119177Kb
 bounds [0x000001c8ded20000, 0x000001c8def90000, 0x000001c8e6250000]
CodeHeap 'non-nmethods': size=5760Kb used=1460Kb max_used=1464Kb free=4300Kb
 bounds [0x000001c8e6250000, 0x000001c8e64c0000, 0x000001c8e67f0000]
 total_blobs=1106 nmethods=561 adapters=450
 compilation: enabled
              stopped_count=0, restarted_count=0
 full_count=0

Compilation events (20 events):
Event: 0.664 Thread 0x000001c8f1c94760 nmethod 548 0x000001c8dedea010 code [0x000001c8dedea220, 0x000001c8dedea7e8]
Event: 0.665 Thread 0x000001c8f1c94760  549       3       java.lang.ref.Reference::<init> (7 bytes)
Event: 0.665 Thread 0x000001c8f1c94760 nmethod 549 0x000001c8dedeaa10 code [0x000001c8dedeabc0, 0x000001c8dedeae70]
Event: 0.665 Thread 0x000001c8f1c94760  550       3       java.util.concurrent.ConcurrentHashMap$ValueIterator::next (34 bytes)
Event: 0.665 Thread 0x000001c8f1c94760 nmethod 550 0x000001c8dedeaf90 code [0x000001c8dedeb160, 0x000001c8dedeb3c8]
Event: 0.679 Thread 0x000001c8f1c94760  551       3       java.lang.invoke.LambdaFormEditor$Transform::equals (32 bytes)
Event: 0.680 Thread 0x000001c8f1c94760 nmethod 551 0x000001c8dedeb510 code [0x000001c8dedeb6c0, 0x000001c8dedeb898]
Event: 0.680 Thread 0x000001c8f1c94760  552       3       java.lang.Class::cast (27 bytes)
Event: 0.680 Thread 0x000001c8f1c94760 nmethod 552 0x000001c8dedeb990 code [0x000001c8dedebb60, 0x000001c8dedebe10]
Event: 0.680 Thread 0x000001c8f1c94760  553       3       jdk.internal.loader.NativeLibraries$NativeLibraryImpl::find (9 bytes)
Event: 0.680 Thread 0x000001c8f1c94760 nmethod 553 0x000001c8dedebf10 code [0x000001c8dedec0c0, 0x000001c8dedec200]
Event: 0.683 Thread 0x000001c8f1c92d10  556 %     4       java.lang.StringLatin1::indexOfChar @ 7 (33 bytes)
Event: 0.683 Thread 0x000001c8f1c94760  557       3       java.util.ImmutableCollections$List12::get (35 bytes)
Event: 0.683 Thread 0x000001c8f1c94760 nmethod 557 0x000001c8dedec290 code [0x000001c8dedec440, 0x000001c8dedec6e8]
Event: 0.683 Thread 0x000001c8f1c94760  558       3       java.lang.CharacterData::of (136 bytes)
Event: 0.684 Thread 0x000001c8f1c94760 nmethod 558 0x000001c8dedec790 code [0x000001c8dedec9e0, 0x000001c8deded360]
Event: 0.684 Thread 0x000001c8f1c94760  559       3       java.lang.Character::charCount (12 bytes)
Event: 0.684 Thread 0x000001c8f1c94760 nmethod 559 0x000001c8deded590 code [0x000001c8deded740, 0x000001c8deded8a8]
Event: 0.684 Thread 0x000001c8f1c94760  561       3       javax.swing.UIDefaults$TextAndMnemonicHashMap::get (358 bytes)
Event: 0.688 Thread 0x000001c8f1c92d10 nmethod 556% 0x000001c8e6815890 code [0x000001c8e6815a20, 0x000001c8e6815c30]

GC Heap History (0 events):
No events

Dll operation events (9 events):
Event: 0.014 Loaded shared library C:\Program Files\Java\jdk-21\bin\java.dll
Event: 0.071 Loaded shared library C:\Program Files\Java\jdk-21\bin\jsvml.dll
Event: 0.160 Loaded shared library C:\Program Files\Java\jdk-21\bin\jimage.dll
Event: 0.173 Loaded shared library C:\Program Files\Java\jdk-21\bin\net.dll
Event: 0.176 Loaded shared library C:\Program Files\Java\jdk-21\bin\nio.dll
Event: 0.186 Loaded shared library C:\Program Files\Java\jdk-21\bin\zip.dll
Event: 0.241 Loaded shared library C:\Program Files\Java\jdk-21\bin\awt.dll
Event: 0.541 Loaded shared library C:\Program Files\Java\jdk-21\bin\freetype.dll
Event: 0.544 Loaded shared library C:\Program Files\Java\jdk-21\bin\fontmanager.dll

Deoptimization events (14 events):
Event: 0.189 Thread 0x000001c8d4e61380 DEOPT PACKING pc=0x000001c8ded3fc55 sp=0x0000007e6d5fc780
Event: 0.189 Thread 0x000001c8d4e61380 DEOPT UNPACKING pc=0x000001c8e62a4e42 sp=0x0000007e6d5fbbf0 mode 0
Event: 0.189 Thread 0x000001c8d4e61380 DEOPT PACKING pc=0x000001c8ded3fc55 sp=0x0000007e6d5fc780
Event: 0.189 Thread 0x000001c8d4e61380 DEOPT UNPACKING pc=0x000001c8e62a4e42 sp=0x0000007e6d5fbbf0 mode 0
Event: 0.192 Thread 0x000001c8d4e61380 DEOPT PACKING pc=0x000001c8ded3fc55 sp=0x0000007e6d5fc780
Event: 0.192 Thread 0x000001c8d4e61380 DEOPT UNPACKING pc=0x000001c8e62a4e42 sp=0x0000007e6d5fbbf0 mode 0
Event: 0.192 Thread 0x000001c8d4e61380 DEOPT PACKING pc=0x000001c8ded3fc55 sp=0x0000007e6d5fc780
Event: 0.192 Thread 0x000001c8d4e61380 DEOPT UNPACKING pc=0x000001c8e62a4e42 sp=0x0000007e6d5fbbf0 mode 0
Event: 0.192 Thread 0x000001c8d4e61380 DEOPT PACKING pc=0x000001c8ded3fc55 sp=0x0000007e6d5fc780
Event: 0.192 Thread 0x000001c8d4e61380 DEOPT UNPACKING pc=0x000001c8e62a4e42 sp=0x0000007e6d5fbbf0 mode 0
Event: 0.192 Thread 0x000001c8d4e61380 DEOPT PACKING pc=0x000001c8ded3fc55 sp=0x0000007e6d5fc780
Event: 0.193 Thread 0x000001c8d4e61380 DEOPT UNPACKING pc=0x000001c8e62a4e42 sp=0x0000007e6d5fbbf0 mode 0
Event: 0.193 Thread 0x000001c8d4e61380 DEOPT PACKING pc=0x000001c8ded3fc55 sp=0x0000007e6d5fc780
Event: 0.193 Thread 0x000001c8d4e61380 DEOPT UNPACKING pc=0x000001c8e62a4e42 sp=0x0000007e6d5fbbf0 mode 0

Classes loaded (20 events):
Event: 0.688 Loading class javax/swing/plaf/synth/SynthContext
Event: 0.688 Loading class javax/swing/plaf/synth/SynthContext done
Event: 0.688 Loading class javax/swing/plaf/nimbus/NimbusStyle
Event: 0.689 Loading class javax/swing/plaf/nimbus/NimbusStyle done
Event: 0.689 Loading class javax/swing/plaf/nimbus/NimbusStyle$1
Event: 0.689 Loading class javax/swing/plaf/nimbus/NimbusStyle$1 done
Event: 0.689 Loading class javax/swing/plaf/nimbus/NimbusStyle$CacheKey
Event: 0.689 Loading class javax/swing/plaf/nimbus/NimbusStyle$CacheKey done
Event: 0.689 Loading class javax/swing/plaf/nimbus/SynthPainterImpl
Event: 0.691 Loading class javax/swing/plaf/synth/SynthPainter
Event: 0.692 Loading class javax/swing/plaf/synth/SynthPainter done
Event: 0.692 Loading class javax/swing/plaf/nimbus/SynthPainterImpl done
Event: 0.692 Loading class javax/swing/plaf/synth/SynthPainter$1
Event: 0.692 Loading class javax/swing/plaf/synth/SynthPainter$1 done
Event: 0.692 Loading class javax/swing/plaf/synth/SynthBorder
Event: 0.692 Loading class javax/swing/plaf/synth/SynthBorder done
Event: 0.693 Loading class javax/swing/plaf/nimbus/NimbusStyle$Values
Event: 0.693 Loading class javax/swing/plaf/nimbus/NimbusStyle$Values done
Event: 0.693 Loading class java/util/Hashtable$EntrySet
Event: 0.693 Loading class java/util/Hashtable$EntrySet done

Classes unloaded (0 events):
No events

Classes redefined (0 events):
No events

Internal exceptions (20 events):
Event: 0.625 Thread 0x000001c8d4e61380 Exception <a 'java/lang/ClassNotFoundException'{0x00000000c5004970}: PasswordField> (0x00000000c5004970) 
thrown [s\open\src\hotspot\share\classfile\systemDictionary.cpp, line 312]
Event: 0.626 Thread 0x000001c8d4e61380 Exception <a 'java/lang/ClassNotFoundException'{0x00000000c5004eb8}: TextArea> (0x00000000c5004eb8) 
thrown [s\open\src\hotspot\share\classfile\systemDictionary.cpp, line 312]
Event: 0.627 Thread 0x000001c8d4e61380 Exception <a 'java/lang/ClassNotFoundException'{0x00000000c50057d8}: TextPane> (0x00000000c50057d8) 
thrown [s\open\src\hotspot\share\classfile\systemDictionary.cpp, line 312]
Event: 0.627 Thread 0x000001c8d4e61380 Exception <a 'java/lang/ClassNotFoundException'{0x00000000c5005c40}: EditorPane> (0x00000000c5005c40) 
thrown [s\open\src\hotspot\share\classfile\systemDictionary.cpp, line 312]
Event: 0.628 Thread 0x000001c8d4e61380 Exception <a 'java/lang/ClassNotFoundException'{0x00000000c5006590}: ToolBar> (0x00000000c5006590) 
thrown [s\open\src\hotspot\share\classfile\systemDictionary.cpp, line 312]
Event: 0.628 Thread 0x000001c8d4e61380 Exception <a 'java/lang/ClassNotFoundException'{0x00000000c5006a88}: ToolBar> (0x00000000c5006a88) 
thrown [s\open\src\hotspot\share\classfile\systemDictionary.cpp, line 312]
Event: 0.628 Thread 0x000001c8d4e61380 Exception <a 'java/lang/ClassNotFoundException'{0x00000000c5006de8}: Button> (0x00000000c5006de8) 
thrown [s\open\src\hotspot\share\classfile\systemDictionary.cpp, line 312]
Event: 0.628 Thread 0x000001c8d4e61380 Exception <a 'java/lang/ClassNotFoundException'{0x00000000c50072b0}: ToolBar> (0x00000000c50072b0) 
thrown [s\open\src\hotspot\share\classfile\systemDictionary.cpp, line 312]
Event: 0.628 Thread 0x000001c8d4e61380 Exception <a 'java/lang/ClassNotFoundException'{0x00000000c5007620}: ToggleButton> (0x00000000c5007620) 
thrown [s\open\src\hotspot\share\classfile\systemDictionary.cpp, line 312]
Event: 0.628 Thread 0x000001c8d4e61380 Exception <a 'java/lang/ClassNotFoundException'{0x00000000c5007a60}: javax/swing/JToolBarSeparator> (0x00000000c5007a60) 
thrown [s\open\src\hotspot\share\classfile\systemDictionary.cpp, line 312]
Event: 0.628 Thread 0x000001c8d4e61380 Exception <a 'java/lang/ClassNotFoundException'{0x00000000c5007d70}: ToolBarSeparator> (0x00000000c5007d70) 
thrown [s\open\src\hotspot\share\classfile\systemDictionary.cpp, line 312]
Event: 0.629 Thread 0x000001c8d4e61380 Exception <a 'java/lang/ClassNotFoundException'{0x00000000c5008278}: ToolTip> (0x00000000c5008278) 
thrown [s\open\src\hotspot\share\classfile\systemDictionary.cpp, line 312]
Event: 0.631 Thread 0x000001c8d4e61380 Exception <a 'java/lang/ClassNotFoundException'{0x00000000c5008bb8}: Tree> (0x00000000c5008bb8) 
thrown [s\open\src\hotspot\share\classfile\systemDictionary.cpp, line 312]
Event: 0.631 Thread 0x000001c8d4e61380 Exception <a 'java/lang/ClassNotFoundException'{0x00000000c50090b0}: Tree> (0x00000000c50090b0) 
thrown [s\open\src\hotspot\share\classfile\systemDictionary.cpp, line 312]
Event: 0.631 Thread 0x000001c8d4e61380 Exception <a 'java/lang/ClassNotFoundException'{0x00000000c5009420}: javax/swing/JTreeCell> (0x00000000c5009420) 
thrown [s\open\src\hotspot\share\classfile\systemDictionary.cpp, line 312]
Event: 0.631 Thread 0x000001c8d4e61380 Exception <a 'java/lang/ClassNotFoundException'{0x00000000c5009728}: TreeCell> (0x00000000c5009728) 
thrown [s\open\src\hotspot\share\classfile\systemDictionary.cpp, line 312]
Event: 0.631 Thread 0x000001c8d4e61380 Exception <a 'java/lang/ClassNotFoundException'{0x00000000c5009ed0}: RootPane> (0x00000000c5009ed0) 
thrown [s\open\src\hotspot\share\classfile\systemDictionary.cpp, line 312]
Event: 0.635 Thread 0x000001c8d4e61380 Exception <a 'java/lang/ClassNotFoundException'{0x00000000c500cc60}: com/sun/swing/internal/plaf/metal/resources/spi/metalProvider> (0x00000000c500cc60) 
thrown [s\open\src\hotspot\share\classfile\systemDictionary.cpp, line 312]
Event: 0.637 Thread 0x000001c8d4e61380 Exception <a 'java/lang/ClassNotFoundException'{0x00000000c5010910}: com/sun/swing/internal/plaf/basic/resources/spi/basicProvider> (0x00000000c5010910) 
thrown [s\open\src\hotspot\share\classfile\systemDictionary.cpp, line 312]
Event: 0.682 Thread 0x000001c8f62e6880 Exception <a 'java/lang/ClassNotFoundException'{0x00000000c509db10}: com/sun/swing/internal/plaf/synth/resources/spi/synthProvider> (0x00000000c509db10) 
thrown [s\open\src\hotspot\share\classfile\systemDictionary.cpp, line 312]

ZGC Phase Switch (0 events):
No events

VM Operations (2 events):
Event: 0.195 Executing VM operation: HandshakeAllThreads (Deoptimize)
Event: 0.195 Executing VM operation: HandshakeAllThreads (Deoptimize) done

Events (17 events):
Event: 0.038 Thread 0x000001c8d4e61380 Thread added: 0x000001c8d4e61380
Event: 0.067 Thread 0x000001c8d517e4f0 Thread added: 0x000001c8d517e4f0
Event: 0.067 Thread 0x000001c8f1c86ad0 Thread added: 0x000001c8f1c86ad0
Event: 0.068 Thread 0x000001c8f1c8aa70 Thread added: 0x000001c8f1c8aa70
Event: 0.068 Thread 0x000001c8f1c8e090 Thread added: 0x000001c8f1c8e090
Event: 0.068 Thread 0x000001c8f1c90b00 Thread added: 0x000001c8f1c90b00
Event: 0.068 Thread 0x000001c8f1c917e0 Thread added: 0x000001c8f1c917e0
Event: 0.068 Thread 0x000001c8f1c92d10 Thread added: 0x000001c8f1c92d10
Event: 0.068 Thread 0x000001c8f1c94760 Thread added: 0x000001c8f1c94760
Event: 0.115 Thread 0x000001c8f607eed0 Thread added: 0x000001c8f607eed0
Event: 0.120 Thread 0x000001c8f6088b40 Thread added: 0x000001c8f6088b40
Event: 0.385 Thread 0x000001c8f6278f30 Thread added: 0x000001c8f6278f30
Event: 0.389 Thread 0x000001c8f62795a0 Thread added: 0x000001c8f62795a0
Event: 0.394 Thread 0x000001c8f6282040 Thread added: 0x000001c8f6282040
Event: 0.659 Thread 0x000001c8f62e6880 Thread added: 0x000001c8f62e6880
Event: 0.659 Thread 0x000001c8d4e61380 Thread exited: 0x000001c8d4e61380
Event: 0.659 Thread 0x000001c8d4e61380 Thread added: 0x000001c8d4e61380


Dynamic libraries:
0x00007ff77f650000 - 0x00007ff77f660000 	C:\Program Files\Java\jdk-21\bin\java.exe
0x00007ffbac9f0000 - 0x00007ffbacbe8000 	C:\Windows\SYSTEM32\ntdll.dll
0x00007ffbac880000 - 0x00007ffbac93d000 	C:\Windows\System32\KERNEL32.DLL
0x00007ffbaa230000 - 0x00007ffbaa526000 	C:\Windows\System32\KERNELBASE.dll
0x00007ffbaa130000 - 0x00007ffbaa230000 	C:\Windows\System32\ucrtbase.dll
0x00007ffb9fb60000 - 0x00007ffb9fb7b000 	C:\Program Files\Java\jdk-21\bin\VCRUNTIME140.dll
0x00007ffba5460000 - 0x00007ffba5479000 	C:\Program Files\Java\jdk-21\bin\jli.dll
0x00007ffbab510000 - 0x00007ffbab5c0000 	C:\Windows\System32\ADVAPI32.dll
0x00007ffbabaf0000 - 0x00007ffbabb8e000 	C:\Windows\System32\msvcrt.dll
0x00007ffbab220000 - 0x00007ffbab2c0000 	C:\Windows\System32\sechost.dll
0x00007ffbaaf50000 - 0x00007ffbab073000 	C:\Windows\System32\RPCRT4.dll
0x00007ffbaa910000 - 0x00007ffbaa937000 	C:\Windows\System32\bcrypt.dll
0x00007ffba1820000 - 0x00007ffba1aba000 	C:\Windows\WinSxS\amd64_microsoft.windows.common-controls_6595b64144ccf1df_6.0.19041.4355_none_60b8b9eb71f62e16\COMCTL32.dll
0x00007ffbab2c0000 - 0x00007ffbab2eb000 	C:\Windows\System32\GDI32.dll
0x00007ffbaa9f0000 - 0x00007ffbaaa12000 	C:\Windows\System32\win32u.dll
0x00007ffbaa5f0000 - 0x00007ffbaa707000 	C:\Windows\System32\gdi32full.dll
0x00007ffbaa870000 - 0x00007ffbaa90d000 	C:\Windows\System32\msvcp_win.dll
0x00007ffbab080000 - 0x00007ffbab21f000 	C:\Windows\System32\USER32.dll
0x00007ffba3cd0000 - 0x00007ffba3cda000 	C:\Windows\SYSTEM32\VERSION.dll
0x00007ffbaaad0000 - 0x00007ffbaab02000 	C:\Windows\System32\IMM32.DLL
0x00007ffba3d10000 - 0x00007ffba3d1c000 	C:\Program Files\Java\jdk-21\bin\vcruntime140_1.dll
0x00007ffb9a250000 - 0x00007ffb9a2de000 	C:\Program Files\Java\jdk-21\bin\msvcp140.dll
0x00007ffb64100000 - 0x00007ffb64e17000 	C:\Program Files\Java\jdk-21\bin\server\jvm.dll
0x00007ffbac940000 - 0x00007ffbac9ab000 	C:\Windows\System32\WS2_32.dll
0x00007ffba2120000 - 0x00007ffba2147000 	C:\Windows\SYSTEM32\WINMM.dll
0x00007ffba95d0000 - 0x00007ffba961b000 	C:\Windows\SYSTEM32\POWRPROF.dll
0x00007ffba9490000 - 0x00007ffba94a2000 	C:\Windows\SYSTEM32\UMPDC.dll
0x00007ffba7f20000 - 0x00007ffba7f32000 	C:\Windows\SYSTEM32\kernel.appcore.dll
0x00007ffba35b0000 - 0x00007ffba35ba000 	C:\Program Files\Java\jdk-21\bin\jimage.dll
0x00007ffba4d10000 - 0x00007ffba4ef4000 	C:\Windows\SYSTEM32\DBGHELP.DLL
0x00007ffba4c70000 - 0x00007ffba4ca4000 	C:\Windows\SYSTEM32\dbgcore.DLL
0x00007ffbaa0a0000 - 0x00007ffbaa122000 	C:\Windows\System32\bcryptPrimitives.dll
0x00007ffb9e380000 - 0x00007ffb9e39f000 	C:\Program Files\Java\jdk-21\bin\java.dll
0x00007ffbac000000 - 0x00007ffbac76b000 	C:\Windows\System32\SHELL32.dll
0x00007ffba8120000 - 0x00007ffba88bd000 	C:\Windows\SYSTEM32\windows.storage.dll
0x00007ffbaab10000 - 0x00007ffbaae63000 	C:\Windows\System32\combase.dll
0x00007ffba9ac0000 - 0x00007ffba9aee000 	C:\Windows\SYSTEM32\Wldp.dll
0x00007ffbaae80000 - 0x00007ffbaaf4d000 	C:\Windows\System32\OLEAUT32.dll
0x00007ffbac770000 - 0x00007ffbac81d000 	C:\Windows\System32\SHCORE.dll
0x00007ffbac820000 - 0x00007ffbac875000 	C:\Windows\System32\shlwapi.dll
0x00007ffba9fd0000 - 0x00007ffba9ff4000 	C:\Windows\SYSTEM32\profapi.dll
0x00007ffb913e0000 - 0x00007ffb914b7000 	C:\Program Files\Java\jdk-21\bin\jsvml.dll
0x00007ffb9dee0000 - 0x00007ffb9def0000 	C:\Program Files\Java\jdk-21\bin\net.dll
0x00007ffba3670000 - 0x00007ffba377a000 	C:\Windows\SYSTEM32\WINHTTP.dll
0x00007ffba9820000 - 0x00007ffba988a000 	C:\Windows\system32\mswsock.dll
0x00007ffb9dec0000 - 0x00007ffb9ded6000 	C:\Program Files\Java\jdk-21\bin\nio.dll
0x00007ffb9db70000 - 0x00007ffb9db88000 	C:\Program Files\Java\jdk-21\bin\zip.dll
0x00007ffb91250000 - 0x00007ffb913df000 	C:\Program Files\Java\jdk-21\bin\awt.dll
0x00007ffba7570000 - 0x00007ffba7600000 	C:\Windows\SYSTEM32\apphelp.dll
0x00007ffba7a70000 - 0x00007ffba7b0e000 	C:\Windows\system32\uxtheme.dll
0x00007ffbab9d0000 - 0x00007ffbabae4000 	C:\Windows\System32\MSCTF.dll
0x00007ffbab2f0000 - 0x00007ffbab41b000 	C:\Windows\System32\ole32.dll
0x00007ffba7e10000 - 0x00007ffba7e3f000 	C:\Windows\system32\DWMAPI.DLL
0x00007ffb90970000 - 0x00007ffb909f7000 	C:\Program Files\Java\jdk-21\bin\freetype.dll
0x00007ffb82fc0000 - 0x00007ffb830a2000 	C:\Program Files\Java\jdk-21\bin\fontmanager.dll
0x00007ffb9a2e0000 - 0x00007ffb9a405000 	C:\Windows\system32\opengl32.dll
0x00007ffba0020000 - 0x00007ffba004c000 	C:\Windows\SYSTEM32\GLU32.dll

dbghelp: loaded successfully - version: 4.0.5 - missing functions: none
symbol engine: initialized successfully - sym options: 0x614 - pdb path: .;C:\Program Files\Java\jdk-21\bin;C:\Windows\SYSTEM32;C:\Windows\WinSxS\amd64_microsoft.windows.common-controls_6595b64144ccf1df_6.0.19041.4355_none_60b8b9eb71f62e16;C:\Program Files\Java\jdk-21\bin\server

VM Arguments:
java_command: projeto.unipar.java_front_end_desktop_pdv.View.Retaguarda
java_class_path (initial): C:\Users\leona\OneDrive\Documentos\NetBeansProjects\JAVA_FRONT_END_DESKTOP_PDV\target\classes;C:\Users\leona\.m2\repository\org\projectlombok\lombok\1.18.32\lombok-1.18.32.jar;C:\Users\leona\.m2\repository\com\fasterxml\jackson\core\jackson-databind\2.17.1\jackson-databind-2.17.1.jar;C:\Users\leona\.m2\repository\com\fasterxml\jackson\core\jackson-annotations\2.17.1\jackson-annotations-2.17.1.jar;C:\Users\leona\.m2\repository\com\fasterxml\jackson\core\jackson-core\2.17.1\jackson-core-2.17.1.jar;C:\Users\leona\.m2\repository\org\json\json\20211205\json-20211205.jar
Launcher Type: SUN_STANDARD

[Global flags]
     intx CICompilerCount                          = 3                                         {product} {ergonomic}
     uint ConcGCThreads                            = 1                                         {product} {ergonomic}
     uint G1ConcRefinementThreads                  = 4                                         {product} {ergonomic}
   size_t G1HeapRegionSize                         = 1048576                                   {product} {ergonomic}
    uintx GCDrainStackTargetSize                   = 64                                        {product} {ergonomic}
   size_t InitialHeapSize                          = 67108864                                  {product} {ergonomic}
   size_t MarkStackSize                            = 4194304                                   {product} {ergonomic}
   size_t MaxHeapSize                              = 1050673152                                {product} {ergonomic}
   size_t MaxNewSize                               = 630194176                                 {product} {ergonomic}
   size_t MinHeapDeltaBytes                        = 1048576                                   {product} {ergonomic}
   size_t MinHeapSize                              = 8388608                                   {product} {ergonomic}
    uintx NonNMethodCodeHeapSize                   = 5832780                                {pd product} {ergonomic}
    uintx NonProfiledCodeHeapSize                  = 122912730                              {pd product} {ergonomic}
    uintx ProfiledCodeHeapSize                     = 122912730                              {pd product} {ergonomic}
    uintx ReservedCodeCacheSize                    = 251658240                              {pd product} {ergonomic}
     bool SegmentedCodeCache                       = true                                      {product} {ergonomic}
   size_t SoftMaxHeapSize                          = 1050673152                             {manageable} {ergonomic}
     bool UseCompressedOops                        = true                           {product lp64_product} {ergonomic}
     bool UseG1GC                                  = true                                      {product} {ergonomic}
     bool UseLargePagesIndividualAllocation        = false                                  {pd product} {ergonomic}

Logging:
Log output configuration:
 #0: stdout all=warning uptime,level,tags foldmultilines=false
 #1: stderr all=off uptime,level,tags foldmultilines=false

Environment Variables:
JAVA_HOME=C:\Program Files\Java\jdk-21
PATH=C:\Program Files\Common Files\Oracle\Java\javapath;C:\Windows\system32;C:\Windows;C:\Windows\System32\Wbem;C:\Windows\System32\WindowsPowerShell\v1.0\;C:\Windows\System32\OpenSSH\;C:\Program Files\dotnet\;C:\Program Files\Git\cmd;C:\Users\leona\AppData\Local\Microsoft\WindowsApps;C:\Users\leona\AppData\Local\GitHubDesktop\bin;C:\Program Files\JetBrains\IntelliJ IDEA 2024.1.1\bin;;C:\Users\leona\AppData\Local\Programs\Microsoft VS Code\bin
USERNAME=leona
OS=Windows_NT
PROCESSOR_IDENTIFIER=Intel64 Family 6 Model 69 Stepping 1, GenuineIntel
TMP=C:\Users\leona\AppData\Local\Temp
TEMP=C:\Users\leona\AppData\Local\Temp




Periodic native trim disabled

---------------  S Y S T E M  ---------------

OS:
 Windows 10 , 64 bit Build 19041 (10.0.19041.3636)
OS uptime: 13 days 12:29 hours

CPU: total 4 (initial active 4) (2 cores per cpu, 2 threads per core) family 6 model 69 stepping 1 microcode 0x25, cx8, cmov, fxsr, ht, mmx, sse, sse2, sse3, ssse3, sse4.1, sse4.2, popcnt, lzcnt, tsc, tscinvbit, avx, avx2, aes, erms, clmul, bmi1, bmi2, fma, vzeroupper, clflush, rdtscp, f16c
Processor Information for all 4 processors :
  Max Mhz: 1701, Current Mhz: 1701, Mhz Limit: 1701

Memory: 4k page, system-wide physical 4000M (110M free)
TotalPageFile size 16288M (AvailPageFile size 23M)
current process WorkingSet (physical memory assigned to process): 54M, peak: 54M
current process commit charge ("private bytes"): 147M, peak: 147M

vm_info: Java HotSpot(TM) 64-Bit Server VM (21.0.2+13-LTS-58) for windows-amd64 JRE (21.0.2+13-LTS-58), built on 2024-01-05T18:32:24Z by "mach5one" with MS VC++ 17.1 (VS2022)

END.
