#
# There is insufficient memory for the Java Runtime Environment to continue.
# Native memory allocation (malloc) failed to allocate 1133616 bytes for Chunk::new
# Possible reasons:
#   The system is out of physical RAM or swap space
#   The process is running with CompressedOops enabled, and the Java Heap may be blocking the growth of the native heap
# Possible solutions:
#   Reduce memory load on the system
#   Increase physical memory or swap space
#   Check if swap backing store is full
#   Decrease Java heap size (-Xmx/-Xms)
#   Decrease number of Java threads
#   Decrease Java thread stack sizes (-Xss)
#   Set larger code cache with -XX:ReservedCodeCacheSize=
#   JVM is running with Unscaled Compressed Oops mode in which the Java heap is
#     placed in the first 4GB address space. The Java Heap base address is the
#     maximum limit for the native heap growth. Please use -XX:HeapBaseMinAddress
#     to set the Java Heap base and to place the Java Heap above 4GB virtual address.
# This output file may be truncated or incomplete.
#
#  Out of Memory Error (arena.cpp:168), pid=4632, tid=5556
#
# JRE version: Java(TM) SE Runtime Environment (21.0.2+13) (build 21.0.2+13-LTS-58)
# Java VM: Java HotSpot(TM) 64-Bit Server VM (21.0.2+13-LTS-58, mixed mode, sharing, tiered, compressed oops, compressed class ptrs, g1 gc, windows-amd64)
# No core dump will be written. Minidumps are not enabled by default on client versions of Windows
#

---------------  S U M M A R Y ------------

Command Line: projeto.unipar.java_front_end_desktop_pdv.View.Retaguarda

Host: Intel(R) Core(TM) i5-4210U CPU @ 1.70GHz, 4 cores, 3G,  Windows 10 , 64 bit Build 19041 (10.0.19041.3636)
Time: Fri May 31 22:46:29 2024 Hora oficial do Brasil elapsed time: 9.194228 seconds (0d 0h 0m 9s)

---------------  T H R E A D  ---------------

Current thread (0x0000015e76e27810):  JavaThread "C2 CompilerThread0" daemon [_thread_in_native, id=5556, stack(0x00000013cc900000,0x00000013cca00000) (1024K)]


Current CompileTask:
C2:   9194 2402       4       javax.swing.plaf.nimbus.NimbusStyle::validate (1151 bytes)

Stack: [0x00000013cc900000,0x00000013cca00000]
Native frames: (J=compiled Java code, j=interpreted, Vv=VM code, C=native code)
V  [jvm.dll+0x6cade9]
V  [jvm.dll+0x8569c1]
V  [jvm.dll+0x858d2e]
V  [jvm.dll+0x859413]
V  [jvm.dll+0x280e56]
V  [jvm.dll+0xc3f3d]
V  [jvm.dll+0xc4473]
V  [jvm.dll+0x3b5bf2]
V  [jvm.dll+0x382855]
V  [jvm.dll+0x381cca]
V  [jvm.dll+0x249bd0]
V  [jvm.dll+0x2491b1]
V  [jvm.dll+0x1c9634]
V  [jvm.dll+0x258859]
V  [jvm.dll+0x256e3a]
V  [jvm.dll+0x3ef6c6]
V  [jvm.dll+0x7ff568]
V  [jvm.dll+0x6c953d]
C  [ucrtbase.dll+0x21bb2]
C  [KERNEL32.DLL+0x17344]
C  [ntdll.dll+0x526b1]


---------------  P R O C E S S  ---------------

Threads class SMR info:
_java_thread_list=0x0000015e7dabd550, length=18, elements={
0x0000015e76e16de0, 0x0000015e76e17d00, 0x0000015e76e1d930, 0x0000015e76e1e610,
0x0000015e76e21820, 0x0000015e76e22280, 0x0000015e76e27810, 0x0000015e76e2d950,
0x0000015e7b1a1ae0, 0x0000015e7b1a7750, 0x0000015e7b3a6160, 0x0000015e7b3a87e0,
0x0000015e7b3a9510, 0x0000015e7b412880, 0x0000015e5a0a0fa0, 0x0000015e7c5c2ca0,
0x0000015e7c6032e0, 0x0000015e7dff4220
}

Java Threads: ( => current thread )
  0x0000015e76e16de0 JavaThread "Reference Handler"          daemon [_thread_blocked, id=11616, stack(0x00000013cc300000,0x00000013cc400000) (1024K)]
  0x0000015e76e17d00 JavaThread "Finalizer"                  daemon [_thread_blocked, id=3560, stack(0x00000013cc400000,0x00000013cc500000) (1024K)]
  0x0000015e76e1d930 JavaThread "Signal Dispatcher"          daemon [_thread_blocked, id=19000, stack(0x00000013cc500000,0x00000013cc600000) (1024K)]
  0x0000015e76e1e610 JavaThread "Attach Listener"            daemon [_thread_blocked, id=10460, stack(0x00000013cc600000,0x00000013cc700000) (1024K)]
  0x0000015e76e21820 JavaThread "Service Thread"             daemon [_thread_blocked, id=6976, stack(0x00000013cc700000,0x00000013cc800000) (1024K)]
  0x0000015e76e22280 JavaThread "Monitor Deflation Thread"   daemon [_thread_blocked, id=12952, stack(0x00000013cc800000,0x00000013cc900000) (1024K)]
=>0x0000015e76e27810 JavaThread "C2 CompilerThread0"         daemon [_thread_in_native, id=5556, stack(0x00000013cc900000,0x00000013cca00000) (1024K)]
  0x0000015e76e2d950 JavaThread "C1 CompilerThread0"         daemon [_thread_blocked, id=6880, stack(0x00000013cca00000,0x00000013ccb00000) (1024K)]
  0x0000015e7b1a1ae0 JavaThread "Notification Thread"        daemon [_thread_blocked, id=648, stack(0x00000013ccb00000,0x00000013ccc00000) (1024K)]
  0x0000015e7b1a7750 JavaThread "Common-Cleaner"             daemon [_thread_blocked, id=496, stack(0x00000013ccc00000,0x00000013ccd00000) (1024K)]
  0x0000015e7b3a6160 JavaThread "Java2D Disposer"            daemon [_thread_blocked, id=19692, stack(0x00000013ccd00000,0x00000013cce00000) (1024K)]
  0x0000015e7b3a87e0 JavaThread "AWT-Shutdown"                      [_thread_blocked, id=8728, stack(0x00000013cce00000,0x00000013ccf00000) (1024K)]
  0x0000015e7b3a9510 JavaThread "AWT-Windows"                daemon [_thread_in_native, id=19072, stack(0x00000013ccf00000,0x00000013cd000000) (1024K)]
  0x0000015e7b412880 JavaThread "AWT-EventQueue-0"                  [_thread_in_Java, id=7240, stack(0x00000013cd000000,0x00000013cd100000) (1024K)]
  0x0000015e5a0a0fa0 JavaThread "DestroyJavaVM"                     [_thread_blocked, id=1764, stack(0x00000013cbb00000,0x00000013cbc00000) (1024K)]
  0x0000015e7c5c2ca0 JavaThread "pool-1-thread-1"                   [_thread_blocked, id=20784, stack(0x00000013cd100000,0x00000013cd200000) (1024K)]
  0x0000015e7c6032e0 JavaThread "Keep-Alive-Timer"           daemon [_thread_blocked, id=12560, stack(0x00000013cd800000,0x00000013cd900000) (1024K)]
  0x0000015e7dff4220 JavaThread "TimerQueue"                 daemon [_thread_blocked, id=1652, stack(0x00000013cd900000,0x00000013cda00000) (1024K)]
Total: 18

Other Threads:
  0x0000015e5c2595b0 VMThread "VM Thread"                           [id=16860, stack(0x00000013cc200000,0x00000013cc300000) (1024K)]
  0x0000015e5c2417b0 WatcherThread "VM Periodic Task Thread"        [id=17808, stack(0x00000013cc100000,0x00000013cc200000) (1024K)]
  0x0000015e5c1d3d00 WorkerThread "GC Thread#0"                     [id=5604, stack(0x00000013cbc00000,0x00000013cbd00000) (1024K)]
  0x0000015e7c9b5320 WorkerThread "GC Thread#1"                     [id=2076, stack(0x00000013cd200000,0x00000013cd300000) (1024K)]
  0x0000015e7c8fdb60 WorkerThread "GC Thread#2"                     [id=9520, stack(0x00000013cd600000,0x00000013cd700000) (1024K)]
  0x0000015e7cc39b20 WorkerThread "GC Thread#3"                     [id=19180, stack(0x00000013cd700000,0x00000013cd800000) (1024K)]
  0x0000015e5c1dc930 ConcurrentGCThread "G1 Main Marker"            [id=10196, stack(0x00000013cbd00000,0x00000013cbe00000) (1024K)]
  0x0000015e5c1dd340 WorkerThread "G1 Conc#0"                       [id=11000, stack(0x00000013cbe00000,0x00000013cbf00000) (1024K)]
  0x0000015e5c22f620 ConcurrentGCThread "G1 Refine#0"               [id=18476, stack(0x00000013cbf00000,0x00000013cc000000) (1024K)]
  0x0000015e5c2300a0 ConcurrentGCThread "G1 Service"                [id=1028, stack(0x00000013cc000000,0x00000013cc100000) (1024K)]
Total: 10

Threads with active compile tasks:
C2 CompilerThread0     9252 2402       4       javax.swing.plaf.nimbus.NimbusStyle::validate (1151 bytes)
Total: 1

VM state: not at safepoint (normal execution)

VM Mutex/Monitor currently owned by a thread: None

Heap address: 0x00000000c1600000, size: 1002 MB, Compressed Oops mode: 32-bit

CDS archive(s) mapped at: [0x0000015e00000000-0x0000015e00c90000-0x0000015e00c90000), size 13172736, SharedBaseAddress: 0x0000015e00000000, ArchiveRelocationMode: 1.
Compressed class space mapped at: 0x0000015e01000000-0x0000015e41000000, reserved size: 1073741824
Narrow klass base: 0x0000015e00000000, Narrow klass shift: 0, Narrow klass range: 0x100000000

GC Precious Log:
 CardTable entry size: 512
 Card Set container configuration: InlinePtr #cards 5 size 8 Array Of Cards #cards 12 size 40 Howl #buckets 4 coarsen threshold 1843 Howl Bitmap #cards 512 size 80 coarsen threshold 460 Card regions per heap region 1 cards per card region 2048
 CPUs: 4 total, 4 available
 Memory: 4000M
 Large Page Support: Disabled
 NUMA Support: Disabled
 Compressed Oops: Enabled (32-bit)
 Heap Region Size: 1M
 Heap Min Capacity: 8M
 Heap Initial Capacity: 64M
 Heap Max Capacity: 1002M
 Pre-touch: Disabled
 Parallel Workers: 4
 Concurrent Workers: 1
 Concurrent Refinement Workers: 4
 Periodic GC: Disabled

Heap:
 garbage-first heap   total 65536K, used 18390K [0x00000000c1600000, 0x0000000100000000)
  region size 1024K, 11 young (11264K), 1 survivors (1024K)
 Metaspace       used 18329K, committed 18624K, reserved 1114112K
  class space    used 2030K, committed 2176K, reserved 1048576K

Heap Regions: E=young(eden), S=young(survivor), O=old, HS=humongous(starts), HC=humongous(continues), CS=collection set, F=free, TAMS=top-at-mark-start, PB=parsable bottom
|   0|0x00000000c1600000, 0x00000000c1600000, 0x00000000c1700000|  0%| F|  |TAMS 0x00000000c1600000| PB 0x00000000c1600000| Untracked 
|   1|0x00000000c1700000, 0x00000000c1700000, 0x00000000c1800000|  0%| F|  |TAMS 0x00000000c1700000| PB 0x00000000c1700000| Untracked 
|   2|0x00000000c1800000, 0x00000000c1800000, 0x00000000c1900000|  0%| F|  |TAMS 0x00000000c1800000| PB 0x00000000c1800000| Untracked 
|   3|0x00000000c1900000, 0x00000000c1900000, 0x00000000c1a00000|  0%| F|  |TAMS 0x00000000c1900000| PB 0x00000000c1900000| Untracked 
|   4|0x00000000c1a00000, 0x00000000c1b00000, 0x00000000c1b00000|100%|HS|  |TAMS 0x00000000c1a00000| PB 0x00000000c1a00000| Complete 
|   5|0x00000000c1b00000, 0x00000000c1c00000, 0x00000000c1c00000|100%|HC|  |TAMS 0x00000000c1b00000| PB 0x00000000c1b00000| Complete 
|   6|0x00000000c1c00000, 0x00000000c1d00000, 0x00000000c1d00000|100%|HC|  |TAMS 0x00000000c1c00000| PB 0x00000000c1c00000| Complete 
|   7|0x00000000c1d00000, 0x00000000c1e00000, 0x00000000c1e00000|100%|HC|  |TAMS 0x00000000c1d00000| PB 0x00000000c1d00000| Complete 
|   8|0x00000000c1e00000, 0x00000000c1f00000, 0x00000000c1f00000|100%| O|  |TAMS 0x00000000c1e00000| PB 0x00000000c1e00000| Untracked 
|   9|0x00000000c1f00000, 0x00000000c2000000, 0x00000000c2000000|100%| O|  |TAMS 0x00000000c1f00000| PB 0x00000000c1f00000| Untracked 
|  10|0x00000000c2000000, 0x00000000c2100000, 0x00000000c2100000|100%| O|  |TAMS 0x00000000c2000000| PB 0x00000000c2000000| Untracked 
|  11|0x00000000c2100000, 0x00000000c2200000, 0x00000000c2200000|100%| O|  |TAMS 0x00000000c2100000| PB 0x00000000c2100000| Untracked 
|  12|0x00000000c2200000, 0x00000000c22428d0, 0x00000000c2300000| 25%| O|  |TAMS 0x00000000c2200000| PB 0x00000000c2200000| Untracked 
|  13|0x00000000c2300000, 0x00000000c2300000, 0x00000000c2400000|  0%| F|  |TAMS 0x00000000c2300000| PB 0x00000000c2300000| Untracked 
|  14|0x00000000c2400000, 0x00000000c2400000, 0x00000000c2500000|  0%| F|  |TAMS 0x00000000c2400000| PB 0x00000000c2400000| Untracked 
|  15|0x00000000c2500000, 0x00000000c2500000, 0x00000000c2600000|  0%| F|  |TAMS 0x00000000c2500000| PB 0x00000000c2500000| Untracked 
|  16|0x00000000c2600000, 0x00000000c2600000, 0x00000000c2700000|  0%| F|  |TAMS 0x00000000c2600000| PB 0x00000000c2600000| Untracked 
|  17|0x00000000c2700000, 0x00000000c2700000, 0x00000000c2800000|  0%| F|  |TAMS 0x00000000c2700000| PB 0x00000000c2700000| Untracked 
|  18|0x00000000c2800000, 0x00000000c2800000, 0x00000000c2900000|  0%| F|  |TAMS 0x00000000c2800000| PB 0x00000000c2800000| Untracked 
|  19|0x00000000c2900000, 0x00000000c2900000, 0x00000000c2a00000|  0%| F|  |TAMS 0x00000000c2900000| PB 0x00000000c2900000| Untracked 
|  20|0x00000000c2a00000, 0x00000000c2a00000, 0x00000000c2b00000|  0%| F|  |TAMS 0x00000000c2a00000| PB 0x00000000c2a00000| Untracked 
|  21|0x00000000c2b00000, 0x00000000c2b00000, 0x00000000c2c00000|  0%| F|  |TAMS 0x00000000c2b00000| PB 0x00000000c2b00000| Untracked 
|  22|0x00000000c2c00000, 0x00000000c2c00000, 0x00000000c2d00000|  0%| F|  |TAMS 0x00000000c2c00000| PB 0x00000000c2c00000| Untracked 
|  23|0x00000000c2d00000, 0x00000000c2d00000, 0x00000000c2e00000|  0%| F|  |TAMS 0x00000000c2d00000| PB 0x00000000c2d00000| Untracked 
|  24|0x00000000c2e00000, 0x00000000c2e00000, 0x00000000c2f00000|  0%| F|  |TAMS 0x00000000c2e00000| PB 0x00000000c2e00000| Untracked 
|  25|0x00000000c2f00000, 0x00000000c2f00000, 0x00000000c3000000|  0%| F|  |TAMS 0x00000000c2f00000| PB 0x00000000c2f00000| Untracked 
|  26|0x00000000c3000000, 0x00000000c3000000, 0x00000000c3100000|  0%| F|  |TAMS 0x00000000c3000000| PB 0x00000000c3000000| Untracked 
|  27|0x00000000c3100000, 0x00000000c3100000, 0x00000000c3200000|  0%| F|  |TAMS 0x00000000c3100000| PB 0x00000000c3100000| Untracked 
|  28|0x00000000c3200000, 0x00000000c3200000, 0x00000000c3300000|  0%| F|  |TAMS 0x00000000c3200000| PB 0x00000000c3200000| Untracked 
|  29|0x00000000c3300000, 0x00000000c3300000, 0x00000000c3400000|  0%| F|  |TAMS 0x00000000c3300000| PB 0x00000000c3300000| Untracked 
|  30|0x00000000c3400000, 0x00000000c3400000, 0x00000000c3500000|  0%| F|  |TAMS 0x00000000c3400000| PB 0x00000000c3400000| Untracked 
|  31|0x00000000c3500000, 0x00000000c3500000, 0x00000000c3600000|  0%| F|  |TAMS 0x00000000c3500000| PB 0x00000000c3500000| Untracked 
|  32|0x00000000c3600000, 0x00000000c3600000, 0x00000000c3700000|  0%| F|  |TAMS 0x00000000c3600000| PB 0x00000000c3600000| Untracked 
|  33|0x00000000c3700000, 0x00000000c3700000, 0x00000000c3800000|  0%| F|  |TAMS 0x00000000c3700000| PB 0x00000000c3700000| Untracked 
|  34|0x00000000c3800000, 0x00000000c3800000, 0x00000000c3900000|  0%| F|  |TAMS 0x00000000c3800000| PB 0x00000000c3800000| Untracked 
|  35|0x00000000c3900000, 0x00000000c3900000, 0x00000000c3a00000|  0%| F|  |TAMS 0x00000000c3900000| PB 0x00000000c3900000| Untracked 
|  36|0x00000000c3a00000, 0x00000000c3a00000, 0x00000000c3b00000|  0%| F|  |TAMS 0x00000000c3a00000| PB 0x00000000c3a00000| Untracked 
|  37|0x00000000c3b00000, 0x00000000c3b00000, 0x00000000c3c00000|  0%| F|  |TAMS 0x00000000c3b00000| PB 0x00000000c3b00000| Untracked 
|  38|0x00000000c3c00000, 0x00000000c3c00000, 0x00000000c3d00000|  0%| F|  |TAMS 0x00000000c3c00000| PB 0x00000000c3c00000| Untracked 
|  39|0x00000000c3d00000, 0x00000000c3d00000, 0x00000000c3e00000|  0%| F|  |TAMS 0x00000000c3d00000| PB 0x00000000c3d00000| Untracked 
|  40|0x00000000c3e00000, 0x00000000c3e00000, 0x00000000c3f00000|  0%| F|  |TAMS 0x00000000c3e00000| PB 0x00000000c3e00000| Untracked 
|  41|0x00000000c3f00000, 0x00000000c3f00000, 0x00000000c4000000|  0%| F|  |TAMS 0x00000000c3f00000| PB 0x00000000c3f00000| Untracked 
|  42|0x00000000c4000000, 0x00000000c4000000, 0x00000000c4100000|  0%| F|  |TAMS 0x00000000c4000000| PB 0x00000000c4000000| Untracked 
|  43|0x00000000c4100000, 0x00000000c4100000, 0x00000000c4200000|  0%| F|  |TAMS 0x00000000c4100000| PB 0x00000000c4100000| Untracked 
|  44|0x00000000c4200000, 0x00000000c4200000, 0x00000000c4300000|  0%| F|  |TAMS 0x00000000c4200000| PB 0x00000000c4200000| Untracked 
|  45|0x00000000c4300000, 0x00000000c4300000, 0x00000000c4400000|  0%| F|  |TAMS 0x00000000c4300000| PB 0x00000000c4300000| Untracked 
|  46|0x00000000c4400000, 0x00000000c4400000, 0x00000000c4500000|  0%| F|  |TAMS 0x00000000c4400000| PB 0x00000000c4400000| Untracked 
|  47|0x00000000c4500000, 0x00000000c4500000, 0x00000000c4600000|  0%| F|  |TAMS 0x00000000c4500000| PB 0x00000000c4500000| Untracked 
|  48|0x00000000c4600000, 0x00000000c46b3140, 0x00000000c4700000| 69%| S|CS|TAMS 0x00000000c4600000| PB 0x00000000c4600000| Complete 
|  49|0x00000000c4700000, 0x00000000c4700000, 0x00000000c4800000|  0%| F|  |TAMS 0x00000000c4700000| PB 0x00000000c4700000| Untracked 
|  50|0x00000000c4800000, 0x00000000c4800000, 0x00000000c4900000|  0%| F|  |TAMS 0x00000000c4800000| PB 0x00000000c4800000| Untracked 
|  51|0x00000000c4900000, 0x00000000c4900000, 0x00000000c4a00000|  0%| F|  |TAMS 0x00000000c4900000| PB 0x00000000c4900000| Untracked 
|  52|0x00000000c4a00000, 0x00000000c4a00000, 0x00000000c4b00000|  0%| F|  |TAMS 0x00000000c4a00000| PB 0x00000000c4a00000| Untracked 
|  53|0x00000000c4b00000, 0x00000000c4b00000, 0x00000000c4c00000|  0%| F|  |TAMS 0x00000000c4b00000| PB 0x00000000c4b00000| Untracked 
|  54|0x00000000c4c00000, 0x00000000c4c811c0, 0x00000000c4d00000| 50%| E|  |TAMS 0x00000000c4c00000| PB 0x00000000c4c00000| Complete 
|  55|0x00000000c4d00000, 0x00000000c4e00000, 0x00000000c4e00000|100%| E|CS|TAMS 0x00000000c4d00000| PB 0x00000000c4d00000| Complete 
|  56|0x00000000c4e00000, 0x00000000c4f00000, 0x00000000c4f00000|100%| E|CS|TAMS 0x00000000c4e00000| PB 0x00000000c4e00000| Complete 
|  57|0x00000000c4f00000, 0x00000000c5000000, 0x00000000c5000000|100%| E|CS|TAMS 0x00000000c4f00000| PB 0x00000000c4f00000| Complete 
|  58|0x00000000c5000000, 0x00000000c5100000, 0x00000000c5100000|100%| E|CS|TAMS 0x00000000c5000000| PB 0x00000000c5000000| Complete 
|  59|0x00000000c5100000, 0x00000000c5200000, 0x00000000c5200000|100%| E|CS|TAMS 0x00000000c5100000| PB 0x00000000c5100000| Complete 
|  60|0x00000000c5200000, 0x00000000c5300000, 0x00000000c5300000|100%| E|CS|TAMS 0x00000000c5200000| PB 0x00000000c5200000| Complete 
|  61|0x00000000c5300000, 0x00000000c5400000, 0x00000000c5400000|100%| E|CS|TAMS 0x00000000c5300000| PB 0x00000000c5300000| Complete 
|  62|0x00000000c5400000, 0x00000000c5500000, 0x00000000c5500000|100%| E|CS|TAMS 0x00000000c5400000| PB 0x00000000c5400000| Complete 
|  63|0x00000000c5500000, 0x00000000c5600000, 0x00000000c5600000|100%| E|CS|TAMS 0x00000000c5500000| PB 0x00000000c5500000| Complete 

Card table byte_map: [0x0000015e73810000,0x0000015e73a10000] _byte_map_base: 0x0000015e73205000

Marking Bits: (CMBitMap*) 0x0000015e5c1d4310
 Bits: [0x0000015e73a10000, 0x0000015e749b8000)

Polling page: 0x0000015e5b970000

Metaspace:

Usage:
  Non-class:     15.92 MB used.
      Class:      1.98 MB used.
       Both:     17.90 MB used.

Virtual space:
  Non-class space:       64.00 MB reserved,      16.06 MB ( 25%) committed,  1 nodes.
      Class space:        1.00 GB reserved,       2.12 MB ( <1%) committed,  1 nodes.
             Both:        1.06 GB reserved,      18.19 MB (  2%) committed. 

Chunk freelists:
   Non-Class:  15.88 MB
       Class:  13.77 MB
        Both:  29.66 MB

MaxMetaspaceSize: unlimited
CompressedClassSpaceSize: 1.00 GB
Initial GC threshold: 21.00 MB
Current GC threshold: 21.00 MB
CDS: on
 - commit_granule_bytes: 65536.
 - commit_granule_words: 8192.
 - virtual_space_node_default_size: 8388608.
 - enlarge_chunks_in_place: 1.
 - use_allocation_guard: 0.


Internal statistics:

num_allocs_failed_limit: 0.
num_arena_births: 224.
num_arena_deaths: 0.
num_vsnodes_births: 2.
num_vsnodes_deaths: 0.
num_space_committed: 291.
num_space_uncommitted: 0.
num_chunks_returned_to_freelist: 0.
num_chunks_taken_from_freelist: 437.
num_chunk_merges: 0.
num_chunk_splits: 305.
num_chunks_enlarged: 200.
num_inconsistent_stats: 0.

CodeHeap 'non-profiled nmethods': size=120000Kb used=836Kb max_used=836Kb free=119163Kb
 bounds [0x0000015e6c0e0000, 0x0000015e6c350000, 0x0000015e73610000]
CodeHeap 'profiled nmethods': size=120000Kb used=4974Kb max_used=4974Kb free=115025Kb
 bounds [0x0000015e64610000, 0x0000015e64af0000, 0x0000015e6bb40000]
CodeHeap 'non-nmethods': size=5760Kb used=1710Kb max_used=1727Kb free=4049Kb
 bounds [0x0000015e6bb40000, 0x0000015e6bdb0000, 0x0000015e6c0e0000]
 total_blobs=3227 nmethods=2478 adapters=652
 compilation: enabled
              stopped_count=0, restarted_count=0
 full_count=0

Compilation events (20 events):
Event: 9.154 Thread 0x0000015e76e2d950 2466       2       javax.swing.SwingUtilities::getWindowAncestor (31 bytes)
Event: 9.154 Thread 0x0000015e76e2d950 nmethod 2466 0x0000015e64ae4c90 code [0x0000015e64ae4e40, 0x0000015e64ae5050]
Event: 9.154 Thread 0x0000015e76e2d950 2468       2       java.awt.Window::getBackground (5 bytes)
Event: 9.155 Thread 0x0000015e76e2d950 nmethod 2468 0x0000015e64ae5190 code [0x0000015e64ae5340, 0x0000015e64ae54e8]
Event: 9.155 Thread 0x0000015e76e2d950 2467       2       java.awt.Window::isOpaque (29 bytes)
Event: 9.155 Thread 0x0000015e76e2d950 nmethod 2467 0x0000015e64ae5590 code [0x0000015e64ae5740, 0x0000015e64ae58f8]
Event: 9.157 Thread 0x0000015e76e2d950 2470       2       java.util.IdentityHashMap$KeyIterator::next (13 bytes)
Event: 9.158 Thread 0x0000015e76e2d950 nmethod 2470 0x0000015e64ae5a10 code [0x0000015e64ae5bc0, 0x0000015e64ae5d30]
Event: 9.158 Thread 0x0000015e76e2d950 2471       2       java.util.IdentityHashMap::unmaskNull (13 bytes)
Event: 9.159 Thread 0x0000015e76e2d950 nmethod 2471 0x0000015e64ae5e10 code [0x0000015e64ae5fa0, 0x0000015e64ae60a0]
Event: 9.173 Thread 0x0000015e76e2d950 2472       2       java.awt.LightweightDispatcher::retargetMouseEnterExit (79 bytes)
Event: 9.174 Thread 0x0000015e76e2d950 nmethod 2472 0x0000015e64ae6110 code [0x0000015e64ae62c0, 0x0000015e64ae64d8]
Event: 9.174 Thread 0x0000015e76e2d950 2473       2       java.awt.LightweightDispatcher::isMouseGrab (49 bytes)
Event: 9.175 Thread 0x0000015e76e2d950 nmethod 2473 0x0000015e64ae6610 code [0x0000015e64ae67e0, 0x0000015e64ae6aa8]
Event: 9.180 Thread 0x0000015e76e2d950 2474       2       sun.awt.windows.WInputMethod::dispatchEvent (66 bytes)
Event: 9.180 Thread 0x0000015e76e2d950 nmethod 2474 0x0000015e64ae6c90 code [0x0000015e64ae6e60, 0x0000015e64ae7180]
Event: 9.180 Thread 0x0000015e76e2d950 2475       1       javax.swing.Timer::getLock (5 bytes)
Event: 9.180 Thread 0x0000015e76e2d950 nmethod 2475 0x0000015e6c1af790 code [0x0000015e6c1af920, 0x0000015e6c1af9e8]
Event: 9.185 Thread 0x0000015e76e2d950 2476       1       sun.awt.windows.WObjectPeer::getStateLock (5 bytes)
Event: 9.185 Thread 0x0000015e76e2d950 nmethod 2476 0x0000015e6c1afa90 code [0x0000015e6c1afc20, 0x0000015e6c1afce8]

GC Heap History (4 events):
Event: 7.648 GC heap before
{Heap before GC invocations=0 (full 0):
 garbage-first heap   total 65536K, used 21504K [0x00000000c1600000, 0x0000000100000000)
  region size 1024K, 13 young (13312K), 0 survivors (0K)
 Metaspace       used 12533K, committed 12736K, reserved 1114112K
  class space    used 1452K, committed 1536K, reserved 1048576K
}
Event: 7.658 GC heap after
{Heap after GC invocations=1 (full 0):
 garbage-first heap   total 65536K, used 12448K [0x00000000c1600000, 0x0000000100000000)
  region size 1024K, 2 young (2048K), 2 survivors (2048K)
 Metaspace       used 12533K, committed 12736K, reserved 1114112K
  class space    used 1452K, committed 1536K, reserved 1048576K
}
Event: 8.258 GC heap before
{Heap before GC invocations=1 (full 0):
 garbage-first heap   total 65536K, used 24736K [0x00000000c1600000, 0x0000000100000000)
  region size 1024K, 15 young (15360K), 2 survivors (2048K)
 Metaspace       used 17039K, committed 17216K, reserved 1114112K
  class space    used 1912K, committed 1984K, reserved 1048576K
}
Event: 8.263 GC heap after
{Heap after GC invocations=2 (full 0):
 garbage-first heap   total 65536K, used 9174K [0x00000000c1600000, 0x0000000100000000)
  region size 1024K, 1 young (1024K), 1 survivors (1024K)
 Metaspace       used 17039K, committed 17216K, reserved 1114112K
  class space    used 1912K, committed 1984K, reserved 1048576K
}

Dll operation events (10 events):
Event: 0.016 Loaded shared library C:\Program Files\Java\jdk-21\bin\java.dll
Event: 0.085 Loaded shared library C:\Program Files\Java\jdk-21\bin\jsvml.dll
Event: 0.206 Loaded shared library C:\Program Files\Java\jdk-21\bin\jimage.dll
Event: 0.222 Loaded shared library C:\Program Files\Java\jdk-21\bin\net.dll
Event: 0.225 Loaded shared library C:\Program Files\Java\jdk-21\bin\nio.dll
Event: 0.240 Loaded shared library C:\Program Files\Java\jdk-21\bin\zip.dll
Event: 0.346 Loaded shared library C:\Program Files\Java\jdk-21\bin\awt.dll
Event: 0.821 Loaded shared library C:\Program Files\Java\jdk-21\bin\freetype.dll
Event: 0.825 Loaded shared library C:\Program Files\Java\jdk-21\bin\fontmanager.dll
Event: 7.727 Loaded shared library C:\Program Files\Java\jdk-21\bin\extnet.dll

Deoptimization events (20 events):
Event: 8.273 Thread 0x0000015e7b412880 DEOPT PACKING pc=0x0000015e64917383 sp=0x00000013cd0f9150
Event: 8.273 Thread 0x0000015e7b412880 DEOPT UNPACKING pc=0x0000015e6bb94e42 sp=0x00000013cd0f8658 mode 0
Event: 8.332 Thread 0x0000015e7b412880 DEOPT PACKING pc=0x0000015e648f4455 sp=0x00000013cd0fca20
Event: 8.332 Thread 0x0000015e7b412880 DEOPT UNPACKING pc=0x0000015e6bb94e42 sp=0x00000013cd0fbe90 mode 0
Event: 8.441 Thread 0x0000015e7b412880 Uncommon trap: trap_request=0xffffff45 fr.pc=0x0000015e6c18c8c8 relative=0x0000000000000088
Event: 8.441 Thread 0x0000015e7b412880 Uncommon trap: reason=unstable_if action=reinterpret pc=0x0000015e6c18c8c8 method=sun.net.www.ParseUtil.firstEncodeIndex(Ljava/lang/String;)I @ 51 c2
Event: 8.441 Thread 0x0000015e7b412880 DEOPT PACKING pc=0x0000015e6c18c8c8 sp=0x00000013cd0fd930
Event: 8.441 Thread 0x0000015e7b412880 DEOPT UNPACKING pc=0x0000015e6bb946a2 sp=0x00000013cd0fd8b8 mode 2
Event: 8.469 Thread 0x0000015e7b412880 DEOPT PACKING pc=0x0000015e649f5c83 sp=0x00000013cd0fd4d0
Event: 8.469 Thread 0x0000015e7b412880 DEOPT UNPACKING pc=0x0000015e6bb94e42 sp=0x00000013cd0fc8d0 mode 0
Event: 8.484 Thread 0x0000015e7b412880 DEOPT PACKING pc=0x0000015e649f5b9f sp=0x00000013cd0fd4d0
Event: 8.485 Thread 0x0000015e7b412880 DEOPT UNPACKING pc=0x0000015e6bb94e42 sp=0x00000013cd0fc8d0 mode 0
Event: 8.485 Thread 0x0000015e7b412880 Uncommon trap: trap_request=0xffffff45 fr.pc=0x0000015e6c12ae60 relative=0x0000000000000da0
Event: 8.485 Thread 0x0000015e7b412880 Uncommon trap: reason=unstable_if action=reinterpret pc=0x0000015e6c12ae60 method=sun.java2d.marlin.MarlinCache.touchTile(IIII[I)V @ 114 c2
Event: 8.485 Thread 0x0000015e7b412880 DEOPT PACKING pc=0x0000015e6c12ae60 sp=0x00000013cd0fd3b0
Event: 8.485 Thread 0x0000015e7b412880 DEOPT UNPACKING pc=0x0000015e6bb946a2 sp=0x00000013cd0fd1e8 mode 2
Event: 8.497 Thread 0x0000015e7b412880 DEOPT PACKING pc=0x0000015e649f5b9f sp=0x00000013cd0fd4d0
Event: 8.497 Thread 0x0000015e7b412880 DEOPT UNPACKING pc=0x0000015e6bb94e42 sp=0x00000013cd0fc8d0 mode 0
Event: 8.826 Thread 0x0000015e7b412880 DEOPT PACKING pc=0x0000015e649f5c83 sp=0x00000013cd0fd780
Event: 8.826 Thread 0x0000015e7b412880 DEOPT UNPACKING pc=0x0000015e6bb94e42 sp=0x00000013cd0fcb80 mode 0

Classes loaded (20 events):
Event: 8.378 Loading class jdk/internal/math/FloatingDecimal$BinaryToASCIIBuffer
Event: 8.379 Loading class jdk/internal/math/FloatingDecimal$BinaryToASCIIBuffer done
Event: 8.379 Loading class jdk/internal/math/FloatingDecimal$1
Event: 8.379 Loading class jdk/internal/math/FloatingDecimal$1 done
Event: 8.379 Loading class jdk/internal/math/FloatingDecimal$PreparedASCIIToBinaryBuffer
Event: 8.379 Loading class jdk/internal/math/FloatingDecimal$ASCIIToBinaryConverter
Event: 8.380 Loading class jdk/internal/math/FloatingDecimal$ASCIIToBinaryConverter done
Event: 8.380 Loading class jdk/internal/math/FloatingDecimal$PreparedASCIIToBinaryBuffer done
Event: 8.380 Loading class jdk/internal/math/FloatingDecimal$ASCIIToBinaryBuffer
Event: 8.380 Loading class jdk/internal/math/FloatingDecimal$ASCIIToBinaryBuffer done
Event: 8.391 Loading class javax/swing/SizeSequence
Event: 8.392 Loading class javax/swing/SizeSequence done
Event: 9.100 Loading class javax/swing/TimerQueue
Event: 9.100 Loading class javax/swing/TimerQueue done
Event: 9.100 Loading class java/util/concurrent/DelayQueue
Event: 9.101 Loading class java/util/concurrent/DelayQueue done
Event: 9.101 Loading class java/util/PriorityQueue
Event: 9.102 Loading class java/util/PriorityQueue done
Event: 9.103 Loading class javax/swing/TimerQueue$DelayedTimer
Event: 9.103 Loading class javax/swing/TimerQueue$DelayedTimer done

Classes unloaded (0 events):
No events

Classes redefined (0 events):
No events

Internal exceptions (20 events):
Event: 0.968 Thread 0x0000015e5a0a0fa0 Exception <a 'java/lang/ClassNotFoundException'{0x00000000c5010910}: com/sun/swing/internal/plaf/basic/resources/spi/basicProvider> (0x00000000c5010910) 
thrown [s\open\src\hotspot\share\classfile\systemDictionary.cpp, line 312]
Event: 1.034 Thread 0x0000015e7b412880 Exception <a 'java/lang/ClassNotFoundException'{0x00000000c509db10}: com/sun/swing/internal/plaf/synth/resources/spi/synthProvider> (0x00000000c509db10) 
thrown [s\open\src\hotspot\share\classfile\systemDictionary.cpp, line 312]
Event: 1.096 Thread 0x0000015e7b412880 Exception <a 'java/lang/NoSuchMethodError'{0x00000000c4f172e0}: 'int java.lang.invoke.Invokers$Holder.invokeExact_MT(java.lang.Object, java.lang.Object)'> (0x00000000c4f172e0) 
thrown [s\open\src\hotspot\share\interpreter\linkResolver.cpp, line 773]
Event: 1.108 Thread 0x0000015e7b412880 Exception <a 'java/lang/NoSuchMethodError'{0x00000000c4f21ed0}: 'java.lang.Object java.lang.invoke.DirectMethodHandle$Holder.newInvokeSpecial(java.lang.Object, java.lang.Object, int)'> (0x00000000c4f21ed0) 
thrown [s\open\src\hotspot\share\interpreter\linkResolver.cpp, line 773]
Event: 1.111 Thread 0x0000015e7b412880 Exception <a 'java/lang/NoSuchMethodError'{0x00000000c4f26d80}: 'int java.lang.invoke.DirectMethodHandle$Holder.invokeSpecial(java.lang.Object, java.lang.Object, java.lang.Object, int)'> (0x00000000c4f26d80) 
thrown [s\open\src\hotspot\share\interpreter\linkResolver.cpp, line 773]
Event: 1.119 Thread 0x0000015e7b412880 Exception <a 'java/lang/NoSuchMethodError'{0x00000000c4f393d8}: 'java.lang.Object java.lang.invoke.DirectMethodHandle$Holder.invokeStatic(java.lang.Object, java.lang.Object, java.lang.Object, java.lang.Object, int)'> (0x00000000c4f393d8) 
thrown [s\open\src\hotspot\share\interpreter\linkResolver.cpp, line 773]
Event: 1.121 Thread 0x0000015e7b412880 Exception <a 'java/lang/NoSuchMethodError'{0x00000000c4f44fd0}: 'int java.lang.invoke.DirectMethodHandle$Holder.invokeSpecial(java.lang.Object, java.lang.Object, java.lang.Object)'> (0x00000000c4f44fd0) 
thrown [s\open\src\hotspot\share\interpreter\linkResolver.cpp, line 773]
Event: 1.206 Thread 0x0000015e7b3a9510 Exception <a 'java/lang/NoSuchMethodError'{0x00000000c5293d98}: 'void java.lang.invoke.DirectMethodHandle$Holder.invokeVirtual(java.lang.Object, java.lang.Object)'> (0x00000000c5293d98) 
thrown [s\open\src\hotspot\share\interpreter\linkResolver.cpp, line 773]
Event: 1.279 Thread 0x0000015e7b412880 Exception <a 'java/lang/NoSuchMethodError'{0x00000000c4f913a8}: 'void java.lang.invoke.DirectMethodHandle$Holder.invokeStaticInit(java.lang.Object)'> (0x00000000c4f913a8) 
thrown [s\open\src\hotspot\share\interpreter\linkResolver.cpp, line 773]
Event: 2.007 Thread 0x0000015e7c8fdb60 Exception <a 'java/lang/NoSuchMethodError'{0x00000000c4d914c0}: 'java.lang.Object java.lang.invoke.DirectMethodHandle$Holder.newInvokeSpecial(java.lang.Object, java.lang.Object, java.lang.Object, int, int, int, int, int)'> (0x00000000c4d914c0) 
thrown [s\open\src\hotspot\share\interpreter\linkResolver.cpp, line 773]
Event: 3.482 Thread 0x0000015e7b412880 Exception <a 'java/lang/NoSuchMethodError'{0x00000000c4cecc00}: 'void java.lang.invoke.DirectMethodHandle$Holder.invokeStatic(java.lang.Object, java.lang.Object)'> (0x00000000c4cecc00) 
thrown [s\open\src\hotspot\share\interpreter\linkResolver.cpp, line 773]
Event: 3.501 Thread 0x0000015e7b412880 Implicit null exception at 0x0000015e6c13564a to 0x0000015e6c13596c
Event: 3.501 Thread 0x0000015e7b412880 Implicit null exception at 0x0000015e6c13564a to 0x0000015e6c13596c
Event: 3.501 Thread 0x0000015e7b412880 Implicit null exception at 0x0000015e6c13564a to 0x0000015e6c13596c
Event: 3.502 Thread 0x0000015e7b412880 Implicit null exception at 0x0000015e6c13564a to 0x0000015e6c13596c
Event: 8.381 Thread 0x0000015e7c5c2ca0 Exception <a 'java/lang/NoSuchMethodError'{0x00000000c5396910}: 'void java.lang.invoke.DirectMethodHandle$Holder.invokeVirtual(java.lang.Object, java.lang.Object, double)'> (0x00000000c5396910) 
thrown [s\open\src\hotspot\share\interpreter\linkResolver.cpp, line 773]
Event: 8.381 Thread 0x0000015e7b412880 Exception <a 'java/lang/NoSuchMethodError'{0x00000000c536cff0}: 'void java.lang.invoke.DirectMethodHandle$Holder.invokeVirtual(java.lang.Object, java.lang.Object, double)'> (0x00000000c536cff0) 
thrown [s\open\src\hotspot\share\interpreter\linkResolver.cpp, line 773]
Event: 8.383 Thread 0x0000015e7c5c2ca0 Exception <a 'java/lang/NoSuchMethodError'{0x00000000c53a0a80}: 'double java.lang.invoke.DelegatingMethodHandle$Holder.reinvoke_L(java.lang.Object, java.lang.Object, int)'> (0x00000000c53a0a80) 
thrown [s\open\src\hotspot\share\interpreter\linkResolver.cpp, line 773]
Event: 8.383 Thread 0x0000015e7b412880 Exception <a 'java/lang/NoSuchMethodError'{0x00000000c5376f88}: 'double java.lang.invoke.DelegatingMethodHandle$Holder.reinvoke_L(java.lang.Object, java.lang.Object, int)'> (0x00000000c5376f88) 
thrown [s\open\src\hotspot\share\interpreter\linkResolver.cpp, line 773]
Event: 8.384 Thread 0x0000015e7c5c2ca0 Exception <a 'java/lang/NoSuchMethodError'{0x00000000c53aa700}: 'void java.lang.invoke.DelegatingMethodHandle$Holder.reinvoke_L(java.lang.Object, java.lang.Object, double)'> (0x00000000c53aa700) 
thrown [s\open\src\hotspot\share\interpreter\linkResolver.cpp, line 773]

ZGC Phase Switch (0 events):
No events

VM Operations (20 events):
Event: 3.439 Executing VM operation: Cleanup
Event: 3.439 Executing VM operation: Cleanup done
Event: 4.039 Executing VM operation: HandshakeAllThreads (Deoptimize)
Event: 4.039 Executing VM operation: HandshakeAllThreads (Deoptimize) done
Event: 4.068 Executing VM operation: HandshakeAllThreads (Deoptimize)
Event: 4.069 Executing VM operation: HandshakeAllThreads (Deoptimize) done
Event: 5.071 Executing VM operation: Cleanup
Event: 5.071 Executing VM operation: Cleanup done
Event: 6.083 Executing VM operation: Cleanup
Event: 6.083 Executing VM operation: Cleanup done
Event: 7.084 Executing VM operation: Cleanup
Event: 7.084 Executing VM operation: Cleanup done
Event: 7.637 Executing VM operation: G1CollectForAllocation (G1 Evacuation Pause)
Event: 7.659 Executing VM operation: G1CollectForAllocation (G1 Evacuation Pause) done
Event: 8.258 Executing VM operation: G1CollectForAllocation (G1 Evacuation Pause)
Event: 8.264 Executing VM operation: G1CollectForAllocation (G1 Evacuation Pause) done
Event: 8.296 Executing VM operation: HandshakeAllThreads (Deoptimize)
Event: 8.296 Executing VM operation: HandshakeAllThreads (Deoptimize) done
Event: 8.906 Executing VM operation: ICBufferFull
Event: 8.907 Executing VM operation: ICBufferFull done

Events (20 events):
Event: 0.081 Thread 0x0000015e76e1e610 Thread added: 0x0000015e76e1e610
Event: 0.081 Thread 0x0000015e76e21820 Thread added: 0x0000015e76e21820
Event: 0.081 Thread 0x0000015e76e22280 Thread added: 0x0000015e76e22280
Event: 0.082 Thread 0x0000015e76e27810 Thread added: 0x0000015e76e27810
Event: 0.082 Thread 0x0000015e76e2d950 Thread added: 0x0000015e76e2d950
Event: 0.136 Thread 0x0000015e7b1a1ae0 Thread added: 0x0000015e7b1a1ae0
Event: 0.142 Thread 0x0000015e7b1a7750 Thread added: 0x0000015e7b1a7750
Event: 0.626 Thread 0x0000015e7b3a6160 Thread added: 0x0000015e7b3a6160
Event: 0.633 Thread 0x0000015e7b3a87e0 Thread added: 0x0000015e7b3a87e0
Event: 0.639 Thread 0x0000015e7b3a9510 Thread added: 0x0000015e7b3a9510
Event: 0.997 Thread 0x0000015e7b412880 Thread added: 0x0000015e7b412880
Event: 0.998 Thread 0x0000015e5a0a0fa0 Thread exited: 0x0000015e5a0a0fa0
Event: 0.999 Thread 0x0000015e5a0a0fa0 Thread added: 0x0000015e5a0a0fa0
Event: 1.998 Thread 0x0000015e7c8fdb60 Thread added: 0x0000015e7c8fdb60
Event: 2.043 Thread 0x0000015e7c5c2ca0 Thread added: 0x0000015e7c5c2ca0
Event: 7.053 Thread 0x0000015e7c5c2ca0 Thread exited: 0x0000015e7c5c2ca0
Event: 7.053 Thread 0x0000015e7c8fdb60 Thread exited: 0x0000015e7c8fdb60
Event: 7.630 Thread 0x0000015e7c5c2ca0 Thread added: 0x0000015e7c5c2ca0
Event: 7.746 Thread 0x0000015e7c6032e0 Thread added: 0x0000015e7c6032e0
Event: 9.103 Thread 0x0000015e7dff4220 Thread added: 0x0000015e7dff4220


Dynamic libraries:
0x00007ff77f650000 - 0x00007ff77f660000 	C:\Program Files\Java\jdk-21\bin\java.exe
0x00007ffbac9f0000 - 0x00007ffbacbe8000 	C:\Windows\SYSTEM32\ntdll.dll
0x00007ffbac880000 - 0x00007ffbac93d000 	C:\Windows\System32\KERNEL32.DLL
0x00007ffbaa230000 - 0x00007ffbaa526000 	C:\Windows\System32\KERNELBASE.dll
0x00007ffbaa130000 - 0x00007ffbaa230000 	C:\Windows\System32\ucrtbase.dll
0x00007ffb9fb60000 - 0x00007ffb9fb7b000 	C:\Program Files\Java\jdk-21\bin\VCRUNTIME140.dll
0x00007ffba5460000 - 0x00007ffba5479000 	C:\Program Files\Java\jdk-21\bin\jli.dll
0x00007ffbab510000 - 0x00007ffbab5c0000 	C:\Windows\System32\ADVAPI32.dll
0x00007ffbabaf0000 - 0x00007ffbabb8e000 	C:\Windows\System32\msvcrt.dll
0x00007ffbab220000 - 0x00007ffbab2c0000 	C:\Windows\System32\sechost.dll
0x00007ffbaaf50000 - 0x00007ffbab073000 	C:\Windows\System32\RPCRT4.dll
0x00007ffbaa910000 - 0x00007ffbaa937000 	C:\Windows\System32\bcrypt.dll
0x00007ffbab080000 - 0x00007ffbab21f000 	C:\Windows\System32\USER32.dll
0x00007ffbaa9f0000 - 0x00007ffbaaa12000 	C:\Windows\System32\win32u.dll
0x00007ffbab2c0000 - 0x00007ffbab2eb000 	C:\Windows\System32\GDI32.dll
0x00007ffbaa5f0000 - 0x00007ffbaa707000 	C:\Windows\System32\gdi32full.dll
0x00007ffbaa870000 - 0x00007ffbaa90d000 	C:\Windows\System32\msvcp_win.dll
0x00007ffba1820000 - 0x00007ffba1aba000 	C:\Windows\WinSxS\amd64_microsoft.windows.common-controls_6595b64144ccf1df_6.0.19041.4355_none_60b8b9eb71f62e16\COMCTL32.dll
0x00007ffba3cd0000 - 0x00007ffba3cda000 	C:\Windows\SYSTEM32\VERSION.dll
0x00007ffbaaad0000 - 0x00007ffbaab02000 	C:\Windows\System32\IMM32.DLL
0x00007ffba3d10000 - 0x00007ffba3d1c000 	C:\Program Files\Java\jdk-21\bin\vcruntime140_1.dll
0x00007ffb9a250000 - 0x00007ffb9a2de000 	C:\Program Files\Java\jdk-21\bin\msvcp140.dll
0x00007ffb64100000 - 0x00007ffb64e17000 	C:\Program Files\Java\jdk-21\bin\server\jvm.dll
0x00007ffbac940000 - 0x00007ffbac9ab000 	C:\Windows\System32\WS2_32.dll
0x00007ffba95d0000 - 0x00007ffba961b000 	C:\Windows\SYSTEM32\POWRPROF.dll
0x00007ffba2120000 - 0x00007ffba2147000 	C:\Windows\SYSTEM32\WINMM.dll
0x00007ffba9490000 - 0x00007ffba94a2000 	C:\Windows\SYSTEM32\UMPDC.dll
0x00007ffba7f20000 - 0x00007ffba7f32000 	C:\Windows\SYSTEM32\kernel.appcore.dll
0x00007ffba35b0000 - 0x00007ffba35ba000 	C:\Program Files\Java\jdk-21\bin\jimage.dll
0x00007ffba4d10000 - 0x00007ffba4ef4000 	C:\Windows\SYSTEM32\DBGHELP.DLL
0x00007ffba4c70000 - 0x00007ffba4ca4000 	C:\Windows\SYSTEM32\dbgcore.DLL
0x00007ffbaa0a0000 - 0x00007ffbaa122000 	C:\Windows\System32\bcryptPrimitives.dll
0x00007ffb9e380000 - 0x00007ffb9e39f000 	C:\Program Files\Java\jdk-21\bin\java.dll
0x00007ffbac000000 - 0x00007ffbac76b000 	C:\Windows\System32\SHELL32.dll
0x00007ffba8120000 - 0x00007ffba88bd000 	C:\Windows\SYSTEM32\windows.storage.dll
0x00007ffbaab10000 - 0x00007ffbaae63000 	C:\Windows\System32\combase.dll
0x00007ffba9ac0000 - 0x00007ffba9aee000 	C:\Windows\SYSTEM32\Wldp.dll
0x00007ffbaae80000 - 0x00007ffbaaf4d000 	C:\Windows\System32\OLEAUT32.dll
0x00007ffbac770000 - 0x00007ffbac81d000 	C:\Windows\System32\SHCORE.dll
0x00007ffbac820000 - 0x00007ffbac875000 	C:\Windows\System32\shlwapi.dll
0x00007ffba9fd0000 - 0x00007ffba9ff4000 	C:\Windows\SYSTEM32\profapi.dll
0x00007ffb913e0000 - 0x00007ffb914b7000 	C:\Program Files\Java\jdk-21\bin\jsvml.dll
0x00007ffb9dee0000 - 0x00007ffb9def0000 	C:\Program Files\Java\jdk-21\bin\net.dll
0x00007ffba3670000 - 0x00007ffba377a000 	C:\Windows\SYSTEM32\WINHTTP.dll
0x00007ffba9820000 - 0x00007ffba988a000 	C:\Windows\system32\mswsock.dll
0x00007ffb9dec0000 - 0x00007ffb9ded6000 	C:\Program Files\Java\jdk-21\bin\nio.dll
0x00007ffb9db70000 - 0x00007ffb9db88000 	C:\Program Files\Java\jdk-21\bin\zip.dll
0x00007ffb91250000 - 0x00007ffb913df000 	C:\Program Files\Java\jdk-21\bin\awt.dll
0x00007ffba7570000 - 0x00007ffba7600000 	C:\Windows\SYSTEM32\apphelp.dll
0x00007ffba7a70000 - 0x00007ffba7b0e000 	C:\Windows\system32\uxtheme.dll
0x00007ffbab9d0000 - 0x00007ffbabae4000 	C:\Windows\System32\MSCTF.dll
0x00007ffbab2f0000 - 0x00007ffbab41b000 	C:\Windows\System32\ole32.dll
0x00007ffba7e10000 - 0x00007ffba7e3f000 	C:\Windows\system32\DWMAPI.DLL
0x00007ffb90970000 - 0x00007ffb909f7000 	C:\Program Files\Java\jdk-21\bin\freetype.dll
0x00007ffb82fc0000 - 0x00007ffb830a2000 	C:\Program Files\Java\jdk-21\bin\fontmanager.dll
0x00007ffb9a2e0000 - 0x00007ffb9a405000 	C:\Windows\system32\opengl32.dll
0x00007ffba0020000 - 0x00007ffba004c000 	C:\Windows\SYSTEM32\GLU32.dll
0x00007ffb9f630000 - 0x00007ffb9f729000 	C:\Windows\SYSTEM32\textinputframework.dll
0x00007ffba6fa0000 - 0x00007ffba7092000 	C:\Windows\System32\CoreMessaging.dll
0x00007ffba6c40000 - 0x00007ffba6f9b000 	C:\Windows\System32\CoreUIComponents.dll
0x00007ffba91f0000 - 0x00007ffba9223000 	C:\Windows\SYSTEM32\ntmarta.dll
0x00007ffba5820000 - 0x00007ffba5977000 	C:\Windows\SYSTEM32\wintypes.dll
0x00007ffbaaa20000 - 0x00007ffbaaac9000 	C:\Windows\System32\clbcatq.dll
0x00007ffba7810000 - 0x00007ffba79c4000 	C:\Windows\SYSTEM32\WindowsCodecs.dll
0x00007ffb91040000 - 0x00007ffb9107e000 	C:\Windows\system32\dataexchange.dll
0x00007ffba5e00000 - 0x00007ffba6063000 	C:\Windows\system32\d3d11.dll
0x00007ffba6740000 - 0x00007ffba6925000 	C:\Windows\system32\dcomp.dll
0x00007ffba8920000 - 0x00007ffba8a12000 	C:\Windows\system32\dxgi.dll
0x00007ffb9f2c0000 - 0x00007ffb9f4c3000 	C:\Windows\system32\twinapi.appcore.dll
0x00007ffba94f0000 - 0x00007ffba95bb000 	C:\Windows\SYSTEM32\DNSAPI.dll
0x00007ffba94b0000 - 0x00007ffba94eb000 	C:\Windows\SYSTEM32\IPHLPAPI.DLL
0x00007ffbab500000 - 0x00007ffbab508000 	C:\Windows\System32\NSI.dll
0x00007ffba1310000 - 0x00007ffba131a000 	C:\Windows\System32\rasadhlp.dll
0x00007ffba1330000 - 0x00007ffba13b0000 	C:\Windows\System32\fwpuclnt.dll
0x00007ffb9db50000 - 0x00007ffb9db59000 	C:\Program Files\Java\jdk-21\bin\extnet.dll

dbghelp: loaded successfully - version: 4.0.5 - missing functions: none
symbol engine: initialized successfully - sym options: 0x614 - pdb path: .;C:\Program Files\Java\jdk-21\bin;C:\Windows\SYSTEM32;C:\Windows\WinSxS\amd64_microsoft.windows.common-controls_6595b64144ccf1df_6.0.19041.4355_none_60b8b9eb71f62e16;C:\Program Files\Java\jdk-21\bin\server

VM Arguments:
java_command: projeto.unipar.java_front_end_desktop_pdv.View.Retaguarda
java_class_path (initial): C:\Users\leona\OneDrive\Documentos\NetBeansProjects\JAVA_FRONT_END_DESKTOP_PDV\target\classes;C:\Users\leona\.m2\repository\org\projectlombok\lombok\1.18.32\lombok-1.18.32.jar;C:\Users\leona\.m2\repository\com\fasterxml\jackson\core\jackson-databind\2.17.1\jackson-databind-2.17.1.jar;C:\Users\leona\.m2\repository\com\fasterxml\jackson\core\jackson-annotations\2.17.1\jackson-annotations-2.17.1.jar;C:\Users\leona\.m2\repository\com\fasterxml\jackson\core\jackson-core\2.17.1\jackson-core-2.17.1.jar;C:\Users\leona\.m2\repository\org\json\json\20211205\json-20211205.jar
Launcher Type: SUN_STANDARD

[Global flags]
     intx CICompilerCount                          = 3                                         {product} {ergonomic}
     uint ConcGCThreads                            = 1                                         {product} {ergonomic}
     uint G1ConcRefinementThreads                  = 4                                         {product} {ergonomic}
   size_t G1HeapRegionSize                         = 1048576                                   {product} {ergonomic}
    uintx GCDrainStackTargetSize                   = 64                                        {product} {ergonomic}
   size_t InitialHeapSize                          = 67108864                                  {product} {ergonomic}
   size_t MarkStackSize                            = 4194304                                   {product} {ergonomic}
   size_t MaxHeapSize                              = 1050673152                                {product} {ergonomic}
   size_t MaxNewSize                               = 630194176                                 {product} {ergonomic}
   size_t MinHeapDeltaBytes                        = 1048576                                   {product} {ergonomic}
   size_t MinHeapSize                              = 8388608                                   {product} {ergonomic}
    uintx NonNMethodCodeHeapSize                   = 5832780                                {pd product} {ergonomic}
    uintx NonProfiledCodeHeapSize                  = 122912730                              {pd product} {ergonomic}
    uintx ProfiledCodeHeapSize                     = 122912730                              {pd product} {ergonomic}
    uintx ReservedCodeCacheSize                    = 251658240                              {pd product} {ergonomic}
     bool SegmentedCodeCache                       = true                                      {product} {ergonomic}
   size_t SoftMaxHeapSize                          = 1050673152                             {manageable} {ergonomic}
     bool UseCompressedOops                        = true                           {product lp64_product} {ergonomic}
     bool UseG1GC                                  = true                                      {product} {ergonomic}
     bool UseLargePagesIndividualAllocation        = false                                  {pd product} {ergonomic}

Logging:
Log output configuration:
 #0: stdout all=warning uptime,level,tags foldmultilines=false
 #1: stderr all=off uptime,level,tags foldmultilines=false

Environment Variables:
JAVA_HOME=C:\Program Files\Java\jdk-21
PATH=C:\Program Files\Common Files\Oracle\Java\javapath;C:\Windows\system32;C:\Windows;C:\Windows\System32\Wbem;C:\Windows\System32\WindowsPowerShell\v1.0\;C:\Windows\System32\OpenSSH\;C:\Program Files\dotnet\;C:\Program Files\Git\cmd;C:\Users\leona\AppData\Local\Microsoft\WindowsApps;C:\Users\leona\AppData\Local\GitHubDesktop\bin;C:\Program Files\JetBrains\IntelliJ IDEA 2024.1.1\bin;;C:\Users\leona\AppData\Local\Programs\Microsoft VS Code\bin
USERNAME=leona
OS=Windows_NT
PROCESSOR_IDENTIFIER=Intel64 Family 6 Model 69 Stepping 1, GenuineIntel
TMP=C:\Users\leona\AppData\Local\Temp
TEMP=C:\Users\leona\AppData\Local\Temp




Periodic native trim disabled

---------------  S Y S T E M  ---------------

OS:
 Windows 10 , 64 bit Build 19041 (10.0.19041.3636)
OS uptime: 13 days 12:30 hours

CPU: total 4 (initial active 4) (2 cores per cpu, 2 threads per core) family 6 model 69 stepping 1 microcode 0x25, cx8, cmov, fxsr, ht, mmx, sse, sse2, sse3, ssse3, sse4.1, sse4.2, popcnt, lzcnt, tsc, tscinvbit, avx, avx2, aes, erms, clmul, bmi1, bmi2, fma, vzeroupper, clflush, rdtscp, f16c
Processor Information for all 4 processors :
  Max Mhz: 1701, Current Mhz: 1701, Mhz Limit: 1701

Memory: 4k page, system-wide physical 4000M (307M free)
TotalPageFile size 16288M (AvailPageFile size 5M)
current process WorkingSet (physical memory assigned to process): 113M, peak: 113M
current process commit charge ("private bytes"): 176M, peak: 177M

vm_info: Java HotSpot(TM) 64-Bit Server VM (21.0.2+13-LTS-58) for windows-amd64 JRE (21.0.2+13-LTS-58), built on 2024-01-05T18:32:24Z by "mach5one" with MS VC++ 17.1 (VS2022)

END.
